#
# There is insufficient memory for the Java Runtime Environment to continue.
# Native memory allocation (mmap) failed to map 16252928 bytes for committing reserved memory.
# Possible reasons:
#   The system is out of physical RAM or swap space
#   The process is running with CompressedOops enabled, and the Java Heap may be blocking the growth of the native heap
# Possible solutions:
#   Reduce memory load on the system
#   Increase physical memory or swap space
#   Check if swap backing store is full
#   Decrease Java heap size (-Xmx/-Xms)
#   Decrease number of Java threads
#   Decrease Java thread stack sizes (-Xss)
#   Set larger code cache with -XX:ReservedCodeCacheSize=
#   JVM is running with Unscaled Compressed Oops mode in which the Java heap is
#     placed in the first 4GB address space. The Java Heap base address is the
#     maximum limit for the native heap growth. Please use -XX:HeapBaseMinAddress
#     to set the Java Heap base and to place the Java Heap above 4GB virtual address.
# This output file may be truncated or incomplete.
#
#  Out of Memory Error (os_linux.cpp:2749), pid=3134, tid=0x00007f85e36f6700
#
# JRE version: Java(TM) SE Runtime Environment (8.0_201-b09) (build 1.8.0_201-b09)
# Java VM: Java HotSpot(TM) 64-Bit Server VM (25.201-b09 mixed mode linux-amd64 compressed oops)
# Failed to write core dump. Core dumps have been disabled. To enable core dumping, try "ulimit -c unlimited" before starting Java again
#

---------------  T H R E A D  ---------------

Current thread (0x00007f85f8140800):  VMThread [stack: 0x00007f85e35f7000,0x00007f85e36f7000] [id=3140]

Stack: [0x00007f85e35f7000,0x00007f85e36f7000],  sp=0x00007f85e36f53f0,  free space=1016k
Native frames: (J=compiled Java code, j=interpreted, Vv=VM code, C=native code)
V  [libjvm.so+0xad3525]  VMError::report_and_die()+0x2e5
V  [libjvm.so+0x4e0457]  report_vm_out_of_memory(char const*, int, unsigned long, VMErrorType, char const*)+0x67
V  [libjvm.so+0x9102f0]  os::pd_commit_memory(char*, unsigned long, unsigned long, bool)+0x100
V  [libjvm.so+0x90791f]  os::commit_memory(char*, unsigned long, unsigned long, bool)+0x1f
V  [libjvm.so+0x98c806]  PSVirtualSpace::expand_by(unsigned long)+0x56
V  [libjvm.so+0x98da98]  PSYoungGen::resize(unsigned long, unsigned long)+0xd8
V  [libjvm.so+0x98a236]  PSScavenge::invoke_no_policy()+0x1376
V  [libjvm.so+0x98a5cc]  PSScavenge::invoke()+0x4c
V  [libjvm.so+0x93a318]  ParallelScavengeHeap::failed_mem_allocate(unsigned long)+0x68
V  [libjvm.so+0xad5073]  VM_ParallelGCFailedAllocation::doit()+0x93
V  [libjvm.so+0xada296]  VM_Operation::evaluate()+0x46
V  [libjvm.so+0xad85cd]  VMThread::evaluate_operation(VM_Operation*) [clone .constprop.44]+0xcd
V  [libjvm.so+0xad8bb3]  VMThread::loop()+0x3a3
V  [libjvm.so+0xad8f88]  VMThread::run()+0x78
V  [libjvm.so+0x90d922]  java_start(Thread*)+0x102

VM_Operation (0x00007f85dbefb850): ParallelGCFailedAllocation, mode: safepoint, requested by thread 0x00007f85f8316800


---------------  P R O C E S S  ---------------

Java Threads: ( => current thread )
  0x00007f85f800b000 JavaThread "DestroyJavaVM" [_thread_blocked, id=3135, stack(0x00007f8601be2000,0x00007f8601ce2000)]
  0x00007f85f8316800 JavaThread "AWT-EventQueue-0" [_thread_blocked, id=3152, stack(0x00007f85dbdfe000,0x00007f85dbeff000)]
  0x00007f85f8315000 JavaThread "AWT-Shutdown" [_thread_blocked, id=3151, stack(0x00007f85dbeff000,0x00007f85dc000000)]
  0x00007f85f8310800 JavaThread "AWT-XAWT" daemon [_thread_blocked, id=3150, stack(0x00007f85e00bc000,0x00007f85e01bd000)]
  0x00007f85f82f0800 JavaThread "Java2D Disposer" daemon [_thread_blocked, id=3149, stack(0x00007f85e05cd000,0x00007f85e06ce000)]
  0x00007f85f81a3000 JavaThread "Service Thread" daemon [_thread_blocked, id=3147, stack(0x00007f85e2520000,0x00007f85e2621000)]
  0x00007f85f8186000 JavaThread "C1 CompilerThread2" daemon [_thread_blocked, id=3146, stack(0x00007f85e2622000,0x00007f85e2722000)]
  0x00007f85f8184000 JavaThread "C2 CompilerThread1" daemon [_thread_blocked, id=3145, stack(0x00007f85e2723000,0x00007f85e2823000)]
  0x00007f85f8181000 JavaThread "C2 CompilerThread0" daemon [_thread_blocked, id=3144, stack(0x00007f85e2824000,0x00007f85e2924000)]
  0x00007f85f8180000 JavaThread "Signal Dispatcher" daemon [_thread_blocked, id=3143, stack(0x00007f85e2924000,0x00007f85e2a25000)]
  0x00007f85f814c800 JavaThread "Finalizer" daemon [_thread_blocked, id=3142, stack(0x00007f85e33f4000,0x00007f85e34f5000)]
  0x00007f85f814a000 JavaThread "Reference Handler" daemon [_thread_blocked, id=3141, stack(0x00007f85e34f5000,0x00007f85e35f6000)]

Other Threads:
=>0x00007f85f8140800 VMThread [stack: 0x00007f85e35f7000,0x00007f85e36f7000] [id=3140]
  0x00007f85f81a6000 WatcherThread [stack: 0x00007f85e2420000,0x00007f85e2520000] [id=3148]

VM state:at safepoint (normal execution)

VM Mutex/Monitor currently owned by a thread:  ([mutex/lock_event])
[0x00007f85f80078c0] Threads_lock - owner thread: 0x00007f85f8140800
[0x00007f85f8007dc0] Heap_lock - owner thread: 0x00007f85f8316800

heap address: 0x00000000c2400000, size: 988 MB, Compressed Oops mode: 32-bit
Narrow klass base: 0x0000000000000000, Narrow klass shift: 3
Compressed class space size: 1073741824 Address: 0x0000000100000000

Heap:
 PSYoungGen      total 18432K, used 2084K [0x00000000eb700000, 0x00000000ecb80000, 0x0000000100000000)
  eden space 15872K, 0% used [0x00000000eb700000,0x00000000eb700000,0x00000000ec680000)
  from space 2560K, 81% used [0x00000000ec680000,0x00000000ec889250,0x00000000ec900000)
  to   space 2560K, 0% used [0x00000000ec900000,0x00000000ec900000,0x00000000ecb80000)
 ParOldGen       total 42496K, used 8K [0x00000000c2400000, 0x00000000c4d80000, 0x00000000eb700000)
  object space 42496K, 0% used [0x00000000c2400000,0x00000000c2402000,0x00000000c4d80000)
 Metaspace       used 12788K, capacity 13048K, committed 13312K, reserved 1060864K
  class space    used 1440K, capacity 1522K, committed 1536K, reserved 1048576K

Card table byte_map: [0x00007f85fe6ce000,0x00007f85fe8bd000] byte_map_base: 0x00007f85fe0bc000

Marking Bits: (ParMarkBitMap*) 0x00007f860108ad80
 Begin Bits: [0x00007f85fc2a0000, 0x00007f85fd210000)
 End Bits:   [0x00007f85fd210000, 0x00007f85fe180000)

Polling page: 0x00007f8601cfa000

CodeCache: size=245760Kb used=5922Kb max_used=5932Kb free=239838Kb
 bounds [0x00007f85e9000000, 0x00007f85e95d0000, 0x00007f85f8000000]
 total_blobs=2299 nmethods=1754 adapters=458
 compilation: enabled

Compilation events (10 events):
Event: 28.300 Thread 0x00007f85f8186000 1756       3       sun.awt.im.InputContext::dispatchEvent (173 bytes)
Event: 28.302 Thread 0x00007f85f8186000 nmethod 1756 0x00007f85e95c74d0 code [0x00007f85e95c7820, 0x00007f85e95c9bd8]
Event: 28.302 Thread 0x00007f85f8186000 1757       3       java.lang.reflect.Field::getBoolean (51 bytes)
Event: 28.302 Thread 0x00007f85f8186000 nmethod 1757 0x00007f85e95ca550 code [0x00007f85e95ca720, 0x00007f85e95cad48]
Event: 28.302 Thread 0x00007f85f8186000 1758       3       sun.reflect.UnsafeBooleanFieldAccessorImpl::getBoolean (17 bytes)
Event: 28.303 Thread 0x00007f85f8186000 nmethod 1758 0x00007f85e95caf50 code [0x00007f85e95cb120, 0x00007f85e95cbb78]
Event: 28.316 Thread 0x00007f85f8186000 1760       3       sun.awt.X11InputMethod::dispatchEvent (1 bytes)
Event: 28.316 Thread 0x00007f85f8186000 nmethod 1760 0x00007f85e95bf3d0 code [0x00007f85e95bf520, 0x00007f85e95bf670]
Event: 28.329 Thread 0x00007f85f8184000 nmethod 1752 0x00007f85e95bd910 code [0x00007f85e95bda80, 0x00007f85e95bdc18]
Event: 28.560 Thread 0x00007f85f8181000 1762   !   4       sun.awt.X11.XToolkit::windowToXWindow (27 bytes)

GC Heap History (1 events):
Event: 28.562 GC heap before
{Heap before GC invocations=1 (full 0):
 PSYoungGen      total 18432K, used 15872K [0x00000000eb700000, 0x00000000ecb80000, 0x0000000100000000)
  eden space 15872K, 100% used [0x00000000eb700000,0x00000000ec680000,0x00000000ec680000)
  from space 2560K, 0% used [0x00000000ec900000,0x00000000ec900000,0x00000000ecb80000)
  to   space 2560K, 0% used [0x00000000ec680000,0x00000000ec680000,0x00000000ec900000)
 ParOldGen       total 42496K, used 0K [0x00000000c2400000, 0x00000000c4d80000, 0x00000000eb700000)
  object space 42496K, 0% used [0x00000000c2400000,0x00000000c2400000,0x00000000c4d80000)
 Metaspace       used 12788K, capacity 13048K, committed 13312K, reserved 1060864K
  class space    used 1440K, capacity 1522K, committed 1536K, reserved 1048576K

Deoptimization events (10 events):
Event: 0.941 Thread 0x00007f85f8316800 Uncommon trap: reason=class_check action=maybe_recompile pc=0x00007f85e92444c4 method=sun.java2d.SunGraphics2D.drawLine(IIII)V @ 10
Event: 0.945 Thread 0x00007f85f8316800 Uncommon trap: reason=unstable_if action=reinterpret pc=0x00007f85e9239cb4 method=sun.java2d.xr.XRSurfaceData.validateAsDestination(Lsun/java2d/SunGraphics2D;Lsun/java2d/pipe/Region;)V @ 24
Event: 0.946 Thread 0x00007f85f8316800 Uncommon trap: reason=unstable_if action=reinterpret pc=0x00007f85e9247a94 method=sun.java2d.xr.XRCompositeManager.validateCompositeState(Ljava/awt/Composite;Ljava/awt/geom/AffineTransform;Ljava/awt/Paint;Lsun/java2d/SunGraphics2D;)V @ 5
Event: 0.946 Thread 0x00007f85f8316800 Uncommon trap: reason=unstable_if action=reinterpret pc=0x00007f85e92415e0 method=sun.java2d.xr.XRDrawLine.rasterizeLine(Lsun/java2d/xr/GrowableRectArray;IIIIIIIIZZ)V @ 52
Event: 0.961 Thread 0x00007f85f8316800 Uncommon trap: reason=unstable_if action=reinterpret pc=0x00007f85e9231ccc method=java.lang.Math.abs(I)I @ 1
Event: 3.253 Thread 0x00007f85f8316800 Uncommon trap: reason=unstable_if action=reinterpret pc=0x00007f85e923f12c method=sun.java2d.xr.XRDrawLine.clipCoordinates(IIIIZIIII)Z @ 57
Event: 3.333 Thread 0x00007f85f8316800 Uncommon trap: reason=unstable_if action=reinterpret pc=0x00007f85e923f818 method=sun.java2d.xr.XRCompositeManager.maskRequired()Z @ 11
Event: 3.333 Thread 0x00007f85f8316800 Uncommon trap: reason=unstable_if action=reinterpret pc=0x00007f85e923ec54 method=sun.java2d.xr.XRCompositeManager.maskRequired()Z @ 11
Event: 9.524 Thread 0x00007f85f8316800 Uncommon trap: reason=unstable_if action=reinterpret pc=0x00007f85e93fd3e8 method=sun.java2d.loops.ProcessPath.TESTANDCLIP(FF[FIIII)I @ 16
Event: 22.679 Thread 0x00007f85f8316800 Uncommon trap: reason=unstable_if action=reinterpret pc=0x00007f85e9295e44 method=java.awt.Component.inside(II)Z @ 21

Classes redefined (0 events):
No events

Internal exceptions (10 events):
Event: 0.060 Thread 0x00007f85f800b000 Exception <a 'java/lang/NoSuchMethodError': Method sun.misc.Unsafe.prefetchRead(Ljava/lang/Object;J)V name or signature does not match> (0x00000000eb707f98) thrown at [/HUDSON/workspace/8-2-build-linux-amd64/jdk8u201/12317/hotspot/src/share/vm/prims/jni.c
Event: 0.176 Thread 0x00007f85f800b000 Exception <a 'java/security/PrivilegedActionException'> (0x00000000eb786a78) thrown at [/HUDSON/workspace/8-2-build-linux-amd64/jdk8u201/12317/hotspot/src/share/vm/prims/jvm.cpp, line 1502]
Event: 0.176 Thread 0x00007f85f800b000 Exception <a 'java/security/PrivilegedActionException'> (0x00000000eb786c88) thrown at [/HUDSON/workspace/8-2-build-linux-amd64/jdk8u201/12317/hotspot/src/share/vm/prims/jvm.cpp, line 1502]
Event: 0.177 Thread 0x00007f85f800b000 Exception <a 'java/security/PrivilegedActionException'> (0x00000000eb7890f0) thrown at [/HUDSON/workspace/8-2-build-linux-amd64/jdk8u201/12317/hotspot/src/share/vm/prims/jvm.cpp, line 1502]
Event: 0.177 Thread 0x00007f85f800b000 Exception <a 'java/security/PrivilegedActionException'> (0x00000000eb789300) thrown at [/HUDSON/workspace/8-2-build-linux-amd64/jdk8u201/12317/hotspot/src/share/vm/prims/jvm.cpp, line 1502]
Event: 0.240 Thread 0x00007f85f800b000 Exception <a 'java/lang/NoSuchFieldError': method resolution failed> (0x00000000eb8a83d0) thrown at [/HUDSON/workspace/8-2-build-linux-amd64/jdk8u201/12317/hotspot/src/share/vm/prims/methodHandles.cpp, line 1167]
Event: 0.242 Thread 0x00007f85f800b000 Exception <a 'java/lang/NoSuchFieldError': method resolution failed> (0x00000000eb8b5bd0) thrown at [/HUDSON/workspace/8-2-build-linux-amd64/jdk8u201/12317/hotspot/src/share/vm/prims/methodHandles.cpp, line 1167]
Event: 0.282 Thread 0x00007f85f800b000 Exception <a 'java/io/FileNotFoundException'> (0x00000000eb935508) thrown at [/HUDSON/workspace/8-2-build-linux-amd64/jdk8u201/12317/hotspot/src/share/vm/prims/jni.cpp, line 709]
Event: 0.282 Thread 0x00007f85f800b000 Exception <a 'java/io/FileNotFoundException'> (0x00000000eb935ed8) thrown at [/HUDSON/workspace/8-2-build-linux-amd64/jdk8u201/12317/hotspot/src/share/vm/prims/jni.cpp, line 709]
Event: 1.018 Thread 0x00007f85f8316800 Exception <a 'java/lang/UnsupportedOperationException': > (0x00000000ebce5760) thrown at [/HUDSON/workspace/8-2-build-linux-amd64/jdk8u201/12317/hotspot/src/share/vm/prims/jni.cpp, line 735]

Events (10 events):
Event: 3.442 Thread 0x00007f85f8316800 DEOPT UNPACKING pc=0x00007f85e9047784 sp=0x00007f85dbefa800 mode 0
Event: 4.160 Executing VM operation: EnableBiasedLocking
Event: 4.161 Executing VM operation: EnableBiasedLocking done
Event: 9.524 Thread 0x00007f85f8316800 Uncommon trap: trap_request=0xffffff65 fr.pc=0x00007f85e93fd3e8
Event: 9.524 Thread 0x00007f85f8316800 DEOPT PACKING pc=0x00007f85e93fd3e8 sp=0x00007f85dbefa960
Event: 9.524 Thread 0x00007f85f8316800 DEOPT UNPACKING pc=0x00007f85e904573a sp=0x00007f85dbefa8f8 mode 2
Event: 22.678 Thread 0x00007f85f8316800 Uncommon trap: trap_request=0xffffff65 fr.pc=0x00007f85e9295e44
Event: 22.680 Thread 0x00007f85f8316800 DEOPT PACKING pc=0x00007f85e9295e44 sp=0x00007f85dbefc1e0
Event: 22.681 Thread 0x00007f85f8316800 DEOPT UNPACKING pc=0x00007f85e904573a sp=0x00007f85dbefc0b0 mode 2
Event: 28.561 Executing VM operation: ParallelGCFailedAllocation


Dynamic libraries:
00400000-00401000 r-xp 00000000 08:01 42259                              /usr/lib/jvm/java-8-oracle/jre/bin/java
00600000-00601000 r--p 00000000 08:01 42259                              /usr/lib/jvm/java-8-oracle/jre/bin/java
00601000-00602000 rw-p 00001000 08:01 42259                              /usr/lib/jvm/java-8-oracle/jre/bin/java
02261000-02282000 rw-p 00000000 00:00 0                                  [heap]
c2400000-c4d80000 rw-p 00000000 00:00 0 
c4d80000-eb700000 ---p 00000000 00:00 0 
eb700000-ecb80000 rw-p 00000000 00:00 0 
edb00000-100000000 ---p 00000000 00:00 0 
100000000-100180000 rw-p 00000000 00:00 0 
100180000-140000000 ---p 00000000 00:00 0 
7f859c000000-7f859c021000 rw-p 00000000 00:00 0 
7f859c021000-7f85a0000000 ---p 00000000 00:00 0 
7f85a0000000-7f85a058d000 rw-p 00000000 00:00 0 
7f85a058d000-7f85a4000000 ---p 00000000 00:00 0 
7f85a4000000-7f85a4021000 rw-p 00000000 00:00 0 
7f85a4021000-7f85a8000000 ---p 00000000 00:00 0 
7f85a8000000-7f85a803e000 rw-p 00000000 00:00 0 
7f85a803e000-7f85ac000000 ---p 00000000 00:00 0 
7f85ac000000-7f85ac021000 rw-p 00000000 00:00 0 
7f85ac021000-7f85b0000000 ---p 00000000 00:00 0 
7f85b0000000-7f85b0021000 rw-p 00000000 00:00 0 
7f85b0021000-7f85b4000000 ---p 00000000 00:00 0 
7f85b4000000-7f85b45e5000 rw-p 00000000 00:00 0 
7f85b45e5000-7f85b8000000 ---p 00000000 00:00 0 
7f85b8000000-7f85b8774000 rw-p 00000000 00:00 0 
7f85b8774000-7f85bc000000 ---p 00000000 00:00 0 
7f85bc000000-7f85bc021000 rw-p 00000000 00:00 0 
7f85bc021000-7f85c0000000 ---p 00000000 00:00 0 
7f85c0000000-7f85c0551000 rw-p 00000000 00:00 0 
7f85c0551000-7f85c4000000 ---p 00000000 00:00 0 
7f85c4000000-7f85c4021000 rw-p 00000000 00:00 0 
7f85c4021000-7f85c8000000 ---p 00000000 00:00 0 
7f85c8000000-7f85c8021000 rw-p 00000000 00:00 0 
7f85c8021000-7f85cc000000 ---p 00000000 00:00 0 
7f85cc000000-7f85cc021000 rw-p 00000000 00:00 0 
7f85cc021000-7f85d0000000 ---p 00000000 00:00 0 
7f85d0000000-7f85d029b000 rw-p 00000000 00:00 0 
7f85d029b000-7f85d4000000 ---p 00000000 00:00 0 
7f85d4000000-7f85d4021000 rw-p 00000000 00:00 0 
7f85d4021000-7f85d8000000 ---p 00000000 00:00 0 
7f85db361000-7f85db4e1000 rw-p 00000000 00:00 0 
7f85db4e1000-7f85db561000 ---p 00000000 00:00 0 
7f85db561000-7f85db5cd000 r-xp 00000000 08:01 42550                      /usr/lib/jvm/java-8-oracle/jre/lib/amd64/libt2k.so
7f85db5cd000-7f85db7cd000 ---p 0006c000 08:01 42550                      /usr/lib/jvm/java-8-oracle/jre/lib/amd64/libt2k.so
7f85db7cd000-7f85db7d3000 r--p 0006c000 08:01 42550                      /usr/lib/jvm/java-8-oracle/jre/lib/amd64/libt2k.so
7f85db7d3000-7f85db7d4000 rw-p 00072000 08:01 42550                      /usr/lib/jvm/java-8-oracle/jre/lib/amd64/libt2k.so
7f85db7d4000-7f85db7e5000 r-xp 00000000 08:01 42585                      /usr/lib/jvm/java-8-oracle/jre/lib/amd64/libnio.so
7f85db7e5000-7f85db9e4000 ---p 00011000 08:01 42585                      /usr/lib/jvm/java-8-oracle/jre/lib/amd64/libnio.so
7f85db9e4000-7f85db9e5000 r--p 00010000 08:01 42585                      /usr/lib/jvm/java-8-oracle/jre/lib/amd64/libnio.so
7f85db9e5000-7f85db9e6000 rw-p 00011000 08:01 42585                      /usr/lib/jvm/java-8-oracle/jre/lib/amd64/libnio.so
7f85db9e6000-7f85db9fc000 r-xp 00000000 08:01 42582                      /usr/lib/jvm/java-8-oracle/jre/lib/amd64/libnet.so
7f85db9fc000-7f85dbbfc000 ---p 00016000 08:01 42582                      /usr/lib/jvm/java-8-oracle/jre/lib/amd64/libnet.so
7f85dbbfc000-7f85dbbfd000 r--p 00016000 08:01 42582                      /usr/lib/jvm/java-8-oracle/jre/lib/amd64/libnet.so
7f85dbbfd000-7f85dbbfe000 rw-p 00017000 08:01 42582                      /usr/lib/jvm/java-8-oracle/jre/lib/amd64/libnet.so
7f85dbbfe000-7f85dbdfe000 rw-p 00000000 00:00 0 
7f85dbdfe000-7f85dbe01000 ---p 00000000 00:00 0 
7f85dbe01000-7f85dbeff000 rw-p 00000000 00:00 0 
7f85dbeff000-7f85dbf02000 ---p 00000000 00:00 0 
7f85dbf02000-7f85dc000000 rw-p 00000000 00:00 0 
7f85dc000000-7f85dc021000 rw-p 00000000 00:00 0 
7f85dc021000-7f85e0000000 ---p 00000000 00:00 0 
7f85e00bc000-7f85e00bf000 ---p 00000000 00:00 0 
7f85e00bf000-7f85e01bd000 rw-p 00000000 00:00 0 
7f85e01bd000-7f85e01c2000 r-xp 00000000 08:01 4714                       /usr/lib/x86_64-linux-gnu/libXfixes.so.3.1.0
7f85e01c2000-7f85e03c1000 ---p 00005000 08:01 4714                       /usr/lib/x86_64-linux-gnu/libXfixes.so.3.1.0
7f85e03c1000-7f85e03c2000 r--p 00004000 08:01 4714                       /usr/lib/x86_64-linux-gnu/libXfixes.so.3.1.0
7f85e03c2000-7f85e03c3000 rw-p 00005000 08:01 4714                       /usr/lib/x86_64-linux-gnu/libXfixes.so.3.1.0
7f85e03c3000-7f85e03cc000 r-xp 00000000 08:01 4706                       /usr/lib/x86_64-linux-gnu/libXcursor.so.1.0.2
7f85e03cc000-7f85e05cb000 ---p 00009000 08:01 4706                       /usr/lib/x86_64-linux-gnu/libXcursor.so.1.0.2
7f85e05cb000-7f85e05cc000 r--p 00008000 08:01 4706                       /usr/lib/x86_64-linux-gnu/libXcursor.so.1.0.2
7f85e05cc000-7f85e05cd000 rw-p 00009000 08:01 4706                       /usr/lib/x86_64-linux-gnu/libXcursor.so.1.0.2
7f85e05cd000-7f85e05d0000 ---p 00000000 00:00 0 
7f85e05d0000-7f85e06ce000 rw-p 00000000 00:00 0 
7f85e06ce000-7f85e06e5000 r-xp 00000000 08:01 399720                     /lib/x86_64-linux-gnu/libgcc_s.so.1
7f85e06e5000-7f85e08e4000 ---p 00017000 08:01 399720                     /lib/x86_64-linux-gnu/libgcc_s.so.1
7f85e08e4000-7f85e08e5000 r--p 00016000 08:01 399720                     /lib/x86_64-linux-gnu/libgcc_s.so.1
7f85e08e5000-7f85e08e6000 rw-p 00017000 08:01 399720                     /lib/x86_64-linux-gnu/libgcc_s.so.1
7f85e08e6000-7f85e0943000 r-xp 00000000 08:01 42562                      /usr/lib/jvm/java-8-oracle/jre/lib/amd64/libfontmanager.so
7f85e0943000-7f85e0b43000 ---p 0005d000 08:01 42562                      /usr/lib/jvm/java-8-oracle/jre/lib/amd64/libfontmanager.so
7f85e0b43000-7f85e0b46000 r--p 0005d000 08:01 42562                      /usr/lib/jvm/java-8-oracle/jre/lib/amd64/libfontmanager.so
7f85e0b46000-7f85e0b47000 rw-p 00060000 08:01 42562                      /usr/lib/jvm/java-8-oracle/jre/lib/amd64/libfontmanager.so
7f85e0b47000-7f85e0b5a000 r-xp 00000000 08:01 400043                     /lib/x86_64-linux-gnu/libbsd.so.0.8.7
7f85e0b5a000-7f85e0d59000 ---p 00013000 08:01 400043                     /lib/x86_64-linux-gnu/libbsd.so.0.8.7
7f85e0d59000-7f85e0d5a000 r--p 00012000 08:01 400043                     /lib/x86_64-linux-gnu/libbsd.so.0.8.7
7f85e0d5a000-7f85e0d5b000 rw-p 00013000 08:01 400043                     /lib/x86_64-linux-gnu/libbsd.so.0.8.7
7f85e0d5b000-7f85e0d5c000 rw-p 00000000 00:00 0 
7f85e0d5c000-7f85e0d61000 r-xp 00000000 08:01 4710                       /usr/lib/x86_64-linux-gnu/libXdmcp.so.6.0.0
7f85e0d61000-7f85e0f60000 ---p 00005000 08:01 4710                       /usr/lib/x86_64-linux-gnu/libXdmcp.so.6.0.0
7f85e0f60000-7f85e0f61000 r--p 00004000 08:01 4710                       /usr/lib/x86_64-linux-gnu/libXdmcp.so.6.0.0
7f85e0f61000-7f85e0f62000 rw-p 00005000 08:01 4710                       /usr/lib/x86_64-linux-gnu/libXdmcp.so.6.0.0
7f85e0f62000-7f85e0f64000 r-xp 00000000 08:01 4699                       /usr/lib/x86_64-linux-gnu/libXau.so.6.0.0
7f85e0f64000-7f85e1164000 ---p 00002000 08:01 4699                       /usr/lib/x86_64-linux-gnu/libXau.so.6.0.0
7f85e1164000-7f85e1165000 r--p 00002000 08:01 4699                       /usr/lib/x86_64-linux-gnu/libXau.so.6.0.0
7f85e1165000-7f85e1166000 rw-p 00003000 08:01 4699                       /usr/lib/x86_64-linux-gnu/libXau.so.6.0.0
7f85e1166000-7f85e118c000 r-xp 00000000 08:01 5914                       /usr/lib/x86_64-linux-gnu/libxcb.so.1.1.0
7f85e118c000-7f85e138c000 ---p 00026000 08:01 5914                       /usr/lib/x86_64-linux-gnu/libxcb.so.1.1.0
7f85e138c000-7f85e138d000 r--p 00026000 08:01 5914                       /usr/lib/x86_64-linux-gnu/libxcb.so.1.1.0
7f85e138d000-7f85e138e000 rw-p 00027000 08:01 5914                       /usr/lib/x86_64-linux-gnu/libxcb.so.1.1.0
7f85e138e000-7f85e139d000 r-xp 00000000 08:01 4720                       /usr/lib/x86_64-linux-gnu/libXi.so.6.1.0
7f85e139d000-7f85e159c000 ---p 0000f000 08:01 4720                       /usr/lib/x86_64-linux-gnu/libXi.so.6.1.0
7f85e159c000-7f85e159d000 r--p 0000e000 08:01 4720                       /usr/lib/x86_64-linux-gnu/libXi.so.6.1.0
7f85e159d000-7f85e159e000 rw-p 0000f000 08:01 4720                       /usr/lib/x86_64-linux-gnu/libXi.so.6.1.0
7f85e159e000-7f85e15a3000 r-xp 00000000 08:01 4738                       /usr/lib/x86_64-linux-gnu/libXtst.so.6.1.0
7f85e15a3000-7f85e17a2000 ---p 00005000 08:01 4738                       /usr/lib/x86_64-linux-gnu/libXtst.so.6.1.0
7f85e17a2000-7f85e17a3000 r--p 00004000 08:01 4738                       /usr/lib/x86_64-linux-gnu/libXtst.so.6.1.0
7f85e17a3000-7f85e17a4000 rw-p 00005000 08:01 4738                       /usr/lib/x86_64-linux-gnu/libXtst.so.6.1.0
7f85e17a4000-7f85e17ad000 r-xp 00000000 08:01 4732                       /usr/lib/x86_64-linux-gnu/libXrender.so.1.3.0
7f85e17ad000-7f85e19ac000 ---p 00009000 08:01 4732                       /usr/lib/x86_64-linux-gnu/libXrender.so.1.3.0
7f85e19ac000-7f85e19ad000 r--p 00008000 08:01 4732                       /usr/lib/x86_64-linux-gnu/libXrender.so.1.3.0
7f85e19ad000-7f85e19ae000 rw-p 00009000 08:01 4732                       /usr/lib/x86_64-linux-gnu/libXrender.so.1.3.0
7f85e19ae000-7f85e1ae1000 r-xp 00000000 08:01 120                        /usr/lib/x86_64-linux-gnu/libX11.so.6.3.0
7f85e1ae1000-7f85e1ce1000 ---p 00133000 08:01 120                        /usr/lib/x86_64-linux-gnu/libX11.so.6.3.0
7f85e1ce1000-7f85e1ce2000 r--p 00133000 08:01 120                        /usr/lib/x86_64-linux-gnu/libX11.so.6.3.0
7f85e1ce2000-7f85e1ce6000 rw-p 00134000 08:01 120                        /usr/lib/x86_64-linux-gnu/libX11.so.6.3.0
7f85e1ce6000-7f85e1cf7000 r-xp 00000000 08:01 4712                       /usr/lib/x86_64-linux-gnu/libXext.so.6.4.0
7f85e1cf7000-7f85e1ef6000 ---p 00011000 08:01 4712                       /usr/lib/x86_64-linux-gnu/libXext.so.6.4.0
7f85e1ef6000-7f85e1ef7000 r--p 00010000 08:01 4712                       /usr/lib/x86_64-linux-gnu/libXext.so.6.4.0
7f85e1ef7000-7f85e1ef8000 rw-p 00011000 08:01 4712                       /usr/lib/x86_64-linux-gnu/libXext.so.6.4.0
7f85e1ef8000-7f85e1f4b000 r-xp 00000000 08:01 42589                      /usr/lib/jvm/java-8-oracle/jre/lib/amd64/libawt_xawt.so
7f85e1f4b000-7f85e214a000 ---p 00053000 08:01 42589                      /usr/lib/jvm/java-8-oracle/jre/lib/amd64/libawt_xawt.so
7f85e214a000-7f85e214b000 r--p 00052000 08:01 42589                      /usr/lib/jvm/java-8-oracle/jre/lib/amd64/libawt_xawt.so
7f85e214b000-7f85e214e000 rw-p 00053000 08:01 42589                      /usr/lib/jvm/java-8-oracle/jre/lib/amd64/libawt_xawt.so
7f85e214e000-7f85e214f000 rw-p 00000000 00:00 0 
7f85e214f000-7f85e21ef000 r-xp 00000000 08:01 42575                      /usr/lib/jvm/java-8-oracle/jre/lib/amd64/libawt.so
7f85e21ef000-7f85e23ee000 ---p 000a0000 08:01 42575                      /usr/lib/jvm/java-8-oracle/jre/lib/amd64/libawt.so
7f85e23ee000-7f85e23ef000 r--p 0009f000 08:01 42575                      /usr/lib/jvm/java-8-oracle/jre/lib/amd64/libawt.so
7f85e23ef000-7f85e23fa000 rw-p 000a0000 08:01 42575                      /usr/lib/jvm/java-8-oracle/jre/lib/amd64/libawt.so
7f85e23fa000-7f85e241f000 rw-p 00000000 00:00 0 
7f85e241f000-7f85e2420000 ---p 00000000 00:00 0 
7f85e2420000-7f85e2520000 rw-p 00000000 00:00 0 
7f85e2520000-7f85e2523000 ---p 00000000 00:00 0 
7f85e2523000-7f85e2621000 rw-p 00000000 00:00 0 
7f85e2621000-7f85e2622000 ---p 00000000 00:00 0 
7f85e2622000-7f85e2625000 ---p 00000000 00:00 0 
7f85e2625000-7f85e2722000 rw-p 00000000 00:00 0 
7f85e2722000-7f85e2723000 ---p 00000000 00:00 0 
7f85e2723000-7f85e2726000 ---p 00000000 00:00 0 
7f85e2726000-7f85e2823000 rw-p 00000000 00:00 0 
7f85e2823000-7f85e2824000 ---p 00000000 00:00 0 
7f85e2824000-7f85e2827000 ---p 00000000 00:00 0 
7f85e2827000-7f85e2924000 rw-p 00000000 00:00 0 
7f85e2924000-7f85e2927000 ---p 00000000 00:00 0 
7f85e2927000-7f85e2a25000 rw-p 00000000 00:00 0 
7f85e2a25000-7f85e33f4000 r--p 00000000 08:01 3870                       /usr/lib/locale/locale-archive
7f85e33f4000-7f85e33f7000 ---p 00000000 00:00 0 
7f85e33f7000-7f85e34f5000 rw-p 00000000 00:00 0 
7f85e34f5000-7f85e34f8000 ---p 00000000 00:00 0 
7f85e34f8000-7f85e35f6000 rw-p 00000000 00:00 0 
7f85e35f6000-7f85e35f7000 ---p 00000000 00:00 0 
7f85e35f7000-7f85e4000000 rw-p 00000000 00:00 0 
7f85e4000000-7f85e4021000 rw-p 00000000 00:00 0 
7f85e4021000-7f85e8000000 ---p 00000000 00:00 0 
7f85e8020000-7f85e8626000 rw-p 00000000 00:00 0 
7f85e8626000-7f85e8800000 r--s 03d6f000 08:01 42288                      /usr/lib/jvm/java-8-oracle/jre/lib/rt.jar
7f85e8800000-7f85e9000000 rw-p 00000000 00:00 0 
7f85e9000000-7f85e95d0000 rwxp 00000000 00:00 0 
7f85e95d0000-7f85f8000000 ---p 00000000 00:00 0 
7f85f8000000-7f85f8319000 rw-p 00000000 00:00 0 
7f85f8319000-7f85fc000000 ---p 00000000 00:00 0 
7f85fc063000-7f85fe180000 rw-p 00000000 00:00 0 
7f85fe180000-7f85fe181000 ---p 00000000 00:00 0 
7f85fe181000-7f85fe281000 rw-p 00000000 00:00 0 
7f85fe281000-7f85fe282000 ---p 00000000 00:00 0 
7f85fe282000-7f85fe382000 rw-p 00000000 00:00 0 
7f85fe382000-7f85fe383000 ---p 00000000 00:00 0 
7f85fe383000-7f85fe483000 rw-p 00000000 00:00 0 
7f85fe483000-7f85fe484000 ---p 00000000 00:00 0 
7f85fe484000-7f85fe599000 rw-p 00000000 00:00 0 
7f85fe599000-7f85fe6ce000 ---p 00000000 00:00 0 
7f85fe6ce000-7f85fe6e3000 rw-p 00000000 00:00 0 
7f85fe6e3000-7f85fe817000 ---p 00000000 00:00 0 
7f85fe817000-7f85fe822000 rw-p 00000000 00:00 0 
7f85fe822000-7f85fe8bc000 ---p 00000000 00:00 0 
7f85fe8bc000-7f85fe8d5000 rw-p 00000000 00:00 0 
7f85fe8d5000-7f85fec7d000 ---p 00000000 00:00 0 
7f85fec7d000-7f85fec98000 r-xp 00000000 08:01 42578                      /usr/lib/jvm/java-8-oracle/jre/lib/amd64/libzip.so
7f85fec98000-7f85fee97000 ---p 0001b000 08:01 42578                      /usr/lib/jvm/java-8-oracle/jre/lib/amd64/libzip.so
7f85fee97000-7f85fee98000 r--p 0001a000 08:01 42578                      /usr/lib/jvm/java-8-oracle/jre/lib/amd64/libzip.so
7f85fee98000-7f85fee99000 rw-p 0001b000 08:01 42578                      /usr/lib/jvm/java-8-oracle/jre/lib/amd64/libzip.so
7f85fee99000-7f85feea4000 r-xp 00000000 08:01 400137                     /lib/x86_64-linux-gnu/libnss_files-2.27.so
7f85feea4000-7f85ff0a3000 ---p 0000b000 08:01 400137                     /lib/x86_64-linux-gnu/libnss_files-2.27.so
7f85ff0a3000-7f85ff0a4000 r--p 0000a000 08:01 400137                     /lib/x86_64-linux-gnu/libnss_files-2.27.so
7f85ff0a4000-7f85ff0a5000 rw-p 0000b000 08:01 400137                     /lib/x86_64-linux-gnu/libnss_files-2.27.so
7f85ff0a5000-7f85ff0ab000 rw-p 00000000 00:00 0 
7f85ff0ab000-7f85ff0c2000 r-xp 00000000 08:01 400131                     /lib/x86_64-linux-gnu/libnsl-2.27.so
7f85ff0c2000-7f85ff2c1000 ---p 00017000 08:01 400131                     /lib/x86_64-linux-gnu/libnsl-2.27.so
7f85ff2c1000-7f85ff2c2000 r--p 00016000 08:01 400131                     /lib/x86_64-linux-gnu/libnsl-2.27.so
7f85ff2c2000-7f85ff2c3000 rw-p 00017000 08:01 400131                     /lib/x86_64-linux-gnu/libnsl-2.27.so
7f85ff2c3000-7f85ff2c5000 rw-p 00000000 00:00 0 
7f85ff2c5000-7f85ff2d0000 r-xp 00000000 08:01 400148                     /lib/x86_64-linux-gnu/libnss_nis-2.27.so
7f85ff2d0000-7f85ff4cf000 ---p 0000b000 08:01 400148                     /lib/x86_64-linux-gnu/libnss_nis-2.27.so
7f85ff4cf000-7f85ff4d0000 r--p 0000a000 08:01 400148                     /lib/x86_64-linux-gnu/libnss_nis-2.27.so
7f85ff4d0000-7f85ff4d1000 rw-p 0000b000 08:01 400148                     /lib/x86_64-linux-gnu/libnss_nis-2.27.so
7f85ff4d1000-7f85ff4d9000 r-xp 00000000 08:01 400133                     /lib/x86_64-linux-gnu/libnss_compat-2.27.so
7f85ff4d9000-7f85ff6d9000 ---p 00008000 08:01 400133                     /lib/x86_64-linux-gnu/libnss_compat-2.27.so
7f85ff6d9000-7f85ff6da000 r--p 00008000 08:01 400133                     /lib/x86_64-linux-gnu/libnss_compat-2.27.so
7f85ff6da000-7f85ff6db000 rw-p 00009000 08:01 400133                     /lib/x86_64-linux-gnu/libnss_compat-2.27.so
7f85ff6db000-7f85ff707000 r-xp 00000000 08:01 42572                      /usr/lib/jvm/java-8-oracle/jre/lib/amd64/libjava.so
7f85ff707000-7f85ff907000 ---p 0002c000 08:01 42572                      /usr/lib/jvm/java-8-oracle/jre/lib/amd64/libjava.so
7f85ff907000-7f85ff908000 r--p 0002c000 08:01 42572                      /usr/lib/jvm/java-8-oracle/jre/lib/amd64/libjava.so
7f85ff908000-7f85ff90a000 rw-p 0002d000 08:01 42572                      /usr/lib/jvm/java-8-oracle/jre/lib/amd64/libjava.so
7f85ff90a000-7f85ff917000 r-xp 00000000 08:01 42577                      /usr/lib/jvm/java-8-oracle/jre/lib/amd64/libverify.so
7f85ff917000-7f85ffb16000 ---p 0000d000 08:01 42577                      /usr/lib/jvm/java-8-oracle/jre/lib/amd64/libverify.so
7f85ffb16000-7f85ffb18000 r--p 0000c000 08:01 42577                      /usr/lib/jvm/java-8-oracle/jre/lib/amd64/libverify.so
7f85ffb18000-7f85ffb19000 rw-p 0000e000 08:01 42577                      /usr/lib/jvm/java-8-oracle/jre/lib/amd64/libverify.so
7f85ffb19000-7f85ffb20000 r-xp 00000000 08:01 400188                     /lib/x86_64-linux-gnu/librt-2.27.so
7f85ffb20000-7f85ffd1f000 ---p 00007000 08:01 400188                     /lib/x86_64-linux-gnu/librt-2.27.so
7f85ffd1f000-7f85ffd20000 r--p 00006000 08:01 400188                     /lib/x86_64-linux-gnu/librt-2.27.so
7f85ffd20000-7f85ffd21000 rw-p 00007000 08:01 400188                     /lib/x86_64-linux-gnu/librt-2.27.so
7f85ffd21000-7f85ffebe000 r-xp 00000000 08:01 400110                     /lib/x86_64-linux-gnu/libm-2.27.so
7f85ffebe000-7f86000bd000 ---p 0019d000 08:01 400110                     /lib/x86_64-linux-gnu/libm-2.27.so
7f86000bd000-7f86000be000 r--p 0019c000 08:01 400110                     /lib/x86_64-linux-gnu/libm-2.27.so
7f86000be000-7f86000bf000 rw-p 0019d000 08:01 400110                     /lib/x86_64-linux-gnu/libm-2.27.so
7f86000bf000-7f8600da7000 r-xp 00000000 08:01 42600                      /usr/lib/jvm/java-8-oracle/jre/lib/amd64/server/libjvm.so
7f8600da7000-7f8600fa6000 ---p 00ce8000 08:01 42600                      /usr/lib/jvm/java-8-oracle/jre/lib/amd64/server/libjvm.so
7f8600fa6000-7f860103c000 r--p 00ce7000 08:01 42600                      /usr/lib/jvm/java-8-oracle/jre/lib/amd64/server/libjvm.so
7f860103c000-7f860106d000 rw-p 00d7d000 08:01 42600                      /usr/lib/jvm/java-8-oracle/jre/lib/amd64/server/libjvm.so
7f860106d000-7f86010a8000 rw-p 00000000 00:00 0 
7f86010a8000-7f860128f000 r-xp 00000000 08:01 400047                     /lib/x86_64-linux-gnu/libc-2.27.so
7f860128f000-7f860148f000 ---p 001e7000 08:01 400047                     /lib/x86_64-linux-gnu/libc-2.27.so
7f860148f000-7f8601493000 r--p 001e7000 08:01 400047                     /lib/x86_64-linux-gnu/libc-2.27.so
7f8601493000-7f8601495000 rw-p 001eb000 08:01 400047                     /lib/x86_64-linux-gnu/libc-2.27.so
7f8601495000-7f8601499000 rw-p 00000000 00:00 0 
7f8601499000-7f860149c000 r-xp 00000000 08:01 400070                     /lib/x86_64-linux-gnu/libdl-2.27.so
7f860149c000-7f860169b000 ---p 00003000 08:01 400070                     /lib/x86_64-linux-gnu/libdl-2.27.so
7f860169b000-7f860169c000 r--p 00002000 08:01 400070                     /lib/x86_64-linux-gnu/libdl-2.27.so
7f860169c000-7f860169d000 rw-p 00003000 08:01 400070                     /lib/x86_64-linux-gnu/libdl-2.27.so
7f860169d000-7f86016b4000 r-xp 00000000 08:01 42596                      /usr/lib/jvm/java-8-oracle/jre/lib/amd64/jli/libjli.so
7f86016b4000-7f86018b3000 ---p 00017000 08:01 42596                      /usr/lib/jvm/java-8-oracle/jre/lib/amd64/jli/libjli.so
7f86018b3000-7f86018b4000 r--p 00016000 08:01 42596                      /usr/lib/jvm/java-8-oracle/jre/lib/amd64/jli/libjli.so
7f86018b4000-7f86018b5000 rw-p 00017000 08:01 42596                      /usr/lib/jvm/java-8-oracle/jre/lib/amd64/jli/libjli.so
7f86018b5000-7f86018cf000 r-xp 00000000 08:01 400180                     /lib/x86_64-linux-gnu/libpthread-2.27.so
7f86018cf000-7f8601ace000 ---p 0001a000 08:01 400180                     /lib/x86_64-linux-gnu/libpthread-2.27.so
7f8601ace000-7f8601acf000 r--p 00019000 08:01 400180                     /lib/x86_64-linux-gnu/libpthread-2.27.so
7f8601acf000-7f8601ad0000 rw-p 0001a000 08:01 400180                     /lib/x86_64-linux-gnu/libpthread-2.27.so
7f8601ad0000-7f8601ad4000 rw-p 00000000 00:00 0 
7f8601ad4000-7f8601afb000 r-xp 00000000 08:01 400019                     /lib/x86_64-linux-gnu/ld-2.27.so
7f8601afc000-7f8601be1000 rw-p 00000000 00:00 0 
7f8601be1000-7f8601be2000 ---p 00000000 00:00 0 
7f8601be2000-7f8601be5000 ---p 00000000 00:00 0 
7f8601be5000-7f8601ce6000 rw-p 00000000 00:00 0 
7f8601ceb000-7f8601cef000 rw-s 00000000 00:05 9437449                    /SYSV00000000 (deleted)
7f8601cef000-7f8601cf1000 r--s 0000e000 08:01 562598                     /home/ryro/capstone/Chronos/questmaster/target/questmaster-1.0.jar
7f8601cf1000-7f8601cf9000 rw-s 00000000 08:01 24                         /tmp/hsperfdata_ryro/3134
7f8601cf9000-7f8601cfa000 rw-p 00000000 00:00 0 
7f8601cfa000-7f8601cfb000 ---p 00000000 00:00 0 
7f8601cfb000-7f8601cfc000 r--p 00027000 08:01 400019                     /lib/x86_64-linux-gnu/ld-2.27.so
7f8601cfc000-7f8601cfd000 rw-p 00028000 08:01 400019                     /lib/x86_64-linux-gnu/ld-2.27.so
7f8601cfd000-7f8601cfe000 rw-p 00000000 00:00 0 
7fffdb4fc000-7fffdb51d000 rw-p 00000000 00:00 0                          [stack]
7fffdb5c5000-7fffdb5c8000 r--p 00000000 00:00 0                          [vvar]
7fffdb5c8000-7fffdb5ca000 r-xp 00000000 00:00 0                          [vdso]
ffffffffff600000-ffffffffff601000 r-xp 00000000 00:00 0                  [vsyscall]

VM Arguments:
java_command: questmaster-1.0.jar
java_class_path (initial): questmaster-1.0.jar
Launcher Type: SUN_STANDARD

Environment Variables:
JAVA_HOME=/usr/lib/jvm/java-8-oracle
PATH=/usr/local/sbin:/usr/local/bin:/usr/sbin:/usr/bin:/sbin:/bin:/usr/games:/usr/local/games:/snap/bin:/usr/lib/jvm/java-8-oracle/bin:/usr/lib/jvm/java-8-oracle/db/bin:/usr/lib/jvm/java-8-oracle/jre/bin
USERNAME=ryro
SHELL=/bin/bash
DISPLAY=:0

Signal Handlers:
SIGSEGV: [libjvm.so+0xad3e60], sa_mask[0]=11111111011111111101111111111110, sa_flags=SA_RESTART|SA_SIGINFO
SIGBUS: [libjvm.so+0xad3e60], sa_mask[0]=11111111011111111101111111111110, sa_flags=SA_RESTART|SA_SIGINFO
SIGFPE: [libjvm.so+0x90b880], sa_mask[0]=11111111011111111101111111111110, sa_flags=SA_RESTART|SA_SIGINFO
SIGPIPE: [libjvm.so+0x90b880], sa_mask[0]=11111111011111111101111111111110, sa_flags=SA_RESTART|SA_SIGINFO
SIGXFSZ: [libjvm.so+0x90b880], sa_mask[0]=11111111011111111101111111111110, sa_flags=SA_RESTART|SA_SIGINFO
SIGILL: [libjvm.so+0x90b880], sa_mask[0]=11111111011111111101111111111110, sa_flags=SA_RESTART|SA_SIGINFO
SIGUSR1: SIG_DFL, sa_mask[0]=00000000000000000000000000000000, sa_flags=none
SIGUSR2: [libjvm.so+0x90b750], sa_mask[0]=00000000000000000000000000000000, sa_flags=SA_RESTART|SA_SIGINFO
SIGHUP: [libjvm.so+0x90bd70], sa_mask[0]=11111111011111111101111111111110, sa_flags=SA_RESTART|SA_SIGINFO
SIGINT: [libjvm.so+0x90bd70], sa_mask[0]=11111111011111111101111111111110, sa_flags=SA_RESTART|SA_SIGINFO
SIGTERM: [libjvm.so+0x90bd70], sa_mask[0]=11111111011111111101111111111110, sa_flags=SA_RESTART|SA_SIGINFO
SIGQUIT: [libjvm.so+0x90bd70], sa_mask[0]=11111111011111111101111111111110, sa_flags=SA_RESTART|SA_SIGINFO


---------------  S Y S T E M  ---------------

OS:DISTRIB_ID=Ubuntu
DISTRIB_RELEASE=18.04
DISTRIB_CODENAME=bionic
DISTRIB_DESCRIPTION="Ubuntu 18.04.2 LTS"

uname:Linux 4.15.0-46-generic #49-Ubuntu SMP Wed Feb 6 09:33:07 UTC 2019 x86_64
libc:glibc 2.27 NPTL 2.27 
rlimit: STACK 8192k, CORE 0k, NPROC 15541, NOFILE 4096, AS infinity
load average:4.01 1.45 0.84

/proc/meminfo:
MemTotal:        4039168 kB
MemFree:           86332 kB
MemAvailable:          0 kB
Buffers:             284 kB
Cached:          1853752 kB
SwapCached:          604 kB
Active:          3156808 kB
Inactive:         637348 kB
Active(anon):    3151360 kB
Inactive(anon):   630256 kB
Active(file):       5448 kB
Inactive(file):     7092 kB
Unevictable:          32 kB
Mlocked:              32 kB
SwapTotal:        483800 kB
SwapFree:              0 kB
Dirty:                 0 kB
Writeback:           640 kB
AnonPages:       1939524 kB
Mapped:          1686660 kB
Shmem:           1841360 kB
Slab:              66764 kB
SReclaimable:      30136 kB
SUnreclaim:        36628 kB
KernelStack:       10000 kB
PageTables:        45292 kB
NFS_Unstable:          0 kB
Bounce:                0 kB
WritebackTmp:          0 kB
CommitLimit:     2503384 kB
Committed_AS:    8317492 kB
VmallocTotal:   34359738367 kB
VmallocUsed:           0 kB
VmallocChunk:          0 kB
HardwareCorrupted:     0 kB
AnonHugePages:         0 kB
ShmemHugePages:        0 kB
ShmemPmdMapped:        0 kB
CmaTotal:              0 kB
CmaFree:               0 kB
HugePages_Total:       0
HugePages_Free:        0
HugePages_Rsvd:        0
HugePages_Surp:        0
Hugepagesize:       2048 kB
DirectMap4k:      131008 kB
DirectMap2M:     4063232 kB

container (cgroup) information:
container_type: cgroupv1
cpu_cpuset_cpus: 0-3
cpu_memory_nodes: 0
active_processor_count: 4
cpu_quota: -1
cpu_period: 100000
cpu_shares: -1
memory_limit_in_bytes: -1
memory_and_swap_limit_in_bytes: -2
memory_soft_limit_in_bytes: -1
memory_usage_in_bytes: 3887263744
memory_max_usage_in_bytes: 0


CPU:total 4 (initial active 4) (4 cores per cpu, 1 threads per core) family 6 model 158 stepping 9, cmov, cx8, fxsr, mmx, sse, sse2, sse3, ssse3, sse4.1, sse4.2, popcnt, avx, avx2, aes, clmul, 3dnowpref, lzcnt, tsc, tscinvbit

/proc/cpuinfo:
processor	: 0
vendor_id	: GenuineIntel
cpu family	: 6
model		: 158
model name	: Intel(R) Core(TM) i7-8705G CPU @ 3.10GHz
stepping	: 9
cpu MHz		: 3096.002
cache size	: 8192 KB
physical id	: 0
siblings	: 4
core id		: 0
cpu cores	: 4
apicid		: 0
initial apicid	: 0
fpu		: yes
fpu_exception	: yes
cpuid level	: 22
wp		: yes
flags		: fpu vme de pse tsc msr pae mce cx8 apic sep mtrr pge mca cmov pat pse36 clflush mmx fxsr sse sse2 ht syscall nx rdtscp lm constant_tsc rep_good nopl xtopology nonstop_tsc cpuid pni pclmulqdq ssse3 cx16 pcid sse4_1 sse4_2 x2apic movbe popcnt aes xsave avx rdrand hypervisor lahf_lm abm 3dnowprefetch invpcid_single pti fsgsbase avx2 invpcid rdseed clflushopt flush_l1d
bugs		: cpu_meltdown spectre_v1 spectre_v2 spec_store_bypass l1tf
bogomips	: 6192.00
clflush size	: 64
cache_alignment	: 64
address sizes	: 39 bits physical, 48 bits virtual
power management:

processor	: 1
vendor_id	: GenuineIntel
cpu family	: 6
model		: 158
model name	: Intel(R) Core(TM) i7-8705G CPU @ 3.10GHz
stepping	: 9
cpu MHz		: 3096.002
cache size	: 8192 KB
physical id	: 0
siblings	: 4
core id		: 1
cpu cores	: 4
apicid		: 1
initial apicid	: 1
fpu		: yes
fpu_exception	: yes
cpuid level	: 22
wp		: yes
flags		: fpu vme de pse tsc msr pae mce cx8 apic sep mtrr pge mca cmov pat pse36 clflush mmx fxsr sse sse2 ht syscall nx rdtscp lm constant_tsc rep_good nopl xtopology nonstop_tsc cpuid pni pclmulqdq ssse3 cx16 pcid sse4_1 sse4_2 x2apic movbe popcnt aes xsave avx rdrand hypervisor lahf_lm abm 3dnowprefetch invpcid_single pti fsgsbase avx2 invpcid rdseed clflushopt flush_l1d
bugs		: cpu_meltdown spectre_v1 spectre_v2 spec_store_bypass l1tf
bogomips	: 6192.00
clflush size	: 64
cache_alignment	: 64
address sizes	: 39 bits physical, 48 bits virtual
power management:

processor	: 2
vendor_id	: GenuineIntel
cpu family	: 6
model		: 158
model name	: Intel(R) Core(TM) i7-8705G CPU @ 3.10GHz
stepping	: 9
cpu MHz		: 3096.002
cache size	: 8192 KB
physical id	: 0
siblings	: 4
core id		: 2
cpu cores	: 4
apicid		: 2
initial apicid	: 2
fpu		: yes
fpu_exception	: yes
cpuid level	: 22
wp		: yes
flags		: fpu vme de pse tsc msr pae mce cx8 apic sep mtrr pge mca cmov pat pse36 clflush mmx fxsr sse sse2 ht syscall nx rdtscp lm constant_tsc rep_good nopl xtopology nonstop_tsc cpuid pni pclmulqdq ssse3 cx16 pcid sse4_1 sse4_2 x2apic movbe popcnt aes xsave avx rdrand hypervisor lahf_lm abm 3dnowprefetch invpcid_single pti fsgsbase avx2 invpcid rdseed clflushopt flush_l1d
bugs		: cpu_meltdown spectre_v1 spectre_v2 spec_store_bypass l1tf
bogomips	: 6192.00
clflush size	: 64
cache_alignment	: 64
address sizes	: 39 bits physical, 48 bits virtual
power management:

processor	: 3
vendor_id	: GenuineIntel
cpu family	: 6
model		: 158
model name	: Intel(R) Core(TM) i7-8705G CPU @ 3.10GHz
stepping	: 9
cpu MHz		: 3096.002
cache size	: 8192 KB
physical id	: 0
siblings	: 4
core id		: 3
cpu cores	: 4
apicid		: 3
initial apicid	: 3
fpu		: yes
fpu_exception	: yes
cpuid level	: 22
wp		: yes
flags		: fpu vme de pse tsc msr pae mce cx8 apic sep mtrr pge mca cmov pat pse36 clflush mmx fxsr sse sse2 ht syscall nx rdtscp lm constant_tsc rep_good nopl xtopology nonstop_tsc cpuid pni pclmulqdq ssse3 cx16 pcid sse4_1 sse4_2 x2apic movbe popcnt aes xsave avx rdrand hypervisor lahf_lm abm 3dnowprefetch invpcid_single pti fsgsbase avx2 invpcid rdseed clflushopt flush_l1d
bugs		: cpu_meltdown spectre_v1 spectre_v2 spec_store_bypass l1tf
bogomips	: 6192.00
clflush size	: 64
cache_alignment	: 64
address sizes	: 39 bits physical, 48 bits virtual
power management:



Memory: 4k page, physical 4039168k(85956k free), swap 483800k(0k free)

vm_info: Java HotSpot(TM) 64-Bit Server VM (25.201-b09) for linux-amd64 JRE (1.8.0_201-b09), built on Dec 15 2018 11:35:59 by "java_re" with gcc 7.3.0

time: Sat Mar 16 01:32:48 2019
timezone: EDT
elapsed time: 29 seconds (0d 0h 0m 29s)

