#
# There is insufficient memory for the Java Runtime Environment to continue.
# Native memory allocation (mmap) failed to map 77594624 bytes for committing reserved memory.
# Possible reasons:
#   The system is out of physical RAM or swap space
#   The process is running with CompressedOops enabled, and the Java Heap may be blocking the growth of the native heap
# Possible solutions:
#   Reduce memory load on the system
#   Increase physical memory or swap space
#   Check if swap backing store is full
#   Decrease Java heap size (-Xmx/-Xms)
#   Decrease number of Java threads
#   Decrease Java thread stack sizes (-Xss)
#   Set larger code cache with -XX:ReservedCodeCacheSize=
#   JVM is running with Unscaled Compressed Oops mode in which the Java heap is
#     placed in the first 4GB address space. The Java Heap base address is the
#     maximum limit for the native heap growth. Please use -XX:HeapBaseMinAddress
#     to set the Java Heap base and to place the Java Heap above 4GB virtual address.
# This output file may be truncated or incomplete.
#
#  Out of Memory Error (os_linux.cpp:2749), pid=19665, tid=0x00007f28c07b5700
#
# JRE version: Java(TM) SE Runtime Environment (8.0_201-b09) (build 1.8.0_201-b09)
# Java VM: Java HotSpot(TM) 64-Bit Server VM (25.201-b09 mixed mode linux-amd64 compressed oops)
# Failed to write core dump. Core dumps have been disabled. To enable core dumping, try "ulimit -c unlimited" before starting Java again
#

---------------  T H R E A D  ---------------

Current thread (0x00007f28d0079800):  VMThread [stack: 0x00007f28c06b6000,0x00007f28c07b6000] [id=19692]

Stack: [0x00007f28c06b6000,0x00007f28c07b6000],  sp=0x00007f28c07b43f0,  free space=1016k
Native frames: (J=compiled Java code, j=interpreted, Vv=VM code, C=native code)
V  [libjvm.so+0xad3525]  VMError::report_and_die()+0x2e5
V  [libjvm.so+0x4e0457]  report_vm_out_of_memory(char const*, int, unsigned long, VMErrorType, char const*)+0x67
V  [libjvm.so+0x9102f0]  os::pd_commit_memory(char*, unsigned long, unsigned long, bool)+0x100
V  [libjvm.so+0x90791f]  os::commit_memory(char*, unsigned long, unsigned long, bool)+0x1f
V  [libjvm.so+0x98c806]  PSVirtualSpace::expand_by(unsigned long)+0x56
V  [libjvm.so+0x98da98]  PSYoungGen::resize(unsigned long, unsigned long)+0xd8
V  [libjvm.so+0x98a236]  PSScavenge::invoke_no_policy()+0x1376
V  [libjvm.so+0x98a5cc]  PSScavenge::invoke()+0x4c
V  [libjvm.so+0x93a318]  ParallelScavengeHeap::failed_mem_allocate(unsigned long)+0x68
V  [libjvm.so+0xad5073]  VM_ParallelGCFailedAllocation::doit()+0x93
V  [libjvm.so+0xada296]  VM_Operation::evaluate()+0x46
V  [libjvm.so+0xad85cd]  VMThread::evaluate_operation(VM_Operation*) [clone .constprop.44]+0xcd
V  [libjvm.so+0xad8bb3]  VMThread::loop()+0x3a3
V  [libjvm.so+0xad8f88]  VMThread::run()+0x78
V  [libjvm.so+0x90d922]  java_start(Thread*)+0x102

VM_Operation (0x00007f28d8f23290): ParallelGCFailedAllocation, mode: safepoint, requested by thread 0x00007f28d000b800


---------------  P R O C E S S  ---------------

Java Threads: ( => current thread )
  0x00007f28d00c2000 JavaThread "Service Thread" daemon [_thread_blocked, id=19699, stack(0x00007f28b9650000,0x00007f28b9751000)]
  0x00007f28d00bf000 JavaThread "C1 CompilerThread2" daemon [_thread_blocked, id=19698, stack(0x00007f28c00b0000,0x00007f28c01b0000)]
  0x00007f28d00bd800 JavaThread "C2 CompilerThread1" daemon [_thread_blocked, id=19697, stack(0x00007f28c01b1000,0x00007f28c02b1000)]
  0x00007f28d00ba800 JavaThread "C2 CompilerThread0" daemon [_thread_blocked, id=19696, stack(0x00007f28c02b2000,0x00007f28c03b2000)]
  0x00007f28d00b9000 JavaThread "Signal Dispatcher" daemon [_thread_blocked, id=19695, stack(0x00007f28c03b2000,0x00007f28c04b3000)]
  0x00007f28d0085800 JavaThread "Finalizer" daemon [_thread_blocked, id=19694, stack(0x00007f28c04b3000,0x00007f28c05b4000)]
  0x00007f28d0083000 JavaThread "Reference Handler" daemon [_thread_blocked, id=19693, stack(0x00007f28c05b4000,0x00007f28c06b5000)]
  0x00007f28d000b800 JavaThread "main" [_thread_blocked, id=19687, stack(0x00007f28d8e27000,0x00007f28d8f27000)]

Other Threads:
=>0x00007f28d0079800 VMThread [stack: 0x00007f28c06b6000,0x00007f28c07b6000] [id=19692]
  0x00007f28d00c5000 WatcherThread [stack: 0x00007f28b9550000,0x00007f28b9650000] [id=19700]

VM state:at safepoint (normal execution)

VM Mutex/Monitor currently owned by a thread:  ([mutex/lock_event])
[0x00007f28d0007dd0] Threads_lock - owner thread: 0x00007f28d0079800
[0x00007f28d00082d0] Heap_lock - owner thread: 0x00007f28d000b800

heap address: 0x00000000c2400000, size: 988 MB, Compressed Oops mode: 32-bit
Narrow klass base: 0x0000000000000000, Narrow klass shift: 3
Compressed class space size: 1073741824 Address: 0x0000000100000000

Heap:
 PSYoungGen      total 66048K, used 2544K [0x00000000eb700000, 0x00000000efa00000, 0x0000000100000000)
  eden space 63488K, 0% used [0x00000000eb700000,0x00000000eb700000,0x00000000ef500000)
  from space 2560K, 99% used [0x00000000ef500000,0x00000000ef77c010,0x00000000ef780000)
  to   space 2560K, 0% used [0x00000000ef780000,0x00000000ef780000,0x00000000efa00000)
 ParOldGen       total 42496K, used 12981K [0x00000000c2400000, 0x00000000c4d80000, 0x00000000eb700000)
  object space 42496K, 30% used [0x00000000c2400000,0x00000000c30ad590,0x00000000c4d80000)
 Metaspace       used 17310K, capacity 17758K, committed 18176K, reserved 1064960K
  class space    used 2097K, capacity 2212K, committed 2304K, reserved 1048576K

Card table byte_map: [0x00007f28d5913000,0x00007f28d5b02000] byte_map_base: 0x00007f28d5301000

Marking Bits: (ParMarkBitMap*) 0x00007f28d82cfd80
 Begin Bits: [0x00007f28ba120000, 0x00007f28bb090000)
 End Bits:   [0x00007f28bb090000, 0x00007f28bc000000)

Polling page: 0x00007f28d8f3f000

CodeCache: size=245760Kb used=9040Kb max_used=9040Kb free=236719Kb
 bounds [0x00007f28c1000000, 0x00007f28c18e0000, 0x00007f28d0000000]
 total_blobs=3015 nmethods=2668 adapters=260
 compilation: enabled

Compilation events (10 events):
Event: 15.056 Thread 0x00007f28d00bf000 2672       3       org.eclipse.aether.util.graph.selector.OptionalDependencySelector::selectDependency (21 bytes)
Event: 15.057 Thread 0x00007f28d00bf000 nmethod 2672 0x00007f28c18d5710 code [0x00007f28c18d58a0, 0x00007f28c18d5e90]
Event: 15.057 Thread 0x00007f28d00bf000 2686       1       org.apache.maven.model.Activation::isActiveByDefault (5 bytes)
Event: 15.057 Thread 0x00007f28d00bf000 nmethod 2686 0x00007f28c18d5450 code [0x00007f28c18d55a0, 0x00007f28c18d56b0]
Event: 15.057 Thread 0x00007f28d00bf000 2690       1       org.codehaus.plexus.util.xml.pull.MXParser::getInputEncoding (5 bytes)
Event: 15.057 Thread 0x00007f28d00bf000 nmethod 2690 0x00007f28c18d5190 code [0x00007f28c18d52e0, 0x00007f28c18d53f0]
Event: 15.057 Thread 0x00007f28d00bf000 2694       1       org.apache.maven.model.building.DefaultModelBuildingRequest::isLocationTracking (5 bytes)
Event: 15.057 Thread 0x00007f28d00bf000 nmethod 2694 0x00007f28c18dbb90 code [0x00007f28c18dbce0, 0x00007f28c18dbdf0]
Event: 15.061 Thread 0x00007f28d00bf000 2704       3       java.io.FileInputStream::read (9 bytes)
Event: 15.061 Thread 0x00007f28d00bf000 nmethod 2704 0x00007f28c18dbe50 code [0x00007f28c18dbfc0, 0x00007f28c18dc168]

GC Heap History (9 events):
Event: 0.628 GC heap before
{Heap before GC invocations=1 (full 0):
 PSYoungGen      total 18432K, used 15872K [0x00000000eb700000, 0x00000000ecb80000, 0x0000000100000000)
  eden space 15872K, 100% used [0x00000000eb700000,0x00000000ec680000,0x00000000ec680000)
  from space 2560K, 0% used [0x00000000ec900000,0x00000000ec900000,0x00000000ecb80000)
  to   space 2560K, 0% used [0x00000000ec680000,0x00000000ec680000,0x00000000ec900000)
 ParOldGen       total 42496K, used 0K [0x00000000c2400000, 0x00000000c4d80000, 0x00000000eb700000)
  object space 42496K, 0% used [0x00000000c2400000,0x00000000c2400000,0x00000000c4d80000)
 Metaspace       used 6837K, capacity 6988K, committed 7040K, reserved 1056768K
  class space    used 809K, capacity 888K, committed 896K, reserved 1048576K
Event: 0.637 GC heap after
Heap after GC invocations=1 (full 0):
 PSYoungGen      total 18432K, used 2545K [0x00000000eb700000, 0x00000000edb00000, 0x0000000100000000)
  eden space 15872K, 0% used [0x00000000eb700000,0x00000000eb700000,0x00000000ec680000)
  from space 2560K, 99% used [0x00000000ec680000,0x00000000ec8fc6e0,0x00000000ec900000)
  to   space 2560K, 0% used [0x00000000ed880000,0x00000000ed880000,0x00000000edb00000)
 ParOldGen       total 42496K, used 1006K [0x00000000c2400000, 0x00000000c4d80000, 0x00000000eb700000)
  object space 42496K, 2% used [0x00000000c2400000,0x00000000c24fb800,0x00000000c4d80000)
 Metaspace       used 6837K, capacity 6988K, committed 7040K, reserved 1056768K
  class space    used 809K, capacity 888K, committed 896K, reserved 1048576K
}
Event: 0.925 GC heap before
{Heap before GC invocations=2 (full 0):
 PSYoungGen      total 18432K, used 18417K [0x00000000eb700000, 0x00000000edb00000, 0x0000000100000000)
  eden space 15872K, 100% used [0x00000000eb700000,0x00000000ec680000,0x00000000ec680000)
  from space 2560K, 99% used [0x00000000ec680000,0x00000000ec8fc6e0,0x00000000ec900000)
  to   space 2560K, 0% used [0x00000000ed880000,0x00000000ed880000,0x00000000edb00000)
 ParOldGen       total 42496K, used 1006K [0x00000000c2400000, 0x00000000c4d80000, 0x00000000eb700000)
  object space 42496K, 2% used [0x00000000c2400000,0x00000000c24fb800,0x00000000c4d80000)
 Metaspace       used 8044K, capacity 8220K, committed 8320K, reserved 1056768K
  class space    used 1005K, capacity 1080K, committed 1152K, reserved 1048576K
Event: 0.928 GC heap after
Heap after GC invocations=2 (full 0):
 PSYoungGen      total 34304K, used 2544K [0x00000000eb700000, 0x00000000edb00000, 0x0000000100000000)
  eden space 31744K, 0% used [0x00000000eb700000,0x00000000eb700000,0x00000000ed600000)
  from space 2560K, 99% used [0x00000000ed880000,0x00000000edafc388,0x00000000edb00000)
  to   space 2560K, 0% used [0x00000000ed600000,0x00000000ed600000,0x00000000ed880000)
 ParOldGen       total 42496K, used 1168K [0x00000000c2400000, 0x00000000c4d80000, 0x00000000eb700000)
  object space 42496K, 2% used [0x00000000c2400000,0x00000000c2524048,0x00000000c4d80000)
 Metaspace       used 8044K, capacity 8220K, committed 8320K, reserved 1056768K
  class space    used 1005K, capacity 1080K, committed 1152K, reserved 1048576K
}
Event: 1.334 GC heap before
{Heap before GC invocations=3 (full 0):
 PSYoungGen      total 34304K, used 34288K [0x00000000eb700000, 0x00000000edb00000, 0x0000000100000000)
  eden space 31744K, 100% used [0x00000000eb700000,0x00000000ed600000,0x00000000ed600000)
  from space 2560K, 99% used [0x00000000ed880000,0x00000000edafc388,0x00000000edb00000)
  to   space 2560K, 0% used [0x00000000ed600000,0x00000000ed600000,0x00000000ed880000)
 ParOldGen       total 42496K, used 1168K [0x00000000c2400000, 0x00000000c4d80000, 0x00000000eb700000)
  object space 42496K, 2% used [0x00000000c2400000,0x00000000c2524048,0x00000000c4d80000)
 Metaspace       used 11820K, capacity 11944K, committed 12160K, reserved 1060864K
  class space    used 1484K, capacity 1572K, committed 1664K, reserved 1048576K
Event: 1.341 GC heap after
Heap after GC invocations=3 (full 0):
 PSYoungGen      total 34304K, used 2544K [0x00000000eb700000, 0x00000000efa00000, 0x0000000100000000)
  eden space 31744K, 0% used [0x00000000eb700000,0x00000000eb700000,0x00000000ed600000)
  from space 2560K, 99% used [0x00000000ed600000,0x00000000ed87c010,0x00000000ed880000)
  to   space 2560K, 0% used [0x00000000ef780000,0x00000000ef780000,0x00000000efa00000)
 ParOldGen       total 42496K, used 5561K [0x00000000c2400000, 0x00000000c4d80000, 0x00000000eb700000)
  object space 42496K, 13% used [0x00000000c2400000,0x00000000c296e630,0x00000000c4d80000)
 Metaspace       used 11820K, capacity 11944K, committed 12160K, reserved 1060864K
  class space    used 1484K, capacity 1572K, committed 1664K, reserved 1048576K
}
Event: 1.943 GC heap before
{Heap before GC invocations=4 (full 0):
 PSYoungGen      total 34304K, used 34288K [0x00000000eb700000, 0x00000000efa00000, 0x0000000100000000)
  eden space 31744K, 100% used [0x00000000eb700000,0x00000000ed600000,0x00000000ed600000)
  from space 2560K, 99% used [0x00000000ed600000,0x00000000ed87c010,0x00000000ed880000)
  to   space 2560K, 0% used [0x00000000ef780000,0x00000000ef780000,0x00000000efa00000)
 ParOldGen       total 42496K, used 5561K [0x00000000c2400000, 0x00000000c4d80000, 0x00000000eb700000)
  object space 42496K, 13% used [0x00000000c2400000,0x00000000c296e630,0x00000000c4d80000)
 Metaspace       used 14839K, capacity 14986K, committed 15360K, reserved 1062912K
  class space    used 1848K, capacity 1936K, committed 2048K, reserved 1048576K
Event: 1.951 GC heap after
Heap after GC invocations=4 (full 0):
 PSYoungGen      total 66048K, used 2544K [0x00000000eb700000, 0x00000000efa00000, 0x0000000100000000)
  eden space 63488K, 0% used [0x00000000eb700000,0x00000000eb700000,0x00000000ef500000)
  from space 2560K, 99% used [0x00000000ef780000,0x00000000ef9fc030,0x00000000efa00000)
  to   space 2560K, 0% used [0x00000000ef500000,0x00000000ef500000,0x00000000ef780000)
 ParOldGen       total 42496K, used 8277K [0x00000000c2400000, 0x00000000c4d80000, 0x00000000eb700000)
  object space 42496K, 19% used [0x00000000c2400000,0x00000000c2c15710,0x00000000c4d80000)
 Metaspace       used 14839K, capacity 14986K, committed 15360K, reserved 1062912K
  class space    used 1848K, capacity 1936K, committed 2048K, reserved 1048576K
}
Event: 15.301 GC heap before
{Heap before GC invocations=5 (full 0):
 PSYoungGen      total 66048K, used 66032K [0x00000000eb700000, 0x00000000efa00000, 0x0000000100000000)
  eden space 63488K, 100% used [0x00000000eb700000,0x00000000ef500000,0x00000000ef500000)
  from space 2560K, 99% used [0x00000000ef780000,0x00000000ef9fc030,0x00000000efa00000)
  to   space 2560K, 0% used [0x00000000ef500000,0x00000000ef500000,0x00000000ef780000)
 ParOldGen       total 42496K, used 8277K [0x00000000c2400000, 0x00000000c4d80000, 0x00000000eb700000)
  object space 42496K, 19% used [0x00000000c2400000,0x00000000c2c15710,0x00000000c4d80000)
 Metaspace       used 17310K, capacity 17758K, committed 18176K, reserved 1064960K
  class space    used 2097K, capacity 2212K, committed 2304K, reserved 1048576K

Deoptimization events (10 events):
Event: 3.789 Thread 0x00007f28d000b800 Uncommon trap: reason=unstable_if action=reinterpret pc=0x00007f28c137c314 method=java.util.HashMap.getNode(ILjava/lang/Object;)Ljava/util/HashMap$Node; @ 53
Event: 3.825 Thread 0x00007f28d000b800 Uncommon trap: reason=unstable_if action=reinterpret pc=0x00007f28c171dca4 method=org.codehaus.plexus.util.xml.pull.MXParser.nextImpl()I @ 306
Event: 3.832 Thread 0x00007f28d000b800 Uncommon trap: reason=bimorphic action=maybe_recompile pc=0x00007f28c163ff8c method=java.util.concurrent.ConcurrentHashMap.get(Ljava/lang/Object;)Ljava/lang/Object; @ 149
Event: 3.837 Thread 0x00007f28d000b800 Uncommon trap: reason=bimorphic action=maybe_recompile pc=0x00007f28c163ff8c method=java.util.concurrent.ConcurrentHashMap.get(Ljava/lang/Object;)Ljava/lang/Object; @ 149
Event: 3.842 Thread 0x00007f28d000b800 Uncommon trap: reason=bimorphic action=maybe_recompile pc=0x00007f28c163ff8c method=java.util.concurrent.ConcurrentHashMap.get(Ljava/lang/Object;)Ljava/lang/Object; @ 149
Event: 3.879 Thread 0x00007f28d000b800 Uncommon trap: reason=bimorphic action=maybe_recompile pc=0x00007f28c163ff8c method=java.util.concurrent.ConcurrentHashMap.get(Ljava/lang/Object;)Ljava/lang/Object; @ 149
Event: 4.488 Thread 0x00007f28d000b800 Uncommon trap: reason=unstable_if action=reinterpret pc=0x00007f28c178853c method=sun.net.www.protocol.jar.Handler.parseURL(Ljava/net/URL;Ljava/lang/String;II)V @ 94
Event: 4.512 Thread 0x00007f28d000b800 Uncommon trap: reason=bimorphic action=maybe_recompile pc=0x00007f28c163a07c method=java.util.regex.Pattern$CharProperty.match(Ljava/util/regex/Matcher;ILjava/lang/CharSequence;)Z @ 37
Event: 9.922 Thread 0x00007f28d000b800 Uncommon trap: reason=unstable_if action=reinterpret pc=0x00007f28c182e560 method=org.apache.maven.model.io.xpp3.MavenXpp3Reader.nextTag(Lorg/codehaus/plexus/util/xml/pull/XmlPullParser;)I @ 9
Event: 12.995 Thread 0x00007f28d000b800 Uncommon trap: reason=unstable_if action=reinterpret pc=0x00007f28c176809c method=java.util.LinkedHashMap.afterNodeInsertion(Z)V @ 18

Classes redefined (0 events):
No events

Internal exceptions (10 events):
Event: 1.597 Thread 0x00007f28d000b800 Exception <a 'java/lang/NoClassDefFoundError'> (0x00000000ec559000) thrown at [/HUDSON/workspace/8-2-build-linux-amd64/jdk8u201/12317/hotspot/src/share/vm/prims/jvm.cpp, line 1506]
Event: 1.938 Thread 0x00007f28d000b800 Exception <a 'java/lang/NullPointerException'> (0x00000000ed5bd5d8) thrown at [/HUDSON/workspace/8-2-build-linux-amd64/jdk8u201/12317/hotspot/src/share/vm/interpreter/linkResolver.cpp, line 1185]
Event: 1.938 Thread 0x00007f28d000b800 Exception <a 'java/lang/NullPointerException'> (0x00000000ed5bd7f0) thrown at [/HUDSON/workspace/8-2-build-linux-amd64/jdk8u201/12317/hotspot/src/share/vm/interpreter/linkResolver.cpp, line 1185]
Event: 1.938 Thread 0x00007f28d000b800 Exception <a 'java/lang/NullPointerException'> (0x00000000ed5bda08) thrown at [/HUDSON/workspace/8-2-build-linux-amd64/jdk8u201/12317/hotspot/src/share/vm/interpreter/linkResolver.cpp, line 1185]
Event: 1.939 Thread 0x00007f28d000b800 Exception <a 'java/lang/NullPointerException'> (0x00000000ed5c4f10) thrown at [/HUDSON/workspace/8-2-build-linux-amd64/jdk8u201/12317/hotspot/src/share/vm/interpreter/linkResolver.cpp, line 1185]
Event: 1.939 Thread 0x00007f28d000b800 Exception <a 'java/lang/NullPointerException'> (0x00000000ed5c5128) thrown at [/HUDSON/workspace/8-2-build-linux-amd64/jdk8u201/12317/hotspot/src/share/vm/interpreter/linkResolver.cpp, line 1185]
Event: 1.939 Thread 0x00007f28d000b800 Exception <a 'java/lang/NullPointerException'> (0x00000000ed5c5340) thrown at [/HUDSON/workspace/8-2-build-linux-amd64/jdk8u201/12317/hotspot/src/share/vm/interpreter/linkResolver.cpp, line 1185]
Event: 2.341 Thread 0x00007f28d000b800 Implicit null exception at 0x00007f28c1392c35 to 0x00007f28c1392e3d
Event: 2.342 Thread 0x00007f28d000b800 Implicit null exception at 0x00007f28c137ebaf to 0x00007f28c137ec19
Event: 3.700 Thread 0x00007f28d000b800 Implicit null exception at 0x00007f28c173081d to 0x00007f28c1731025

Events (10 events):
Event: 4.638 Thread 0x00007f28d000b800 DEOPT UNPACKING pc=0x00007f28c1047784 sp=0x00007f28d8f233f0 mode 0
Event: 4.803 Executing VM operation: EnableBiasedLocking
Event: 5.273 Executing VM operation: EnableBiasedLocking done
Event: 9.917 Thread 0x00007f28d000b800 Uncommon trap: trap_request=0xffffff65 fr.pc=0x00007f28c182e560
Event: 9.925 Thread 0x00007f28d000b800 DEOPT PACKING pc=0x00007f28c182e560 sp=0x00007f28d8f230c0
Event: 9.927 Thread 0x00007f28d000b800 DEOPT UNPACKING pc=0x00007f28c104573a sp=0x00007f28d8f23078 mode 2
Event: 12.993 Thread 0x00007f28d000b800 Uncommon trap: trap_request=0xffffff65 fr.pc=0x00007f28c176809c
Event: 12.996 Thread 0x00007f28d000b800 DEOPT PACKING pc=0x00007f28c176809c sp=0x00007f28d8f232b0
Event: 13.103 Thread 0x00007f28d000b800 DEOPT UNPACKING pc=0x00007f28c104573a sp=0x00007f28d8f23258 mode 2
Event: 15.065 Executing VM operation: ParallelGCFailedAllocation


Dynamic libraries:
00400000-00401000 r-xp 00000000 08:01 40676                              /usr/lib/jvm/java-8-oracle/bin/java
00600000-00601000 r--p 00000000 08:01 40676                              /usr/lib/jvm/java-8-oracle/bin/java
00601000-00602000 rw-p 00001000 08:01 40676                              /usr/lib/jvm/java-8-oracle/bin/java
02522000-02543000 rw-p 00000000 00:00 0                                  [heap]
c2400000-c4d80000 rw-p 00000000 00:00 0 
c4d80000-eb700000 ---p 00000000 00:00 0 
eb700000-efa00000 rw-p 00000000 00:00 0 
f4400000-100000000 ---p 00000000 00:00 0 
100000000-100240000 rw-p 00000000 00:00 0 
100240000-140000000 ---p 00000000 00:00 0 
7f2884000000-7f2884021000 rw-p 00000000 00:00 0 
7f2884021000-7f2888000000 ---p 00000000 00:00 0 
7f2888000000-7f2888021000 rw-p 00000000 00:00 0 
7f2888021000-7f288c000000 ---p 00000000 00:00 0 
7f288c000000-7f288cc9a000 rw-p 00000000 00:00 0 
7f288cc9a000-7f2890000000 ---p 00000000 00:00 0 
7f2890000000-7f2890997000 rw-p 00000000 00:00 0 
7f2890997000-7f2894000000 ---p 00000000 00:00 0 
7f2894000000-7f2894021000 rw-p 00000000 00:00 0 
7f2894021000-7f2898000000 ---p 00000000 00:00 0 
7f2898000000-7f2899709000 rw-p 00000000 00:00 0 
7f2899709000-7f289c000000 ---p 00000000 00:00 0 
7f289c000000-7f289c021000 rw-p 00000000 00:00 0 
7f289c021000-7f28a0000000 ---p 00000000 00:00 0 
7f28a0000000-7f28a0021000 rw-p 00000000 00:00 0 
7f28a0021000-7f28a4000000 ---p 00000000 00:00 0 
7f28a4000000-7f28a4021000 rw-p 00000000 00:00 0 
7f28a4021000-7f28a8000000 ---p 00000000 00:00 0 
7f28a8000000-7f28a829c000 rw-p 00000000 00:00 0 
7f28a829c000-7f28ac000000 ---p 00000000 00:00 0 
7f28ac000000-7f28ac021000 rw-p 00000000 00:00 0 
7f28ac021000-7f28b0000000 ---p 00000000 00:00 0 
7f28b4000000-7f28b4021000 rw-p 00000000 00:00 0 
7f28b4021000-7f28b8000000 ---p 00000000 00:00 0 
7f28b88ff000-7f28b8901000 r--s 0000d000 08:01 557516                     /home/ryro/.m2/repository/org/codehaus/plexus/plexus-interpolation/1.13/plexus-interpolation-1.13.jar
7f28b8901000-7f28b8902000 r--s 00001000 08:01 557514                     /home/ryro/.m2/repository/org/sonatype/plexus/plexus-build-api/0.0.4/plexus-build-api-0.0.4.jar
7f28b8902000-7f28b8904000 r--s 00009000 08:01 557512                     /home/ryro/.m2/repository/org/apache/maven/shared/maven-filtering/1.1/maven-filtering-1.1.jar
7f28b8904000-7f28b8908000 r--s 00033000 08:01 557507                     /home/ryro/.m2/repository/org/codehaus/plexus/plexus-utils/2.0.5/plexus-utils-2.0.5.jar
7f28b8908000-7f28b890b000 r--s 0001b000 08:01 557502                     /home/ryro/.m2/repository/junit/junit/3.8.1/junit-3.8.1.jar
7f28b890b000-7f28b890d000 r--s 00002000 08:01 557474                     /home/ryro/.m2/repository/org/codehaus/plexus/plexus-interactivity-api/1.0-alpha-4/plexus-interactivity-api-1.0-alpha-4.jar
7f28b890d000-7f28b890f000 r--s 00006000 08:01 557467                     /home/ryro/.m2/repository/commons-cli/commons-cli/1.0/commons-cli-1.0.jar
7f28b890f000-7f28b8910000 r--s 00001000 08:01 557456                     /home/ryro/.m2/repository/org/apache/maven/doxia/doxia-sink-api/1.0-alpha-7/doxia-sink-api-1.0-alpha-7.jar
7f28b8910000-7f28b8911000 r--s 00002000 08:01 557452                     /home/ryro/.m2/repository/org/apache/maven/reporting/maven-reporting-api/2.0.6/maven-reporting-api-2.0.6.jar
7f28b8911000-7f28b8913000 r--s 00006000 08:01 556569                     /home/ryro/.m2/repository/org/apache/maven/plugins/maven-resources-plugin/2.6/maven-resources-plugin-2.6.jar
7f28b8913000-7f28b8a93000 rw-p 00000000 00:00 0 
7f28b8a93000-7f28b8b13000 ---p 00000000 00:00 0 
7f28b8b13000-7f28b8b24000 r-xp 00000000 08:01 42585                      /usr/lib/jvm/java-8-oracle/jre/lib/amd64/libnio.so
7f28b8b24000-7f28b8d23000 ---p 00011000 08:01 42585                      /usr/lib/jvm/java-8-oracle/jre/lib/amd64/libnio.so
7f28b8d23000-7f28b8d24000 r--p 00010000 08:01 42585                      /usr/lib/jvm/java-8-oracle/jre/lib/amd64/libnio.so
7f28b8d24000-7f28b8d25000 rw-p 00011000 08:01 42585                      /usr/lib/jvm/java-8-oracle/jre/lib/amd64/libnio.so
7f28b8d25000-7f28b8d3b000 r-xp 00000000 08:01 42582                      /usr/lib/jvm/java-8-oracle/jre/lib/amd64/libnet.so
7f28b8d3b000-7f28b8f3b000 ---p 00016000 08:01 42582                      /usr/lib/jvm/java-8-oracle/jre/lib/amd64/libnet.so
7f28b8f3b000-7f28b8f3c000 r--p 00016000 08:01 42582                      /usr/lib/jvm/java-8-oracle/jre/lib/amd64/libnet.so
7f28b8f3c000-7f28b8f3d000 rw-p 00017000 08:01 42582                      /usr/lib/jvm/java-8-oracle/jre/lib/amd64/libnet.so
7f28b8f3d000-7f28b8f41000 r--s 000a1000 08:01 42293                      /usr/lib/jvm/java-8-oracle/jre/lib/jsse.jar
7f28b8f41000-7f28b9141000 rw-p 00000000 00:00 0 
7f28b9141000-7f28b9341000 rw-p 00000000 00:00 0 
7f28b9341000-7f28b9541000 rw-p 00000000 00:00 0 
7f28b9541000-7f28b9543000 r--s 00000000 08:01 299313                     /usr/share/java/plexus-component-annotations.jar
7f28b9543000-7f28b9546000 r--s 00015000 08:01 299367                     /usr/share/java/maven3-embedder.jar
7f28b9546000-7f28b954b000 r--s 00030000 08:01 299069                     /usr/share/java/commons-io.jar
7f28b954b000-7f28b954c000 r--s 00001000 08:01 299027                     /usr/share/java/geronimo-interceptor-3.0-spec.jar
7f28b954c000-7f28b954f000 r--s 0000e000 08:01 299032                     /usr/share/java/cdi-api.jar
7f28b954f000-7f28b9550000 ---p 00000000 00:00 0 
7f28b9550000-7f28b9650000 rw-p 00000000 00:00 0 
7f28b9650000-7f28b9653000 ---p 00000000 00:00 0 
7f28b9653000-7f28b9751000 rw-p 00000000 00:00 0 
7f28b9751000-7f28ba120000 r--p 00000000 08:01 3870                       /usr/lib/locale/locale-archive
7f28ba120000-7f28bc000000 rw-p 00000000 00:00 0 
7f28bc000000-7f28bc021000 rw-p 00000000 00:00 0 
7f28bc021000-7f28c0000000 ---p 00000000 00:00 0 
7f28c0000000-7f28c0001000 r--s 00000000 08:01 299012                     /usr/share/java/atinject-jsr330-api-1.0.jar
7f28c0001000-7f28c0003000 r--s 0000e000 08:01 299372                     /usr/share/java/maven3-resolver-provider.jar
7f28c0003000-7f28c0007000 r--s 0001f000 08:01 299277                     /usr/share/java/maven-resolver-api.jar
7f28c0007000-7f28c000b000 r--s 0003b000 08:01 299267                     /usr/share/java/plexus-utils2.jar
7f28c000b000-7f28c000c000 r--s 0000a000 08:01 299374                     /usr/share/java/maven3-settings.jar
7f28c000c000-7f28c000e000 r--s 0000b000 08:01 299272                     /usr/share/java/wagon-provider-api.jar
7f28c000e000-7f28c0014000 r--s 0002d000 08:01 299357                     /usr/share/java/sisu-plexus.jar
7f28c0014000-7f28c0015000 r--s 00000000 08:01 299012                     /usr/share/java/atinject-jsr330-api-1.0.jar
7f28c0015000-7f28c001d000 r--s 0006d000 08:01 299082                     /usr/share/java/commons-lang3.jar
7f28c001d000-7f28c001e000 r--s 00002000 08:01 299087                     /usr/share/java/geronimo-annotation-1.3-spec.jar
7f28c001e000-7f28c0025000 r--s 00054000 08:01 299352                     /usr/share/java/sisu-inject.jar
7f28c0025000-7f28c0027000 r--s 0000a000 08:01 299052                     /usr/share/java/commons-cli.jar
7f28c0027000-7f28c0029000 r--s 00003000 08:01 299329                     /usr/share/java/jcl-over-slf4j.jar
7f28c0029000-7f28c002b000 r--s 00006000 08:01 299280                     /usr/share/java/maven-resolver-spi.jar
7f28c002b000-7f28c0032000 r--s 00042000 08:01 299365                     /usr/share/java/maven3-compat.jar
7f28c0032000-7f28c0034000 r--s 00008000 08:01 299373                     /usr/share/java/maven3-settings-builder.jar
7f28c0034000-7f28c0037000 r--s 0000a000 08:01 299363                     /usr/share/java/maven3-artifact.jar
7f28c0037000-7f28c0044000 r--s 0008d000 08:01 299366                     /usr/share/java/maven3-core.jar
7f28c0044000-7f28c0048000 r--s 00028000 08:01 299279                     /usr/share/java/maven-resolver-impl.jar
7f28c0048000-7f28c0056000 r--s 0009a000 08:01 299155                     /usr/share/java/guice.jar
7f28c0056000-7f28c0083000 r--s 001ce000 08:01 299410                     /usr/share/java/wagon-http-shaded-3.0.0.jar
7f28c0083000-7f28c00af000 r--s 00208000 08:01 299113                     /usr/share/java/guava.jar
7f28c00af000-7f28c00b0000 ---p 00000000 00:00 0 
7f28c00b0000-7f28c00b3000 ---p 00000000 00:00 0 
7f28c00b3000-7f28c01b0000 rw-p 00000000 00:00 0 
7f28c01b0000-7f28c01b1000 ---p 00000000 00:00 0 
7f28c01b1000-7f28c01b4000 ---p 00000000 00:00 0 
7f28c01b4000-7f28c02b1000 rw-p 00000000 00:00 0 
7f28c02b1000-7f28c02b2000 ---p 00000000 00:00 0 
7f28c02b2000-7f28c02b5000 ---p 00000000 00:00 0 
7f28c02b5000-7f28c03b2000 rw-p 00000000 00:00 0 
7f28c03b2000-7f28c03b5000 ---p 00000000 00:00 0 
7f28c03b5000-7f28c04b3000 rw-p 00000000 00:00 0 
7f28c04b3000-7f28c04b6000 ---p 00000000 00:00 0 
7f28c04b6000-7f28c05b4000 rw-p 00000000 00:00 0 
7f28c05b4000-7f28c05b7000 ---p 00000000 00:00 0 
7f28c05b7000-7f28c06b5000 rw-p 00000000 00:00 0 
7f28c06b5000-7f28c06b6000 ---p 00000000 00:00 0 
7f28c06b6000-7f28c1000000 rw-p 00000000 00:00 0 
7f28c1000000-7f28c18e0000 rwxp 00000000 00:00 0 
7f28c18e0000-7f28d0000000 ---p 00000000 00:00 0 
7f28d0000000-7f28d0b1d000 rw-p 00000000 00:00 0 
7f28d0b1d000-7f28d4000000 ---p 00000000 00:00 0 
7f28d4000000-7f28d4002000 r--s 00009000 08:01 299332                     /usr/share/java/slf4j-api.jar
7f28d4002000-7f28d4007000 r--s 00026000 08:01 299368                     /usr/share/java/maven3-model-builder.jar
7f28d4007000-7f28d4008000 r--s 00002000 08:01 299364                     /usr/share/java/maven3-builder-support.jar
7f28d4008000-7f28d4009000 r--s 00003000 08:01 299303                     /usr/share/java/plexus-cipher.jar
7f28d4009000-7f28d400b000 r--s 00006000 08:01 299324                     /usr/share/java/plexus-sec-dispatcher.jar
7f28d400b000-7f28d400c000 r--s 00004000 08:01 299375                     /usr/share/java/maven3-slf4j-provider.jar
7f28d400c000-7f28d400e000 r--s 0000a000 08:01 299370                     /usr/share/java/maven3-plugin-api.jar
7f28d400e000-7f28d4010000 r--s 00005000 08:01 299284                     /usr/share/java/maven-resolver-transport-wagon.jar
7f28d4010000-7f28d4012000 r--s 00008000 08:01 299278                     /usr/share/java/maven-resolver-connector-basic.jar
7f28d4012000-7f28d4014000 r--s 00001000 08:01 299134                     /usr/share/java/aopalliance-1.0.jar
7f28d4014000-7f28d4016000 r--s 00007000 08:01 299259                     /usr/share/java/jansi.jar
7f28d4016000-7f28d4019000 r--s 00027000 08:01 299369                     /usr/share/java/maven3-model.jar
7f28d4019000-7f28d401d000 r--s 00022000 08:01 299285                     /usr/share/java/maven-resolver-util.jar
7f28d401d000-7f28d4787000 rw-p 00000000 00:00 0 
7f28d4787000-7f28d4961000 r--s 03d6f000 08:01 42288                      /usr/lib/jvm/java-8-oracle/jre/lib/rt.jar
7f28d4961000-7f28d53c5000 rw-p 00000000 00:00 0 
7f28d53c5000-7f28d53c6000 ---p 00000000 00:00 0 
7f28d53c6000-7f28d54c6000 rw-p 00000000 00:00 0 
7f28d54c6000-7f28d54c7000 ---p 00000000 00:00 0 
7f28d54c7000-7f28d55c7000 rw-p 00000000 00:00 0 
7f28d55c7000-7f28d55c8000 ---p 00000000 00:00 0 
7f28d55c8000-7f28d56c8000 rw-p 00000000 00:00 0 
7f28d56c8000-7f28d56c9000 ---p 00000000 00:00 0 
7f28d56c9000-7f28d57de000 rw-p 00000000 00:00 0 
7f28d57de000-7f28d5913000 ---p 00000000 00:00 0 
7f28d5913000-7f28d5928000 rw-p 00000000 00:00 0 
7f28d5928000-7f28d5a5c000 ---p 00000000 00:00 0 
7f28d5a5c000-7f28d5a7e000 rw-p 00000000 00:00 0 
7f28d5a7e000-7f28d5b01000 ---p 00000000 00:00 0 
7f28d5b01000-7f28d5b26000 rw-p 00000000 00:00 0 
7f28d5b26000-7f28d5ec2000 ---p 00000000 00:00 0 
7f28d5ec2000-7f28d5edd000 r-xp 00000000 08:01 42578                      /usr/lib/jvm/java-8-oracle/jre/lib/amd64/libzip.so
7f28d5edd000-7f28d60dc000 ---p 0001b000 08:01 42578                      /usr/lib/jvm/java-8-oracle/jre/lib/amd64/libzip.so
7f28d60dc000-7f28d60dd000 r--p 0001a000 08:01 42578                      /usr/lib/jvm/java-8-oracle/jre/lib/amd64/libzip.so
7f28d60dd000-7f28d60de000 rw-p 0001b000 08:01 42578                      /usr/lib/jvm/java-8-oracle/jre/lib/amd64/libzip.so
7f28d60de000-7f28d60e9000 r-xp 00000000 08:01 400137                     /lib/x86_64-linux-gnu/libnss_files-2.27.so
7f28d60e9000-7f28d62e8000 ---p 0000b000 08:01 400137                     /lib/x86_64-linux-gnu/libnss_files-2.27.so
7f28d62e8000-7f28d62e9000 r--p 0000a000 08:01 400137                     /lib/x86_64-linux-gnu/libnss_files-2.27.so
7f28d62e9000-7f28d62ea000 rw-p 0000b000 08:01 400137                     /lib/x86_64-linux-gnu/libnss_files-2.27.so
7f28d62ea000-7f28d62f0000 rw-p 00000000 00:00 0 
7f28d62f0000-7f28d6307000 r-xp 00000000 08:01 400131                     /lib/x86_64-linux-gnu/libnsl-2.27.so
7f28d6307000-7f28d6506000 ---p 00017000 08:01 400131                     /lib/x86_64-linux-gnu/libnsl-2.27.so
7f28d6506000-7f28d6507000 r--p 00016000 08:01 400131                     /lib/x86_64-linux-gnu/libnsl-2.27.so
7f28d6507000-7f28d6508000 rw-p 00017000 08:01 400131                     /lib/x86_64-linux-gnu/libnsl-2.27.so
7f28d6508000-7f28d650a000 rw-p 00000000 00:00 0 
7f28d650a000-7f28d6515000 r-xp 00000000 08:01 400148                     /lib/x86_64-linux-gnu/libnss_nis-2.27.so
7f28d6515000-7f28d6714000 ---p 0000b000 08:01 400148                     /lib/x86_64-linux-gnu/libnss_nis-2.27.so
7f28d6714000-7f28d6715000 r--p 0000a000 08:01 400148                     /lib/x86_64-linux-gnu/libnss_nis-2.27.so
7f28d6715000-7f28d6716000 rw-p 0000b000 08:01 400148                     /lib/x86_64-linux-gnu/libnss_nis-2.27.so
7f28d6716000-7f28d671e000 r-xp 00000000 08:01 400133                     /lib/x86_64-linux-gnu/libnss_compat-2.27.so
7f28d671e000-7f28d691e000 ---p 00008000 08:01 400133                     /lib/x86_64-linux-gnu/libnss_compat-2.27.so
7f28d691e000-7f28d691f000 r--p 00008000 08:01 400133                     /lib/x86_64-linux-gnu/libnss_compat-2.27.so
7f28d691f000-7f28d6920000 rw-p 00009000 08:01 400133                     /lib/x86_64-linux-gnu/libnss_compat-2.27.so
7f28d6920000-7f28d694c000 r-xp 00000000 08:01 42572                      /usr/lib/jvm/java-8-oracle/jre/lib/amd64/libjava.so
7f28d694c000-7f28d6b4c000 ---p 0002c000 08:01 42572                      /usr/lib/jvm/java-8-oracle/jre/lib/amd64/libjava.so
7f28d6b4c000-7f28d6b4d000 r--p 0002c000 08:01 42572                      /usr/lib/jvm/java-8-oracle/jre/lib/amd64/libjava.so
7f28d6b4d000-7f28d6b4f000 rw-p 0002d000 08:01 42572                      /usr/lib/jvm/java-8-oracle/jre/lib/amd64/libjava.so
7f28d6b4f000-7f28d6b5c000 r-xp 00000000 08:01 42577                      /usr/lib/jvm/java-8-oracle/jre/lib/amd64/libverify.so
7f28d6b5c000-7f28d6d5b000 ---p 0000d000 08:01 42577                      /usr/lib/jvm/java-8-oracle/jre/lib/amd64/libverify.so
7f28d6d5b000-7f28d6d5d000 r--p 0000c000 08:01 42577                      /usr/lib/jvm/java-8-oracle/jre/lib/amd64/libverify.so
7f28d6d5d000-7f28d6d5e000 rw-p 0000e000 08:01 42577                      /usr/lib/jvm/java-8-oracle/jre/lib/amd64/libverify.so
7f28d6d5e000-7f28d6d65000 r-xp 00000000 08:01 400188                     /lib/x86_64-linux-gnu/librt-2.27.so
7f28d6d65000-7f28d6f64000 ---p 00007000 08:01 400188                     /lib/x86_64-linux-gnu/librt-2.27.so
7f28d6f64000-7f28d6f65000 r--p 00006000 08:01 400188                     /lib/x86_64-linux-gnu/librt-2.27.so
7f28d6f65000-7f28d6f66000 rw-p 00007000 08:01 400188                     /lib/x86_64-linux-gnu/librt-2.27.so
7f28d6f66000-7f28d7103000 r-xp 00000000 08:01 400110                     /lib/x86_64-linux-gnu/libm-2.27.so
7f28d7103000-7f28d7302000 ---p 0019d000 08:01 400110                     /lib/x86_64-linux-gnu/libm-2.27.so
7f28d7302000-7f28d7303000 r--p 0019c000 08:01 400110                     /lib/x86_64-linux-gnu/libm-2.27.so
7f28d7303000-7f28d7304000 rw-p 0019d000 08:01 400110                     /lib/x86_64-linux-gnu/libm-2.27.so
7f28d7304000-7f28d7fec000 r-xp 00000000 08:01 42600                      /usr/lib/jvm/java-8-oracle/jre/lib/amd64/server/libjvm.so
7f28d7fec000-7f28d81eb000 ---p 00ce8000 08:01 42600                      /usr/lib/jvm/java-8-oracle/jre/lib/amd64/server/libjvm.so
7f28d81eb000-7f28d8281000 r--p 00ce7000 08:01 42600                      /usr/lib/jvm/java-8-oracle/jre/lib/amd64/server/libjvm.so
7f28d8281000-7f28d82b2000 rw-p 00d7d000 08:01 42600                      /usr/lib/jvm/java-8-oracle/jre/lib/amd64/server/libjvm.so
7f28d82b2000-7f28d82ed000 rw-p 00000000 00:00 0 
7f28d82ed000-7f28d84d4000 r-xp 00000000 08:01 400047                     /lib/x86_64-linux-gnu/libc-2.27.so
7f28d84d4000-7f28d86d4000 ---p 001e7000 08:01 400047                     /lib/x86_64-linux-gnu/libc-2.27.so
7f28d86d4000-7f28d86d8000 r--p 001e7000 08:01 400047                     /lib/x86_64-linux-gnu/libc-2.27.so
7f28d86d8000-7f28d86da000 rw-p 001eb000 08:01 400047                     /lib/x86_64-linux-gnu/libc-2.27.so
7f28d86da000-7f28d86de000 rw-p 00000000 00:00 0 
7f28d86de000-7f28d86e1000 r-xp 00000000 08:01 400070                     /lib/x86_64-linux-gnu/libdl-2.27.so
7f28d86e1000-7f28d88e0000 ---p 00003000 08:01 400070                     /lib/x86_64-linux-gnu/libdl-2.27.so
7f28d88e0000-7f28d88e1000 r--p 00002000 08:01 400070                     /lib/x86_64-linux-gnu/libdl-2.27.so
7f28d88e1000-7f28d88e2000 rw-p 00003000 08:01 400070                     /lib/x86_64-linux-gnu/libdl-2.27.so
7f28d88e2000-7f28d88f9000 r-xp 00000000 08:01 42223                      /usr/lib/jvm/java-8-oracle/lib/amd64/jli/libjli.so
7f28d88f9000-7f28d8af8000 ---p 00017000 08:01 42223                      /usr/lib/jvm/java-8-oracle/lib/amd64/jli/libjli.so
7f28d8af8000-7f28d8af9000 r--p 00016000 08:01 42223                      /usr/lib/jvm/java-8-oracle/lib/amd64/jli/libjli.so
7f28d8af9000-7f28d8afa000 rw-p 00017000 08:01 42223                      /usr/lib/jvm/java-8-oracle/lib/amd64/jli/libjli.so
7f28d8afa000-7f28d8b14000 r-xp 00000000 08:01 400180                     /lib/x86_64-linux-gnu/libpthread-2.27.so
7f28d8b14000-7f28d8d13000 ---p 0001a000 08:01 400180                     /lib/x86_64-linux-gnu/libpthread-2.27.so
7f28d8d13000-7f28d8d14000 r--p 00019000 08:01 400180                     /lib/x86_64-linux-gnu/libpthread-2.27.so
7f28d8d14000-7f28d8d15000 rw-p 0001a000 08:01 400180                     /lib/x86_64-linux-gnu/libpthread-2.27.so
7f28d8d15000-7f28d8d19000 rw-p 00000000 00:00 0 
7f28d8d19000-7f28d8d40000 r-xp 00000000 08:01 400019                     /lib/x86_64-linux-gnu/ld-2.27.so
7f28d8d40000-7f28d8e26000 rw-p 00000000 00:00 0 
7f28d8e26000-7f28d8e27000 ---p 00000000 00:00 0 
7f28d8e27000-7f28d8e2a000 ---p 00000000 00:00 0 
7f28d8e2a000-7f28d8f2b000 rw-p 00000000 00:00 0 
7f28d8f2b000-7f28d8f2c000 r--s 00001000 08:01 299404                     /usr/share/java/wagon-file.jar
7f28d8f2c000-7f28d8f2d000 r--s 00006000 08:01 299371                     /usr/share/java/maven3-repository-metadata.jar
7f28d8f2d000-7f28d8f30000 r--s 00011000 08:01 299319                     /usr/share/java/plexus-interpolation.jar
7f28d8f30000-7f28d8f34000 r--s 00023000 08:01 299298                     /usr/share/java/maven-shared-utils.jar
7f28d8f34000-7f28d8f36000 r--s 0000b000 08:01 299308                     /usr/share/java/plexus-classworlds.jar
7f28d8f36000-7f28d8f3e000 rw-s 00000000 08:01 25                         /tmp/hsperfdata_ryro/19665
7f28d8f3e000-7f28d8f3f000 rw-p 00000000 00:00 0 
7f28d8f3f000-7f28d8f40000 ---p 00000000 00:00 0 
7f28d8f40000-7f28d8f41000 r--p 00027000 08:01 400019                     /lib/x86_64-linux-gnu/ld-2.27.so
7f28d8f41000-7f28d8f42000 rw-p 00028000 08:01 400019                     /lib/x86_64-linux-gnu/ld-2.27.so
7f28d8f42000-7f28d8f43000 rw-p 00000000 00:00 0 
7ffe3b005000-7ffe3b026000 rw-p 00000000 00:00 0                          [stack]
7ffe3b07b000-7ffe3b07e000 r--p 00000000 00:00 0                          [vvar]
7ffe3b07e000-7ffe3b080000 r-xp 00000000 00:00 0                          [vdso]
ffffffffff600000-ffffffffff601000 r-xp 00000000 00:00 0                  [vsyscall]

VM Arguments:
jvm_args: -Dclassworlds.conf=/usr/share/maven/bin/m2.conf -Dmaven.home=/usr/share/maven -Dlibrary.jansi.path=/usr/share/maven/lib/jansi-native -Dmaven.multiModuleProjectDirectory=/home/ryro/capstone/Chronos 
java_command: org.codehaus.plexus.classworlds.launcher.Launcher package -DskipTests
java_class_path (initial): /usr/share/maven/boot/plexus-classworlds-2.x.jar
Launcher Type: SUN_STANDARD

Environment Variables:
JAVA_HOME=/usr/lib/jvm/java-8-oracle
PATH=/usr/local/sbin:/usr/local/bin:/usr/sbin:/usr/bin:/sbin:/bin:/usr/games:/usr/local/games:/snap/bin:/usr/lib/jvm/java-8-oracle/bin:/usr/lib/jvm/java-8-oracle/db/bin:/usr/lib/jvm/java-8-oracle/jre/bin
USERNAME=ryro
SHELL=/bin/bash
DISPLAY=:0

Signal Handlers:
SIGSEGV: [libjvm.so+0xad3e60], sa_mask[0]=11111111011111111101111111111110, sa_flags=SA_RESTART|SA_SIGINFO
SIGBUS: [libjvm.so+0xad3e60], sa_mask[0]=11111111011111111101111111111110, sa_flags=SA_RESTART|SA_SIGINFO
SIGFPE: [libjvm.so+0x90b880], sa_mask[0]=11111111011111111101111111111110, sa_flags=SA_RESTART|SA_SIGINFO
SIGPIPE: [libjvm.so+0x90b880], sa_mask[0]=11111111011111111101111111111110, sa_flags=SA_RESTART|SA_SIGINFO
SIGXFSZ: [libjvm.so+0x90b880], sa_mask[0]=11111111011111111101111111111110, sa_flags=SA_RESTART|SA_SIGINFO
SIGILL: [libjvm.so+0x90b880], sa_mask[0]=11111111011111111101111111111110, sa_flags=SA_RESTART|SA_SIGINFO
SIGUSR1: SIG_DFL, sa_mask[0]=00000000000000000000000000000000, sa_flags=none
SIGUSR2: [libjvm.so+0x90b750], sa_mask[0]=00000000000000000000000000000000, sa_flags=SA_RESTART|SA_SIGINFO
SIGHUP: [libjvm.so+0x90bd70], sa_mask[0]=11111111011111111101111111111110, sa_flags=SA_RESTART|SA_SIGINFO
SIGINT: [libjvm.so+0x90bd70], sa_mask[0]=11111111011111111101111111111110, sa_flags=SA_RESTART|SA_SIGINFO
SIGTERM: [libjvm.so+0x90bd70], sa_mask[0]=11111111011111111101111111111110, sa_flags=SA_RESTART|SA_SIGINFO
SIGQUIT: [libjvm.so+0x90bd70], sa_mask[0]=11111111011111111101111111111110, sa_flags=SA_RESTART|SA_SIGINFO


---------------  S Y S T E M  ---------------

OS:DISTRIB_ID=Ubuntu
DISTRIB_RELEASE=18.04
DISTRIB_CODENAME=bionic
DISTRIB_DESCRIPTION="Ubuntu 18.04.2 LTS"

uname:Linux 4.15.0-45-generic #48-Ubuntu SMP Tue Jan 29 16:28:13 UTC 2019 x86_64
libc:glibc 2.27 NPTL 2.27 
rlimit: STACK 8192k, CORE 0k, NPROC 15541, NOFILE 4096, AS infinity
load average:3.42 1.26 0.78

/proc/meminfo:
MemTotal:        4039168 kB
MemFree:           84828 kB
MemAvailable:          0 kB
Buffers:             352 kB
Cached:          1878844 kB
SwapCached:          196 kB
Active:          3135292 kB
Inactive:         632348 kB
Active(anon):    3131840 kB
Inactive(anon):   626504 kB
Active(file):       3452 kB
Inactive(file):     5844 kB
Unevictable:          32 kB
Mlocked:              32 kB
SwapTotal:        483800 kB
SwapFree:              0 kB
Dirty:                20 kB
Writeback:            20 kB
AnonPages:       1888368 kB
Mapped:          1860716 kB
Shmem:           1869816 kB
Slab:              79912 kB
SReclaimable:      40812 kB
SUnreclaim:        39100 kB
KernelStack:       10112 kB
PageTables:        45552 kB
NFS_Unstable:          0 kB
Bounce:                0 kB
WritebackTmp:          0 kB
CommitLimit:     2503384 kB
Committed_AS:    8290896 kB
VmallocTotal:   34359738367 kB
VmallocUsed:           0 kB
VmallocChunk:          0 kB
HardwareCorrupted:     0 kB
AnonHugePages:         0 kB
ShmemHugePages:        0 kB
ShmemPmdMapped:        0 kB
CmaTotal:              0 kB
CmaFree:               0 kB
HugePages_Total:       0
HugePages_Free:        0
HugePages_Rsvd:        0
HugePages_Surp:        0
Hugepagesize:       2048 kB
DirectMap4k:      163776 kB
DirectMap2M:     4030464 kB

container (cgroup) information:
container_type: cgroupv1
cpu_cpuset_cpus: 0-3
cpu_memory_nodes: 0
active_processor_count: 4
cpu_quota: -1
cpu_period: 100000
cpu_shares: -1
memory_limit_in_bytes: -1
memory_and_swap_limit_in_bytes: -2
memory_soft_limit_in_bytes: -1
memory_usage_in_bytes: 3857125376
memory_max_usage_in_bytes: 0


CPU:total 4 (initial active 4) (4 cores per cpu, 1 threads per core) family 6 model 158 stepping 9, cmov, cx8, fxsr, mmx, sse, sse2, sse3, ssse3, sse4.1, sse4.2, popcnt, avx, avx2, aes, clmul, 3dnowpref, lzcnt, tsc, tscinvbit

/proc/cpuinfo:
processor	: 0
vendor_id	: GenuineIntel
cpu family	: 6
model		: 158
model name	: Intel(R) Core(TM) i7-8705G CPU @ 3.10GHz
stepping	: 9
cpu MHz		: 3096.002
cache size	: 8192 KB
physical id	: 0
siblings	: 4
core id		: 0
cpu cores	: 4
apicid		: 0
initial apicid	: 0
fpu		: yes
fpu_exception	: yes
cpuid level	: 22
wp		: yes
flags		: fpu vme de pse tsc msr pae mce cx8 apic sep mtrr pge mca cmov pat pse36 clflush mmx fxsr sse sse2 ht syscall nx rdtscp lm constant_tsc rep_good nopl xtopology nonstop_tsc cpuid pni pclmulqdq ssse3 cx16 pcid sse4_1 sse4_2 x2apic movbe popcnt aes xsave avx rdrand hypervisor lahf_lm abm 3dnowprefetch invpcid_single pti fsgsbase avx2 invpcid rdseed clflushopt flush_l1d
bugs		: cpu_meltdown spectre_v1 spectre_v2 spec_store_bypass l1tf
bogomips	: 6192.00
clflush size	: 64
cache_alignment	: 64
address sizes	: 39 bits physical, 48 bits virtual
power management:

processor	: 1
vendor_id	: GenuineIntel
cpu family	: 6
model		: 158
model name	: Intel(R) Core(TM) i7-8705G CPU @ 3.10GHz
stepping	: 9
cpu MHz		: 3096.002
cache size	: 8192 KB
physical id	: 0
siblings	: 4
core id		: 1
cpu cores	: 4
apicid		: 1
initial apicid	: 1
fpu		: yes
fpu_exception	: yes
cpuid level	: 22
wp		: yes
flags		: fpu vme de pse tsc msr pae mce cx8 apic sep mtrr pge mca cmov pat pse36 clflush mmx fxsr sse sse2 ht syscall nx rdtscp lm constant_tsc rep_good nopl xtopology nonstop_tsc cpuid pni pclmulqdq ssse3 cx16 pcid sse4_1 sse4_2 x2apic movbe popcnt aes xsave avx rdrand hypervisor lahf_lm abm 3dnowprefetch invpcid_single pti fsgsbase avx2 invpcid rdseed clflushopt flush_l1d
bugs		: cpu_meltdown spectre_v1 spectre_v2 spec_store_bypass l1tf
bogomips	: 6192.00
clflush size	: 64
cache_alignment	: 64
address sizes	: 39 bits physical, 48 bits virtual
power management:

processor	: 2
vendor_id	: GenuineIntel
cpu family	: 6
model		: 158
model name	: Intel(R) Core(TM) i7-8705G CPU @ 3.10GHz
stepping	: 9
cpu MHz		: 3096.002
cache size	: 8192 KB
physical id	: 0
siblings	: 4
core id		: 2
cpu cores	: 4
apicid		: 2
initial apicid	: 2
fpu		: yes
fpu_exception	: yes
cpuid level	: 22
wp		: yes
flags		: fpu vme de pse tsc msr pae mce cx8 apic sep mtrr pge mca cmov pat pse36 clflush mmx fxsr sse sse2 ht syscall nx rdtscp lm constant_tsc rep_good nopl xtopology nonstop_tsc cpuid pni pclmulqdq ssse3 cx16 pcid sse4_1 sse4_2 x2apic movbe popcnt aes xsave avx rdrand hypervisor lahf_lm abm 3dnowprefetch invpcid_single pti fsgsbase avx2 invpcid rdseed clflushopt flush_l1d
bugs		: cpu_meltdown spectre_v1 spectre_v2 spec_store_bypass l1tf
bogomips	: 6192.00
clflush size	: 64
cache_alignment	: 64
address sizes	: 39 bits physical, 48 bits virtual
power management:

processor	: 3
vendor_id	: GenuineIntel
cpu family	: 6
model		: 158
model name	: Intel(R) Core(TM) i7-8705G CPU @ 3.10GHz
stepping	: 9
cpu MHz		: 3096.002
cache size	: 8192 KB
physical id	: 0
siblings	: 4
core id		: 3
cpu cores	: 4
apicid		: 3
initial apicid	: 3
fpu		: yes
fpu_exception	: yes
cpuid level	: 22
wp		: yes
flags		: fpu vme de pse tsc msr pae mce cx8 apic sep mtrr pge mca cmov pat pse36 clflush mmx fxsr sse sse2 ht syscall nx rdtscp lm constant_tsc rep_good nopl xtopology nonstop_tsc cpuid pni pclmulqdq ssse3 cx16 pcid sse4_1 sse4_2 x2apic movbe popcnt aes xsave avx rdrand hypervisor lahf_lm abm 3dnowprefetch invpcid_single pti fsgsbase avx2 invpcid rdseed clflushopt flush_l1d
bugs		: cpu_meltdown spectre_v1 spectre_v2 spec_store_bypass l1tf
bogomips	: 6192.00
clflush size	: 64
cache_alignment	: 64
address sizes	: 39 bits physical, 48 bits virtual
power management:



Memory: 4k page, physical 4039168k(86444k free), swap 483800k(0k free)

vm_info: Java HotSpot(TM) 64-Bit Server VM (25.201-b09) for linux-amd64 JRE (1.8.0_201-b09), built on Dec 15 2018 11:35:59 by "java_re" with gcc 7.3.0

time: Thu Mar 14 22:08:41 2019
timezone: EDT
elapsed time: 15 seconds (0d 0h 0m 15s)

