#
# There is insufficient memory for the Java Runtime Environment to continue.
# Native memory allocation (mmap) failed to map 39321600 bytes for committing reserved memory.
# Possible reasons:
#   The system is out of physical RAM or swap space
#   The process is running with CompressedOops enabled, and the Java Heap may be blocking the growth of the native heap
# Possible solutions:
#   Reduce memory load on the system
#   Increase physical memory or swap space
#   Check if swap backing store is full
#   Decrease Java heap size (-Xmx/-Xms)
#   Decrease number of Java threads
#   Decrease Java thread stack sizes (-Xss)
#   Set larger code cache with -XX:ReservedCodeCacheSize=
#   JVM is running with Unscaled Compressed Oops mode in which the Java heap is
#     placed in the first 4GB address space. The Java Heap base address is the
#     maximum limit for the native heap growth. Please use -XX:HeapBaseMinAddress
#     to set the Java Heap base and to place the Java Heap above 4GB virtual address.
# This output file may be truncated or incomplete.
#
#  Out of Memory Error (os_linux.cpp:2749), pid=8188, tid=0x00007f1a12e1c700
#
# JRE version: Java(TM) SE Runtime Environment (8.0_201-b09) (build 1.8.0_201-b09)
# Java VM: Java HotSpot(TM) 64-Bit Server VM (25.201-b09 mixed mode linux-amd64 compressed oops)
# Failed to write core dump. Core dumps have been disabled. To enable core dumping, try "ulimit -c unlimited" before starting Java again
#

---------------  T H R E A D  ---------------

Current thread (0x00007f1a24079800):  VMThread [stack: 0x00007f1a12d1d000,0x00007f1a12e1d000] [id=8215]

Stack: [0x00007f1a12d1d000,0x00007f1a12e1d000],  sp=0x00007f1a12e1b3f0,  free space=1016k
Native frames: (J=compiled Java code, j=interpreted, Vv=VM code, C=native code)
V  [libjvm.so+0xad3525]  VMError::report_and_die()+0x2e5
V  [libjvm.so+0x4e0457]  report_vm_out_of_memory(char const*, int, unsigned long, VMErrorType, char const*)+0x67
V  [libjvm.so+0x9102f0]  os::pd_commit_memory(char*, unsigned long, unsigned long, bool)+0x100
V  [libjvm.so+0x90791f]  os::commit_memory(char*, unsigned long, unsigned long, bool)+0x1f
V  [libjvm.so+0x98c806]  PSVirtualSpace::expand_by(unsigned long)+0x56
V  [libjvm.so+0x98da98]  PSYoungGen::resize(unsigned long, unsigned long)+0xd8
V  [libjvm.so+0x98a236]  PSScavenge::invoke_no_policy()+0x1376
V  [libjvm.so+0x98a5cc]  PSScavenge::invoke()+0x4c
V  [libjvm.so+0x93a318]  ParallelScavengeHeap::failed_mem_allocate(unsigned long)+0x68
V  [libjvm.so+0xad5073]  VM_ParallelGCFailedAllocation::doit()+0x93
V  [libjvm.so+0xada296]  VM_Operation::evaluate()+0x46
V  [libjvm.so+0xad85cd]  VMThread::evaluate_operation(VM_Operation*) [clone .constprop.44]+0xcd
V  [libjvm.so+0xad8bb3]  VMThread::loop()+0x3a3
V  [libjvm.so+0xad8f88]  VMThread::run()+0x78
V  [libjvm.so+0x90d922]  java_start(Thread*)+0x102

VM_Operation (0x00007f1a2d466ef0): ParallelGCFailedAllocation, mode: safepoint, requested by thread 0x00007f1a2400b800


---------------  P R O C E S S  ---------------

Java Threads: ( => current thread )
  0x00007f1a24d0b000 JavaThread "resolver-2" daemon [_thread_blocked, id=8225, stack(0x00007f1a109c7000,0x00007f1a10ac8000)]
  0x00007f1a24cf1800 JavaThread "resolver-1" daemon [_thread_blocked, id=8224, stack(0x00007f1a10ac8000,0x00007f1a10bc9000)]
  0x00007f1a240c2000 JavaThread "Service Thread" daemon [_thread_blocked, id=8222, stack(0x00007f1a11c46000,0x00007f1a11d47000)]
  0x00007f1a240bf000 JavaThread "C1 CompilerThread2" daemon [_thread_blocked, id=8221, stack(0x00007f1a11d48000,0x00007f1a11e48000)]
  0x00007f1a240bd800 JavaThread "C2 CompilerThread1" daemon [_thread_blocked, id=8220, stack(0x00007f1a11e49000,0x00007f1a11f49000)]
  0x00007f1a240ba800 JavaThread "C2 CompilerThread0" daemon [_thread_blocked, id=8219, stack(0x00007f1a11f4a000,0x00007f1a1204a000)]
  0x00007f1a240b9000 JavaThread "Signal Dispatcher" daemon [_thread_blocked, id=8218, stack(0x00007f1a1204a000,0x00007f1a1214b000)]
  0x00007f1a24085800 JavaThread "Finalizer" daemon [_thread_blocked, id=8217, stack(0x00007f1a12b1a000,0x00007f1a12c1b000)]
  0x00007f1a24083000 JavaThread "Reference Handler" daemon [_thread_blocked, id=8216, stack(0x00007f1a12c1b000,0x00007f1a12d1c000)]
  0x00007f1a2400b800 JavaThread "main" [_thread_blocked, id=8210, stack(0x00007f1a2d36b000,0x00007f1a2d46b000)]

Other Threads:
=>0x00007f1a24079800 VMThread [stack: 0x00007f1a12d1d000,0x00007f1a12e1d000] [id=8215]
  0x00007f1a240c4800 WatcherThread [stack: 0x00007f1a11b46000,0x00007f1a11c46000] [id=8223]

VM state:at safepoint (normal execution)

VM Mutex/Monitor currently owned by a thread:  ([mutex/lock_event])
[0x00007f1a24007dd0] Threads_lock - owner thread: 0x00007f1a24079800
[0x00007f1a240082d0] Heap_lock - owner thread: 0x00007f1a2400b800

heap address: 0x00000000c2400000, size: 988 MB, Compressed Oops mode: 32-bit
Narrow klass base: 0x0000000000000000, Narrow klass shift: 3
Compressed class space size: 1073741824 Address: 0x0000000100000000

Heap:
 PSYoungGen      total 69120K, used 6049K [0x00000000eb700000, 0x00000000f0100000, 0x0000000100000000)
  eden space 62976K, 0% used [0x00000000eb700000,0x00000000eb700000,0x00000000ef480000)
  from space 6144K, 98% used [0x00000000ef480000,0x00000000efa686a8,0x00000000efa80000)
  to   space 5632K, 0% used [0x00000000efa80000,0x00000000efa80000,0x00000000f0000000)
 ParOldGen       total 42496K, used 9993K [0x00000000c2400000, 0x00000000c4d80000, 0x00000000eb700000)
  object space 42496K, 23% used [0x00000000c2400000,0x00000000c2dc2578,0x00000000c4d80000)
 Metaspace       used 18767K, capacity 19424K, committed 19584K, reserved 1067008K
  class space    used 2193K, capacity 2357K, committed 2432K, reserved 1048576K

Card table byte_map: [0x00007f1a29e57000,0x00007f1a2a046000] byte_map_base: 0x00007f1a29845000

Marking Bits: (ParMarkBitMap*) 0x00007f1a2c813d80
 Begin Bits: [0x00007f1a13120000, 0x00007f1a14090000)
 End Bits:   [0x00007f1a14090000, 0x00007f1a15000000)

Polling page: 0x00007f1a2d483000

CodeCache: size=245760Kb used=11724Kb max_used=11735Kb free=234035Kb
 bounds [0x00007f1a15000000, 0x00007f1a15b90000, 0x00007f1a24000000]
 total_blobs=3789 nmethods=3439 adapters=263
 compilation: enabled

Compilation events (10 events):
Event: 3.662 Thread 0x00007f1a240bf000 3441       3       org.apache.maven.artifact.repository.MavenArtifactRepository::setProxy (6 bytes)
Event: 3.662 Thread 0x00007f1a240bf000 nmethod 3441 0x00007f1a15b7a550 code [0x00007f1a15b7a6a0, 0x00007f1a15b7a810]
Event: 3.662 Thread 0x00007f1a240bf000 3443       3       org.apache.maven.model.building.FileModelSource::<init> (6 bytes)
Event: 3.663 Thread 0x00007f1a240bf000 nmethod 3443 0x00007f1a15b7c810 code [0x00007f1a15b7ca20, 0x00007f1a15b7d398]
Event: 3.663 Thread 0x00007f1a240bf000 3444       3       org.apache.maven.model.building.DefaultModelProcessor::read (12 bytes)
Event: 3.663 Thread 0x00007f1a240bf000 nmethod 3444 0x00007f1a15b7c390 code [0x00007f1a15b7c500, 0x00007f1a15b7c728]
Event: 3.663 Thread 0x00007f1a240bf000 3445       3       org.apache.maven.model.Model::setScm (6 bytes)
Event: 3.663 Thread 0x00007f1a240bf000 nmethod 3445 0x00007f1a15b7c050 code [0x00007f1a15b7c1a0, 0x00007f1a15b7c310]
Event: 3.665 Thread 0x00007f1a240bd800 nmethod 3438 0x00007f1a15b79f10 code [0x00007f1a15b7a0a0, 0x00007f1a15b7a2e8]
Event: 3.665 Thread 0x00007f1a240bd800 3442       4       org.apache.maven.model.validation.DefaultModelValidator::validateStringNotEmpty (46 bytes)

GC Heap History (10 events):
Event: 1.421 GC heap after
Heap after GC invocations=4 (full 0):
 PSYoungGen      total 18432K, used 2544K [0x00000000eb700000, 0x00000000edb00000, 0x0000000100000000)
  eden space 15872K, 0% used [0x00000000eb700000,0x00000000eb700000,0x00000000ec680000)
  from space 2560K, 99% used [0x00000000ec900000,0x00000000ecb7c030,0x00000000ecb80000)
  to   space 2560K, 0% used [0x00000000ec680000,0x00000000ec680000,0x00000000ec900000)
 ParOldGen       total 42496K, used 5319K [0x00000000c2400000, 0x00000000c4d80000, 0x00000000eb700000)
  object space 42496K, 12% used [0x00000000c2400000,0x00000000c2931fd0,0x00000000c4d80000)
 Metaspace       used 11887K, capacity 12008K, committed 12160K, reserved 1060864K
  class space    used 1493K, capacity 1572K, committed 1664K, reserved 1048576K
}
Event: 1.684 GC heap before
{Heap before GC invocations=5 (full 0):
 PSYoungGen      total 18432K, used 18416K [0x00000000eb700000, 0x00000000edb00000, 0x0000000100000000)
  eden space 15872K, 100% used [0x00000000eb700000,0x00000000ec680000,0x00000000ec680000)
  from space 2560K, 99% used [0x00000000ec900000,0x00000000ecb7c030,0x00000000ecb80000)
  to   space 2560K, 0% used [0x00000000ec680000,0x00000000ec680000,0x00000000ec900000)
 ParOldGen       total 42496K, used 5319K [0x00000000c2400000, 0x00000000c4d80000, 0x00000000eb700000)
  object space 42496K, 12% used [0x00000000c2400000,0x00000000c2931fd0,0x00000000c4d80000)
 Metaspace       used 13420K, capacity 13594K, committed 13952K, reserved 1060864K
  class space    used 1698K, capacity 1799K, committed 1920K, reserved 1048576K
Event: 1.690 GC heap after
Heap after GC invocations=5 (full 0):
 PSYoungGen      total 18432K, used 2528K [0x00000000eb700000, 0x00000000ee100000, 0x0000000100000000)
  eden space 15872K, 0% used [0x00000000eb700000,0x00000000eb700000,0x00000000ec680000)
  from space 2560K, 98% used [0x00000000ec680000,0x00000000ec8f8020,0x00000000ec900000)
  to   space 5632K, 0% used [0x00000000edb80000,0x00000000edb80000,0x00000000ee100000)
 ParOldGen       total 42496K, used 6883K [0x00000000c2400000, 0x00000000c4d80000, 0x00000000eb700000)
  object space 42496K, 16% used [0x00000000c2400000,0x00000000c2ab8ca8,0x00000000c4d80000)
 Metaspace       used 13420K, capacity 13594K, committed 13952K, reserved 1060864K
  class space    used 1698K, capacity 1799K, committed 1920K, reserved 1048576K
}
Event: 1.905 GC heap before
{Heap before GC invocations=6 (full 0):
 PSYoungGen      total 18432K, used 18400K [0x00000000eb700000, 0x00000000ee100000, 0x0000000100000000)
  eden space 15872K, 100% used [0x00000000eb700000,0x00000000ec680000,0x00000000ec680000)
  from space 2560K, 98% used [0x00000000ec680000,0x00000000ec8f8020,0x00000000ec900000)
  to   space 5632K, 0% used [0x00000000edb80000,0x00000000edb80000,0x00000000ee100000)
 ParOldGen       total 42496K, used 6883K [0x00000000c2400000, 0x00000000c4d80000, 0x00000000eb700000)
  object space 42496K, 16% used [0x00000000c2400000,0x00000000c2ab8ca8,0x00000000c4d80000)
 Metaspace       used 14913K, capacity 15050K, committed 15360K, reserved 1062912K
  class space    used 1859K, capacity 1936K, committed 2048K, reserved 1048576K
Event: 1.909 GC heap after
Heap after GC invocations=6 (full 0):
 PSYoungGen      total 37376K, used 3706K [0x00000000eb700000, 0x00000000ee100000, 0x0000000100000000)
  eden space 31744K, 0% used [0x00000000eb700000,0x00000000eb700000,0x00000000ed600000)
  from space 5632K, 65% used [0x00000000edb80000,0x00000000edf1ea78,0x00000000ee100000)
  to   space 5632K, 0% used [0x00000000ed600000,0x00000000ed600000,0x00000000edb80000)
 ParOldGen       total 42496K, used 6891K [0x00000000c2400000, 0x00000000c4d80000, 0x00000000eb700000)
  object space 42496K, 16% used [0x00000000c2400000,0x00000000c2abaca8,0x00000000c4d80000)
 Metaspace       used 14913K, capacity 15050K, committed 15360K, reserved 1062912K
  class space    used 1859K, capacity 1936K, committed 2048K, reserved 1048576K
}
Event: 2.500 GC heap before
{Heap before GC invocations=7 (full 0):
 PSYoungGen      total 37376K, used 35450K [0x00000000eb700000, 0x00000000ee100000, 0x0000000100000000)
  eden space 31744K, 100% used [0x00000000eb700000,0x00000000ed600000,0x00000000ed600000)
  from space 5632K, 65% used [0x00000000edb80000,0x00000000edf1ea78,0x00000000ee100000)
  to   space 5632K, 0% used [0x00000000ed600000,0x00000000ed600000,0x00000000edb80000)
 ParOldGen       total 42496K, used 6891K [0x00000000c2400000, 0x00000000c4d80000, 0x00000000eb700000)
  object space 42496K, 16% used [0x00000000c2400000,0x00000000c2abaca8,0x00000000c4d80000)
 Metaspace       used 16627K, capacity 16848K, committed 17280K, reserved 1064960K
  class space    used 2012K, capacity 2102K, committed 2176K, reserved 1048576K
Event: 2.509 GC heap after
Heap after GC invocations=7 (full 0):
 PSYoungGen      total 37376K, used 5070K [0x00000000eb700000, 0x00000000f0000000, 0x0000000100000000)
  eden space 31744K, 0% used [0x00000000eb700000,0x00000000eb700000,0x00000000ed600000)
  from space 5632K, 90% used [0x00000000ed600000,0x00000000edaf3920,0x00000000edb80000)
  to   space 5632K, 0% used [0x00000000efa80000,0x00000000efa80000,0x00000000f0000000)
 ParOldGen       total 42496K, used 7803K [0x00000000c2400000, 0x00000000c4d80000, 0x00000000eb700000)
  object space 42496K, 18% used [0x00000000c2400000,0x00000000c2b9ed28,0x00000000c4d80000)
 Metaspace       used 16627K, capacity 16848K, committed 17280K, reserved 1064960K
  class space    used 2012K, capacity 2102K, committed 2176K, reserved 1048576K
}
Event: 2.867 GC heap before
{Heap before GC invocations=8 (full 0):
 PSYoungGen      total 37376K, used 36814K [0x00000000eb700000, 0x00000000f0000000, 0x0000000100000000)
  eden space 31744K, 100% used [0x00000000eb700000,0x00000000ed600000,0x00000000ed600000)
  from space 5632K, 90% used [0x00000000ed600000,0x00000000edaf3920,0x00000000edb80000)
  to   space 5632K, 0% used [0x00000000efa80000,0x00000000efa80000,0x00000000f0000000)
 ParOldGen       total 42496K, used 7803K [0x00000000c2400000, 0x00000000c4d80000, 0x00000000eb700000)
  object space 42496K, 18% used [0x00000000c2400000,0x00000000c2b9ed28,0x00000000c4d80000)
 Metaspace       used 17466K, capacity 17886K, committed 18176K, reserved 1064960K
  class space    used 2099K, capacity 2212K, committed 2304K, reserved 1048576K
Event: 2.886 GC heap after
Heap after GC invocations=8 (full 0):
 PSYoungGen      total 68608K, used 4992K [0x00000000eb700000, 0x00000000f0100000, 0x0000000100000000)
  eden space 62976K, 0% used [0x00000000eb700000,0x00000000eb700000,0x00000000ef480000)
  from space 5632K, 88% used [0x00000000efa80000,0x00000000eff60000,0x00000000f0000000)
  to   space 6144K, 0% used [0x00000000ef480000,0x00000000ef480000,0x00000000efa80000)
 ParOldGen       total 42496K, used 8805K [0x00000000c2400000, 0x00000000c4d80000, 0x00000000eb700000)
  object space 42496K, 20% used [0x00000000c2400000,0x00000000c2c99568,0x00000000c4d80000)
 Metaspace       used 17466K, capacity 17886K, committed 18176K, reserved 1064960K
  class space    used 2099K, capacity 2212K, committed 2304K, reserved 1048576K
}
Event: 3.709 GC heap before
{Heap before GC invocations=9 (full 0):
 PSYoungGen      total 68608K, used 67968K [0x00000000eb700000, 0x00000000f0100000, 0x0000000100000000)
  eden space 62976K, 100% used [0x00000000eb700000,0x00000000ef480000,0x00000000ef480000)
  from space 5632K, 88% used [0x00000000efa80000,0x00000000eff60000,0x00000000f0000000)
  to   space 6144K, 0% used [0x00000000ef480000,0x00000000ef480000,0x00000000efa80000)
 ParOldGen       total 42496K, used 8805K [0x00000000c2400000, 0x00000000c4d80000, 0x00000000eb700000)
  object space 42496K, 20% used [0x00000000c2400000,0x00000000c2c99568,0x00000000c4d80000)
 Metaspace       used 18767K, capacity 19424K, committed 19584K, reserved 1067008K
  class space    used 2193K, capacity 2357K, committed 2432K, reserved 1048576K

Deoptimization events (10 events):
Event: 3.165 Thread 0x00007f1a2400b800 Uncommon trap: reason=speculate_class_check action=maybe_recompile pc=0x00007f1a1583fcf4 method=java.nio.charset.CharsetDecoder.decode(Ljava/nio/ByteBuffer;Ljava/nio/CharBuffer;Z)Ljava/nio/charset/CoderResult; @ 57
Event: 3.169 Thread 0x00007f1a2400b800 Uncommon trap: reason=class_check action=maybe_recompile pc=0x00007f1a1592ff44 method=org.apache.maven.model.interpolation.StringSearchModelInterpolator$InterpolateObjectAction$MapField.doInterpolate(Ljava/lang/Object;Lorg/apache/maven/model/interpolation
Event: 3.262 Thread 0x00007f1a2400b800 Uncommon trap: reason=bimorphic action=maybe_recompile pc=0x00007f1a1577f450 method=java.util.regex.Pattern$CharProperty.match(Ljava/util/regex/Matcher;ILjava/lang/CharSequence;)Z @ 37
Event: 3.271 Thread 0x00007f1a2400b800 Uncommon trap: reason=unstable_if action=reinterpret pc=0x00007f1a155199f8 method=com.google.inject.internal.asm.$Type.getArgumentsAndReturnSizes(Ljava/lang/String;)I @ 41
Event: 3.271 Thread 0x00007f1a2400b800 Uncommon trap: reason=unstable_if action=reinterpret pc=0x00007f1a154cd144 method=com.google.inject.internal.asm.$Type.getArgumentsAndReturnSizes(Ljava/lang/String;)I @ 130
Event: 3.308 Thread 0x00007f1a2400b800 Uncommon trap: reason=unstable_if action=reinterpret pc=0x00007f1a159a1210 method=org.codehaus.plexus.classworlds.realm.Entry.matches(Ljava/lang/String;)Z @ 20
Event: 3.312 Thread 0x00007f1a2400b800 Uncommon trap: reason=unstable_if action=reinterpret pc=0x00007f1a15929500 method=java.util.Hashtable$Enumerator.nextElement()Ljava/lang/Object; @ 16
Event: 3.312 Thread 0x00007f1a2400b800 Uncommon trap: reason=unstable_if action=reinterpret pc=0x00007f1a15922d08 method=java.util.Hashtable$Enumerator.nextElement()Ljava/lang/Object; @ 16
Event: 3.327 Thread 0x00007f1a2400b800 Uncommon trap: reason=unstable_if action=reinterpret pc=0x00007f1a159cc260 method=org.apache.maven.model.Contributor.clone()Lorg/apache/maven/model/Contributor; @ 65
Event: 3.448 Thread 0x00007f1a2400b800 Uncommon trap: reason=null_check action=make_not_entrant pc=0x00007f1a15aa8cc4 method=org.apache.maven.model.io.xpp3.MavenXpp3ReaderEx.checkFieldWithDuplicate(Lorg/codehaus/plexus/util/xml/pull/XmlPullParser;Ljava/lang/String;Ljava/lang/String;Ljava/util/

Classes redefined (0 events):
No events

Internal exceptions (10 events):
Event: 1.892 Thread 0x00007f1a2400b800 Exception <a 'java/lang/NullPointerException'> (0x00000000ec5ddfe0) thrown at [/HUDSON/workspace/8-2-build-linux-amd64/jdk8u201/12317/hotspot/src/share/vm/interpreter/linkResolver.cpp, line 1185]
Event: 1.892 Thread 0x00007f1a2400b800 Exception <a 'java/lang/NullPointerException'> (0x00000000ec5de1f8) thrown at [/HUDSON/workspace/8-2-build-linux-amd64/jdk8u201/12317/hotspot/src/share/vm/interpreter/linkResolver.cpp, line 1185]
Event: 1.892 Thread 0x00007f1a2400b800 Exception <a 'java/lang/NullPointerException'> (0x00000000ec5de410) thrown at [/HUDSON/workspace/8-2-build-linux-amd64/jdk8u201/12317/hotspot/src/share/vm/interpreter/linkResolver.cpp, line 1185]
Event: 2.121 Thread 0x00007f1a2400b800 Implicit null exception at 0x00007f1a153752b5 to 0x00007f1a153754bd
Event: 2.121 Thread 0x00007f1a2400b800 Implicit null exception at 0x00007f1a15312d2f to 0x00007f1a15312d99
Event: 2.293 Thread 0x00007f1a2400b800 Implicit null exception at 0x00007f1a1574dd9b to 0x00007f1a1574e6f5
Event: 3.284 Thread 0x00007f1a2400b800 Exception <a 'java/lang/NoSuchMethodError': org.apache.maven.execution.MavenExecutionRequest.getFailureBehavior()Ljava/lang/String;> (0x00000000ed2744f0) thrown at [/HUDSON/workspace/8-2-build-linux-amd64/jdk8u201/12317/hotspot/src/share/vm/interpreter/li
Event: 3.310 Thread 0x00007f1a2400b800 Implicit null exception at 0x00007f1a15929460 to 0x00007f1a159294e1
Event: 3.312 Thread 0x00007f1a2400b800 Implicit null exception at 0x00007f1a15922c90 to 0x00007f1a15922ce9
Event: 3.428 Thread 0x00007f1a2400b800 Implicit null exception at 0x00007f1a15aa835b to 0x00007f1a15aa8cb5

Events (10 events):
Event: 3.426 loading class org/apache/maven/model/Model
Event: 3.426 loading class org/apache/maven/model/Model done
Event: 3.426 loading class org/apache/maven/model/Model
Event: 3.426 loading class org/apache/maven/model/Model done
Event: 3.448 Thread 0x00007f1a2400b800 Uncommon trap: trap_request=0xfffffff4 fr.pc=0x00007f1a15aa8cc4
Event: 3.448 Thread 0x00007f1a2400b800 DEOPT PACKING pc=0x00007f1a15aa8cc4 sp=0x00007f1a2d4676f0
Event: 3.448 Thread 0x00007f1a2400b800 DEOPT UNPACKING pc=0x00007f1a1504573a sp=0x00007f1a2d4676e0 mode 2
Event: 3.596 Thread 0x00007f1a2400b800 DEOPT PACKING pc=0x00007f1a156b32d2 sp=0x00007f1a2d466f00
Event: 3.596 Thread 0x00007f1a2400b800 DEOPT UNPACKING pc=0x00007f1a15047784 sp=0x00007f1a2d466c88 mode 0
Event: 3.665 Executing VM operation: ParallelGCFailedAllocation


Dynamic libraries:
00400000-00401000 r-xp 00000000 08:01 40676                              /usr/lib/jvm/java-8-oracle/bin/java
00600000-00601000 r--p 00000000 08:01 40676                              /usr/lib/jvm/java-8-oracle/bin/java
00601000-00602000 rw-p 00001000 08:01 40676                              /usr/lib/jvm/java-8-oracle/bin/java
00d33000-00d54000 rw-p 00000000 00:00 0                                  [heap]
c2400000-c4d80000 rw-p 00000000 00:00 0 
c4d80000-eb700000 ---p 00000000 00:00 0 
eb700000-f0100000 rw-p 00000000 00:00 0 
f2680000-100000000 ---p 00000000 00:00 0 
100000000-100260000 rw-p 00000000 00:00 0 
100260000-140000000 ---p 00000000 00:00 0 
7f19cc000000-7f19cc021000 rw-p 00000000 00:00 0 
7f19cc021000-7f19d0000000 ---p 00000000 00:00 0 
7f19d0000000-7f19d0021000 rw-p 00000000 00:00 0 
7f19d0021000-7f19d4000000 ---p 00000000 00:00 0 
7f19d4000000-7f19d4021000 rw-p 00000000 00:00 0 
7f19d4021000-7f19d8000000 ---p 00000000 00:00 0 
7f19d8000000-7f19d8021000 rw-p 00000000 00:00 0 
7f19d8021000-7f19dc000000 ---p 00000000 00:00 0 
7f19dc000000-7f19dcd25000 rw-p 00000000 00:00 0 
7f19dcd25000-7f19e0000000 ---p 00000000 00:00 0 
7f19e0000000-7f19e0ca7000 rw-p 00000000 00:00 0 
7f19e0ca7000-7f19e4000000 ---p 00000000 00:00 0 
7f19e4000000-7f19e4021000 rw-p 00000000 00:00 0 
7f19e4021000-7f19e8000000 ---p 00000000 00:00 0 
7f19e8000000-7f19e93a5000 rw-p 00000000 00:00 0 
7f19e93a5000-7f19ec000000 ---p 00000000 00:00 0 
7f19ec000000-7f19ec021000 rw-p 00000000 00:00 0 
7f19ec021000-7f19f0000000 ---p 00000000 00:00 0 
7f19f0000000-7f19f0021000 rw-p 00000000 00:00 0 
7f19f0021000-7f19f4000000 ---p 00000000 00:00 0 
7f19f4000000-7f19f4021000 rw-p 00000000 00:00 0 
7f19f4021000-7f19f8000000 ---p 00000000 00:00 0 
7f19f8000000-7f19f829c000 rw-p 00000000 00:00 0 
7f19f829c000-7f19fc000000 ---p 00000000 00:00 0 
7f19fc000000-7f19fc021000 rw-p 00000000 00:00 0 
7f19fc021000-7f1a00000000 ---p 00000000 00:00 0 
7f1a04000000-7f1a04021000 rw-p 00000000 00:00 0 
7f1a04021000-7f1a08000000 ---p 00000000 00:00 0 
7f1a0c000000-7f1a0c021000 rw-p 00000000 00:00 0 
7f1a0c021000-7f1a10000000 ---p 00000000 00:00 0 
7f1a109c7000-7f1a109ca000 ---p 00000000 00:00 0 
7f1a109ca000-7f1a10ac8000 rw-p 00000000 00:00 0 
7f1a10ac8000-7f1a10acb000 ---p 00000000 00:00 0 
7f1a10acb000-7f1a10bc9000 rw-p 00000000 00:00 0 
7f1a10bc9000-7f1a10bcb000 r--s 00002000 08:01 562217                     /home/ryro/.m2/repository/org/apache/maven/plugin-tools/maven-plugin-annotations/3.3/maven-plugin-annotations-3.3.jar
7f1a10bcb000-7f1a10bd0000 r--s 0002b000 08:01 562212                     /home/ryro/.m2/repository/org/apache/maven/surefire/surefire-api/2.19.1/surefire-api-2.19.1.jar
7f1a10bd0000-7f1a10bd6000 r--s 00048000 08:01 562211                     /home/ryro/.m2/repository/org/apache/commons/commons-lang3/3.1/commons-lang3-3.1.jar
7f1a10bd6000-7f1a10bd8000 r--s 00002000 08:01 562210                     /home/ryro/.m2/repository/org/sonatype/plexus/plexus-cipher/1.4/plexus-cipher-1.4.jar
7f1a10bd8000-7f1a10bd9000 r--s 00006000 08:01 562209                     /home/ryro/.m2/repository/org/sonatype/plexus/plexus-sec-dispatcher/1.3/plexus-sec-dispatcher-1.3.jar
7f1a10bd9000-7f1a10bda000 r--s 00002000 08:01 562199                     /home/ryro/.m2/repository/org/apache/maven/reporting/maven-reporting-api/3.0/maven-reporting-api-3.0.jar
7f1a10bda000-7f1a10bdc000 r--s 00003000 08:01 562158                     /home/ryro/.m2/repository/org/slf4j/jcl-over-slf4j/1.5.6/jcl-over-slf4j-1.5.6.jar
7f1a10bdc000-7f1a10bde000 r--s 00001000 08:01 562159                     /home/ryro/.m2/repository/org/slf4j/slf4j-jdk14/1.5.6/slf4j-jdk14-1.5.6.jar
7f1a10bde000-7f1a10be0000 r--s 0000b000 08:01 562162                     /home/ryro/.m2/repository/org/codehaus/plexus/plexus-interpolation/1.11/plexus-interpolation-1.11.jar
7f1a10be0000-7f1a10be8000 r--s 00049000 08:01 562181                     /home/ryro/.m2/repository/backport-util-concurrent/backport-util-concurrent/3.1/backport-util-concurrent-3.1.jar
7f1a10be8000-7f1a10bea000 r--s 00009000 08:01 556550                     /home/ryro/.m2/repository/org/hamcrest/hamcrest-core/1.3/hamcrest-core-1.3.jar
7f1a10bea000-7f1a10bf2000 r--s 00045000 08:01 556548                     /home/ryro/.m2/repository/junit/junit/4.12/junit-4.12.jar
7f1a10bf2000-7f1a10bf6000 r--s 00034000 08:01 562169                     /home/ryro/.m2/repository/org/codehaus/plexus/plexus-utils/1.5.15/plexus-utils-1.5.15.jar
7f1a10bf6000-7f1a10bf8000 r--s 0000a000 08:01 562161                     /home/ryro/.m2/repository/org/apache/maven/surefire/surefire-booter/2.19.1/surefire-booter-2.19.1.jar
7f1a10bf8000-7f1a10cb8000 rw-p 00000000 00:00 0 
7f1a10cb8000-7f1a10df8000 ---p 00000000 00:00 0 
7f1a10df8000-7f1a10dfe000 r--s 00042000 08:01 562163                     /home/ryro/.m2/repository/org/apache/maven/surefire/maven-surefire-common/2.19.1/maven-surefire-common-2.19.1.jar
7f1a10dfe000-7f1a10e01000 r--s 00017000 08:01 556534                     /home/ryro/.m2/repository/org/junit/jupiter/junit-jupiter-api/5.1.0/junit-jupiter-api-5.1.0.jar
7f1a10e01000-7f1a10e02000 r--s 00001000 08:01 556538                     /home/ryro/.m2/repository/org/opentest4j/opentest4j/1.0.0/opentest4j-1.0.0.jar
7f1a10e02000-7f1a10e04000 r--s 00011000 08:01 556540                     /home/ryro/.m2/repository/org/junit/platform/junit-platform-commons/1.1.0/junit-platform-commons-1.1.0.jar
7f1a10e04000-7f1a10e07000 r--s 00014000 08:01 556544                     /home/ryro/.m2/repository/org/junit/platform/junit-platform-engine/1.1.0/junit-platform-engine-1.1.0.jar
7f1a10e07000-7f1a10e0a000 r--s 00020000 08:01 556542                     /home/ryro/.m2/repository/org/junit/jupiter/junit-jupiter-engine/5.1.0/junit-jupiter-engine-5.1.0.jar
7f1a10e0a000-7f1a10e0c000 r--s 00009000 08:01 562160                     /home/ryro/.m2/repository/org/apache/maven/surefire/common-java5/2.19.1/common-java5-2.19.1.jar
7f1a10e0c000-7f1a10e0e000 r--s 00012000 08:01 556552                     /home/ryro/.m2/repository/org/junit/platform/junit-platform-launcher/1.1.0/junit-platform-launcher-1.1.0.jar
7f1a10e0e000-7f1a10e0f000 r--s 00000000 08:01 556536                     /home/ryro/.m2/repository/org/apiguardian/apiguardian-api/1.0.0/apiguardian-api-1.0.0.jar
7f1a10e0f000-7f1a10e11000 r--s 00003000 08:01 562155                     /home/ryro/.m2/repository/org/junit/platform/junit-platform-surefire-provider/1.1.0/junit-platform-surefire-provider-1.1.0.jar
7f1a10e11000-7f1a10e12000 r--s 00009000 08:01 556581                     /home/ryro/.m2/repository/org/apache/maven/plugins/maven-surefire-plugin/2.19.1/maven-surefire-plugin-2.19.1.jar
7f1a10e12000-7f1a10e15000 r--s 0001b000 08:01 557365                     /home/ryro/.m2/repository/junit/junit/3.8.2/junit-3.8.2.jar
7f1a10e15000-7f1a10e23000 r--s 0008f000 08:01 557363                     /home/ryro/.m2/repository/com/google/collections/google-collections/1.0/google-collections-1.0.jar
7f1a10e23000-7f1a10e24000 r--s 0000a000 08:01 557361                     /home/ryro/.m2/repository/commons-logging/commons-logging-api/1.1/commons-logging-api-1.1.jar
7f1a10e24000-7f1a10e2b000 r--s 00051000 08:01 557359                     /home/ryro/.m2/repository/log4j/log4j/1.2.12/log4j-1.2.12.jar
7f1a10e2b000-7f1a10e2f000 r--s 0001d000 08:01 557357                     /home/ryro/.m2/repository/org/apache/xbean/xbean-reflect/3.4/xbean-reflect-3.4.jar
7f1a10e2f000-7f1a10e30000 r--s 00004000 08:01 557351                     /home/ryro/.m2/repository/org/codehaus/plexus/plexus-compiler-javac/2.2/plexus-compiler-javac-2.2.jar
7f1a10e30000-7f1a10e32000 r--s 00000000 08:01 557349                     /home/ryro/.m2/repository/org/codehaus/plexus/plexus-compiler-manager/2.2/plexus-compiler-manager-2.2.jar
7f1a10e32000-7f1a10e34000 r--s 00005000 08:01 557347                     /home/ryro/.m2/repository/org/codehaus/plexus/plexus-compiler-api/2.2/plexus-compiler-api-2.2.jar
7f1a10e34000-7f1a10e36000 r--s 00000000 08:01 557345                     /home/ryro/.m2/repository/org/codehaus/plexus/plexus-component-annotations/1.5.5/plexus-component-annotations-1.5.5.jar
7f1a10e36000-7f1a10e38000 r--s 00002000 08:01 557343                     /home/ryro/.m2/repository/org/apache/maven/shared/maven-shared-incremental/1.1/maven-shared-incremental-1.1.jar
7f1a10e38000-7f1a10e3a000 r--s 00006000 08:01 557341                     /home/ryro/.m2/repository/com/google/code/findbugs/jsr305/2.0.1/jsr305-2.0.1.jar
7f1a10e3a000-7f1a10e3d000 r--s 00023000 08:01 557339                     /home/ryro/.m2/repository/org/apache/maven/shared/maven-shared-utils/0.1/maven-shared-utils-0.1.jar
7f1a10e3d000-7f1a10e41000 r--s 00030000 08:01 557311                     /home/ryro/.m2/repository/org/codehaus/plexus/plexus-utils/1.5.1/plexus-utils-1.5.1.jar
7f1a10e41000-7f1a10e43000 r--s 00009000 08:01 556575                     /home/ryro/.m2/repository/org/apache/maven/plugins/maven-compiler-plugin/3.1/maven-compiler-plugin-3.1.jar
7f1a10e43000-7f1a10e45000 r--s 0000d000 08:01 557516                     /home/ryro/.m2/repository/org/codehaus/plexus/plexus-interpolation/1.13/plexus-interpolation-1.13.jar
7f1a10e45000-7f1a10e46000 r--s 00001000 08:01 557514                     /home/ryro/.m2/repository/org/sonatype/plexus/plexus-build-api/0.0.4/plexus-build-api-0.0.4.jar
7f1a10e46000-7f1a10e48000 r--s 00009000 08:01 557512                     /home/ryro/.m2/repository/org/apache/maven/shared/maven-filtering/1.1/maven-filtering-1.1.jar
7f1a10e48000-7f1a10e4c000 r--s 00033000 08:01 557507                     /home/ryro/.m2/repository/org/codehaus/plexus/plexus-utils/2.0.5/plexus-utils-2.0.5.jar
7f1a10e4c000-7f1a10e4f000 r--s 0001b000 08:01 557502                     /home/ryro/.m2/repository/junit/junit/3.8.1/junit-3.8.1.jar
7f1a10e4f000-7f1a10e51000 r--s 00002000 08:01 557474                     /home/ryro/.m2/repository/org/codehaus/plexus/plexus-interactivity-api/1.0-alpha-4/plexus-interactivity-api-1.0-alpha-4.jar
7f1a10e51000-7f1a10e53000 r--s 00006000 08:01 557467                     /home/ryro/.m2/repository/commons-cli/commons-cli/1.0/commons-cli-1.0.jar
7f1a10e53000-7f1a10e54000 r--s 00001000 08:01 557456                     /home/ryro/.m2/repository/org/apache/maven/doxia/doxia-sink-api/1.0-alpha-7/doxia-sink-api-1.0-alpha-7.jar
7f1a10e54000-7f1a10e55000 r--s 00002000 08:01 557452                     /home/ryro/.m2/repository/org/apache/maven/reporting/maven-reporting-api/2.0.6/maven-reporting-api-2.0.6.jar
7f1a10e55000-7f1a10e57000 r--s 00006000 08:01 556569                     /home/ryro/.m2/repository/org/apache/maven/plugins/maven-resources-plugin/2.6/maven-resources-plugin-2.6.jar
7f1a10e57000-7f1a11057000 rw-p 00000000 00:00 0 
7f1a11057000-7f1a11068000 r-xp 00000000 08:01 42585                      /usr/lib/jvm/java-8-oracle/jre/lib/amd64/libnio.so
7f1a11068000-7f1a11267000 ---p 00011000 08:01 42585                      /usr/lib/jvm/java-8-oracle/jre/lib/amd64/libnio.so
7f1a11267000-7f1a11268000 r--p 00010000 08:01 42585                      /usr/lib/jvm/java-8-oracle/jre/lib/amd64/libnio.so
7f1a11268000-7f1a11269000 rw-p 00011000 08:01 42585                      /usr/lib/jvm/java-8-oracle/jre/lib/amd64/libnio.so
7f1a11269000-7f1a1127f000 r-xp 00000000 08:01 42582                      /usr/lib/jvm/java-8-oracle/jre/lib/amd64/libnet.so
7f1a1127f000-7f1a1147f000 ---p 00016000 08:01 42582                      /usr/lib/jvm/java-8-oracle/jre/lib/amd64/libnet.so
7f1a1147f000-7f1a11480000 r--p 00016000 08:01 42582                      /usr/lib/jvm/java-8-oracle/jre/lib/amd64/libnet.so
7f1a11480000-7f1a11481000 rw-p 00017000 08:01 42582                      /usr/lib/jvm/java-8-oracle/jre/lib/amd64/libnet.so
7f1a11481000-7f1a11485000 r--s 000a1000 08:01 42293                      /usr/lib/jvm/java-8-oracle/jre/lib/jsse.jar
7f1a11485000-7f1a11685000 rw-p 00000000 00:00 0 
7f1a11685000-7f1a11885000 rw-p 00000000 00:00 0 
7f1a11885000-7f1a11a85000 rw-p 00000000 00:00 0 
7f1a11a85000-7f1a11a87000 r--s 00000000 08:01 299313                     /usr/share/java/plexus-component-annotations.jar
7f1a11a87000-7f1a11a8a000 r--s 00015000 08:01 299367                     /usr/share/java/maven3-embedder.jar
7f1a11a8a000-7f1a11a8f000 r--s 00030000 08:01 299069                     /usr/share/java/commons-io.jar
7f1a11a8f000-7f1a11a90000 r--s 00001000 08:01 299027                     /usr/share/java/geronimo-interceptor-3.0-spec.jar
7f1a11a90000-7f1a11a91000 r--s 00000000 08:01 299012                     /usr/share/java/atinject-jsr330-api-1.0.jar
7f1a11a91000-7f1a11a94000 r--s 0000e000 08:01 299032                     /usr/share/java/cdi-api.jar
7f1a11a94000-7f1a11a96000 r--s 0000e000 08:01 299372                     /usr/share/java/maven3-resolver-provider.jar
7f1a11a96000-7f1a11a9a000 r--s 0001f000 08:01 299277                     /usr/share/java/maven-resolver-api.jar
7f1a11a9a000-7f1a11a9e000 r--s 0003b000 08:01 299267                     /usr/share/java/plexus-utils2.jar
7f1a11a9e000-7f1a11a9f000 r--s 0000a000 08:01 299374                     /usr/share/java/maven3-settings.jar
7f1a11a9f000-7f1a11aa1000 r--s 0000b000 08:01 299272                     /usr/share/java/wagon-provider-api.jar
7f1a11aa1000-7f1a11aa7000 r--s 0002d000 08:01 299357                     /usr/share/java/sisu-plexus.jar
7f1a11aa7000-7f1a11aa8000 r--s 00000000 08:01 299012                     /usr/share/java/atinject-jsr330-api-1.0.jar
7f1a11aa8000-7f1a11ab0000 r--s 0006d000 08:01 299082                     /usr/share/java/commons-lang3.jar
7f1a11ab0000-7f1a11ab1000 r--s 00002000 08:01 299087                     /usr/share/java/geronimo-annotation-1.3-spec.jar
7f1a11ab1000-7f1a11ab8000 r--s 00054000 08:01 299352                     /usr/share/java/sisu-inject.jar
7f1a11ab8000-7f1a11aba000 r--s 0000a000 08:01 299052                     /usr/share/java/commons-cli.jar
7f1a11aba000-7f1a11abc000 r--s 00003000 08:01 299329                     /usr/share/java/jcl-over-slf4j.jar
7f1a11abc000-7f1a11abe000 r--s 00006000 08:01 299280                     /usr/share/java/maven-resolver-spi.jar
7f1a11abe000-7f1a11ac5000 r--s 00042000 08:01 299365                     /usr/share/java/maven3-compat.jar
7f1a11ac5000-7f1a11ac7000 r--s 00008000 08:01 299373                     /usr/share/java/maven3-settings-builder.jar
7f1a11ac7000-7f1a11ac9000 r--s 00009000 08:01 299332                     /usr/share/java/slf4j-api.jar
7f1a11ac9000-7f1a11acc000 r--s 0000a000 08:01 299363                     /usr/share/java/maven3-artifact.jar
7f1a11acc000-7f1a11ad9000 r--s 0008d000 08:01 299366                     /usr/share/java/maven3-core.jar
7f1a11ad9000-7f1a11ade000 r--s 00026000 08:01 299368                     /usr/share/java/maven3-model-builder.jar
7f1a11ade000-7f1a11aec000 r--s 0009a000 08:01 299155                     /usr/share/java/guice.jar
7f1a11aec000-7f1a11b19000 r--s 001ce000 08:01 299410                     /usr/share/java/wagon-http-shaded-3.0.0.jar
7f1a11b19000-7f1a11b45000 r--s 00208000 08:01 299113                     /usr/share/java/guava.jar
7f1a11b45000-7f1a11b46000 ---p 00000000 00:00 0 
7f1a11b46000-7f1a11c46000 rw-p 00000000 00:00 0 
7f1a11c46000-7f1a11c49000 ---p 00000000 00:00 0 
7f1a11c49000-7f1a11d47000 rw-p 00000000 00:00 0 
7f1a11d47000-7f1a11d48000 ---p 00000000 00:00 0 
7f1a11d48000-7f1a11d4b000 ---p 00000000 00:00 0 
7f1a11d4b000-7f1a11e48000 rw-p 00000000 00:00 0 
7f1a11e48000-7f1a11e49000 ---p 00000000 00:00 0 
7f1a11e49000-7f1a11e4c000 ---p 00000000 00:00 0 
7f1a11e4c000-7f1a11f49000 rw-p 00000000 00:00 0 
7f1a11f49000-7f1a11f4a000 ---p 00000000 00:00 0 
7f1a11f4a000-7f1a11f4d000 ---p 00000000 00:00 0 
7f1a11f4d000-7f1a1204a000 rw-p 00000000 00:00 0 
7f1a1204a000-7f1a1204d000 ---p 00000000 00:00 0 
7f1a1204d000-7f1a1214b000 rw-p 00000000 00:00 0 
7f1a1214b000-7f1a12b1a000 r--p 00000000 08:01 3870                       /usr/lib/locale/locale-archive
7f1a12b1a000-7f1a12b1d000 ---p 00000000 00:00 0 
7f1a12b1d000-7f1a12c1b000 rw-p 00000000 00:00 0 
7f1a12c1b000-7f1a12c1e000 ---p 00000000 00:00 0 
7f1a12c1e000-7f1a12d1c000 rw-p 00000000 00:00 0 
7f1a12d1c000-7f1a12d1d000 ---p 00000000 00:00 0 
7f1a12d1d000-7f1a15000000 rw-p 00000000 00:00 0 
7f1a15000000-7f1a15b90000 rwxp 00000000 00:00 0 
7f1a15b90000-7f1a24000000 ---p 00000000 00:00 0 
7f1a24000000-7f1a24d66000 rw-p 00000000 00:00 0 
7f1a24d66000-7f1a28000000 ---p 00000000 00:00 0 
7f1a28000000-7f1a28004000 r--s 00028000 08:01 299279                     /usr/share/java/maven-resolver-impl.jar
7f1a28004000-7f1a28005000 r--s 00002000 08:01 299364                     /usr/share/java/maven3-builder-support.jar
7f1a28005000-7f1a28006000 r--s 00003000 08:01 299303                     /usr/share/java/plexus-cipher.jar
7f1a28006000-7f1a28008000 r--s 00006000 08:01 299324                     /usr/share/java/plexus-sec-dispatcher.jar
7f1a28008000-7f1a28009000 r--s 00004000 08:01 299375                     /usr/share/java/maven3-slf4j-provider.jar
7f1a28009000-7f1a2800b000 r--s 0000a000 08:01 299370                     /usr/share/java/maven3-plugin-api.jar
7f1a2800b000-7f1a2800d000 r--s 00005000 08:01 299284                     /usr/share/java/maven-resolver-transport-wagon.jar
7f1a2800d000-7f1a2800f000 r--s 00008000 08:01 299278                     /usr/share/java/maven-resolver-connector-basic.jar
7f1a2800f000-7f1a28011000 r--s 00001000 08:01 299134                     /usr/share/java/aopalliance-1.0.jar
7f1a28011000-7f1a28013000 r--s 00007000 08:01 299259                     /usr/share/java/jansi.jar
7f1a28013000-7f1a28016000 r--s 00027000 08:01 299369                     /usr/share/java/maven3-model.jar
7f1a28016000-7f1a2801a000 r--s 00022000 08:01 299285                     /usr/share/java/maven-resolver-util.jar
7f1a2801a000-7f1a28ccb000 rw-p 00000000 00:00 0 
7f1a28ccb000-7f1a28ea5000 r--s 03d6f000 08:01 42288                      /usr/lib/jvm/java-8-oracle/jre/lib/rt.jar
7f1a28ea5000-7f1a29909000 rw-p 00000000 00:00 0 
7f1a29909000-7f1a2990a000 ---p 00000000 00:00 0 
7f1a2990a000-7f1a29a0a000 rw-p 00000000 00:00 0 
7f1a29a0a000-7f1a29a0b000 ---p 00000000 00:00 0 
7f1a29a0b000-7f1a29b0b000 rw-p 00000000 00:00 0 
7f1a29b0b000-7f1a29b0c000 ---p 00000000 00:00 0 
7f1a29b0c000-7f1a29c0c000 rw-p 00000000 00:00 0 
7f1a29c0c000-7f1a29c0d000 ---p 00000000 00:00 0 
7f1a29c0d000-7f1a29d22000 rw-p 00000000 00:00 0 
7f1a29d22000-7f1a29e57000 ---p 00000000 00:00 0 
7f1a29e57000-7f1a29e6c000 rw-p 00000000 00:00 0 
7f1a29e6c000-7f1a29fa0000 ---p 00000000 00:00 0 
7f1a29fa0000-7f1a29fc6000 rw-p 00000000 00:00 0 
7f1a29fc6000-7f1a2a045000 ---p 00000000 00:00 0 
7f1a2a045000-7f1a2a075000 rw-p 00000000 00:00 0 
7f1a2a075000-7f1a2a406000 ---p 00000000 00:00 0 
7f1a2a406000-7f1a2a421000 r-xp 00000000 08:01 42578                      /usr/lib/jvm/java-8-oracle/jre/lib/amd64/libzip.so
7f1a2a421000-7f1a2a620000 ---p 0001b000 08:01 42578                      /usr/lib/jvm/java-8-oracle/jre/lib/amd64/libzip.so
7f1a2a620000-7f1a2a621000 r--p 0001a000 08:01 42578                      /usr/lib/jvm/java-8-oracle/jre/lib/amd64/libzip.so
7f1a2a621000-7f1a2a622000 rw-p 0001b000 08:01 42578                      /usr/lib/jvm/java-8-oracle/jre/lib/amd64/libzip.so
7f1a2a622000-7f1a2a62d000 r-xp 00000000 08:01 400137                     /lib/x86_64-linux-gnu/libnss_files-2.27.so
7f1a2a62d000-7f1a2a82c000 ---p 0000b000 08:01 400137                     /lib/x86_64-linux-gnu/libnss_files-2.27.so
7f1a2a82c000-7f1a2a82d000 r--p 0000a000 08:01 400137                     /lib/x86_64-linux-gnu/libnss_files-2.27.so
7f1a2a82d000-7f1a2a82e000 rw-p 0000b000 08:01 400137                     /lib/x86_64-linux-gnu/libnss_files-2.27.so
7f1a2a82e000-7f1a2a834000 rw-p 00000000 00:00 0 
7f1a2a834000-7f1a2a84b000 r-xp 00000000 08:01 400131                     /lib/x86_64-linux-gnu/libnsl-2.27.so
7f1a2a84b000-7f1a2aa4a000 ---p 00017000 08:01 400131                     /lib/x86_64-linux-gnu/libnsl-2.27.so
7f1a2aa4a000-7f1a2aa4b000 r--p 00016000 08:01 400131                     /lib/x86_64-linux-gnu/libnsl-2.27.so
7f1a2aa4b000-7f1a2aa4c000 rw-p 00017000 08:01 400131                     /lib/x86_64-linux-gnu/libnsl-2.27.so
7f1a2aa4c000-7f1a2aa4e000 rw-p 00000000 00:00 0 
7f1a2aa4e000-7f1a2aa59000 r-xp 00000000 08:01 400148                     /lib/x86_64-linux-gnu/libnss_nis-2.27.so
7f1a2aa59000-7f1a2ac58000 ---p 0000b000 08:01 400148                     /lib/x86_64-linux-gnu/libnss_nis-2.27.so
7f1a2ac58000-7f1a2ac59000 r--p 0000a000 08:01 400148                     /lib/x86_64-linux-gnu/libnss_nis-2.27.so
7f1a2ac59000-7f1a2ac5a000 rw-p 0000b000 08:01 400148                     /lib/x86_64-linux-gnu/libnss_nis-2.27.so
7f1a2ac5a000-7f1a2ac62000 r-xp 00000000 08:01 400133                     /lib/x86_64-linux-gnu/libnss_compat-2.27.so
7f1a2ac62000-7f1a2ae62000 ---p 00008000 08:01 400133                     /lib/x86_64-linux-gnu/libnss_compat-2.27.so
7f1a2ae62000-7f1a2ae63000 r--p 00008000 08:01 400133                     /lib/x86_64-linux-gnu/libnss_compat-2.27.so
7f1a2ae63000-7f1a2ae64000 rw-p 00009000 08:01 400133                     /lib/x86_64-linux-gnu/libnss_compat-2.27.so
7f1a2ae64000-7f1a2ae90000 r-xp 00000000 08:01 42572                      /usr/lib/jvm/java-8-oracle/jre/lib/amd64/libjava.so
7f1a2ae90000-7f1a2b090000 ---p 0002c000 08:01 42572                      /usr/lib/jvm/java-8-oracle/jre/lib/amd64/libjava.so
7f1a2b090000-7f1a2b091000 r--p 0002c000 08:01 42572                      /usr/lib/jvm/java-8-oracle/jre/lib/amd64/libjava.so
7f1a2b091000-7f1a2b093000 rw-p 0002d000 08:01 42572                      /usr/lib/jvm/java-8-oracle/jre/lib/amd64/libjava.so
7f1a2b093000-7f1a2b0a0000 r-xp 00000000 08:01 42577                      /usr/lib/jvm/java-8-oracle/jre/lib/amd64/libverify.so
7f1a2b0a0000-7f1a2b29f000 ---p 0000d000 08:01 42577                      /usr/lib/jvm/java-8-oracle/jre/lib/amd64/libverify.so
7f1a2b29f000-7f1a2b2a1000 r--p 0000c000 08:01 42577                      /usr/lib/jvm/java-8-oracle/jre/lib/amd64/libverify.so
7f1a2b2a1000-7f1a2b2a2000 rw-p 0000e000 08:01 42577                      /usr/lib/jvm/java-8-oracle/jre/lib/amd64/libverify.so
7f1a2b2a2000-7f1a2b2a9000 r-xp 00000000 08:01 400188                     /lib/x86_64-linux-gnu/librt-2.27.so
7f1a2b2a9000-7f1a2b4a8000 ---p 00007000 08:01 400188                     /lib/x86_64-linux-gnu/librt-2.27.so
7f1a2b4a8000-7f1a2b4a9000 r--p 00006000 08:01 400188                     /lib/x86_64-linux-gnu/librt-2.27.so
7f1a2b4a9000-7f1a2b4aa000 rw-p 00007000 08:01 400188                     /lib/x86_64-linux-gnu/librt-2.27.so
7f1a2b4aa000-7f1a2b647000 r-xp 00000000 08:01 400110                     /lib/x86_64-linux-gnu/libm-2.27.so
7f1a2b647000-7f1a2b846000 ---p 0019d000 08:01 400110                     /lib/x86_64-linux-gnu/libm-2.27.so
7f1a2b846000-7f1a2b847000 r--p 0019c000 08:01 400110                     /lib/x86_64-linux-gnu/libm-2.27.so
7f1a2b847000-7f1a2b848000 rw-p 0019d000 08:01 400110                     /lib/x86_64-linux-gnu/libm-2.27.so
7f1a2b848000-7f1a2c530000 r-xp 00000000 08:01 42600                      /usr/lib/jvm/java-8-oracle/jre/lib/amd64/server/libjvm.so
7f1a2c530000-7f1a2c72f000 ---p 00ce8000 08:01 42600                      /usr/lib/jvm/java-8-oracle/jre/lib/amd64/server/libjvm.so
7f1a2c72f000-7f1a2c7c5000 r--p 00ce7000 08:01 42600                      /usr/lib/jvm/java-8-oracle/jre/lib/amd64/server/libjvm.so
7f1a2c7c5000-7f1a2c7f6000 rw-p 00d7d000 08:01 42600                      /usr/lib/jvm/java-8-oracle/jre/lib/amd64/server/libjvm.so
7f1a2c7f6000-7f1a2c831000 rw-p 00000000 00:00 0 
7f1a2c831000-7f1a2ca18000 r-xp 00000000 08:01 400047                     /lib/x86_64-linux-gnu/libc-2.27.so
7f1a2ca18000-7f1a2cc18000 ---p 001e7000 08:01 400047                     /lib/x86_64-linux-gnu/libc-2.27.so
7f1a2cc18000-7f1a2cc1c000 r--p 001e7000 08:01 400047                     /lib/x86_64-linux-gnu/libc-2.27.so
7f1a2cc1c000-7f1a2cc1e000 rw-p 001eb000 08:01 400047                     /lib/x86_64-linux-gnu/libc-2.27.so
7f1a2cc1e000-7f1a2cc22000 rw-p 00000000 00:00 0 
7f1a2cc22000-7f1a2cc25000 r-xp 00000000 08:01 400070                     /lib/x86_64-linux-gnu/libdl-2.27.so
7f1a2cc25000-7f1a2ce24000 ---p 00003000 08:01 400070                     /lib/x86_64-linux-gnu/libdl-2.27.so
7f1a2ce24000-7f1a2ce25000 r--p 00002000 08:01 400070                     /lib/x86_64-linux-gnu/libdl-2.27.so
7f1a2ce25000-7f1a2ce26000 rw-p 00003000 08:01 400070                     /lib/x86_64-linux-gnu/libdl-2.27.so
7f1a2ce26000-7f1a2ce3d000 r-xp 00000000 08:01 42223                      /usr/lib/jvm/java-8-oracle/lib/amd64/jli/libjli.so
7f1a2ce3d000-7f1a2d03c000 ---p 00017000 08:01 42223                      /usr/lib/jvm/java-8-oracle/lib/amd64/jli/libjli.so
7f1a2d03c000-7f1a2d03d000 r--p 00016000 08:01 42223                      /usr/lib/jvm/java-8-oracle/lib/amd64/jli/libjli.so
7f1a2d03d000-7f1a2d03e000 rw-p 00017000 08:01 42223                      /usr/lib/jvm/java-8-oracle/lib/amd64/jli/libjli.so
7f1a2d03e000-7f1a2d058000 r-xp 00000000 08:01 400180                     /lib/x86_64-linux-gnu/libpthread-2.27.so
7f1a2d058000-7f1a2d257000 ---p 0001a000 08:01 400180                     /lib/x86_64-linux-gnu/libpthread-2.27.so
7f1a2d257000-7f1a2d258000 r--p 00019000 08:01 400180                     /lib/x86_64-linux-gnu/libpthread-2.27.so
7f1a2d258000-7f1a2d259000 rw-p 0001a000 08:01 400180                     /lib/x86_64-linux-gnu/libpthread-2.27.so
7f1a2d259000-7f1a2d25d000 rw-p 00000000 00:00 0 
7f1a2d25d000-7f1a2d284000 r-xp 00000000 08:01 400019                     /lib/x86_64-linux-gnu/ld-2.27.so
7f1a2d284000-7f1a2d36a000 rw-p 00000000 00:00 0 
7f1a2d36a000-7f1a2d36b000 ---p 00000000 00:00 0 
7f1a2d36b000-7f1a2d36e000 ---p 00000000 00:00 0 
7f1a2d36e000-7f1a2d46f000 rw-p 00000000 00:00 0 
7f1a2d46f000-7f1a2d470000 r--s 00001000 08:01 299404                     /usr/share/java/wagon-file.jar
7f1a2d470000-7f1a2d471000 r--s 00006000 08:01 299371                     /usr/share/java/maven3-repository-metadata.jar
7f1a2d471000-7f1a2d474000 r--s 00011000 08:01 299319                     /usr/share/java/plexus-interpolation.jar
7f1a2d474000-7f1a2d478000 r--s 00023000 08:01 299298                     /usr/share/java/maven-shared-utils.jar
7f1a2d478000-7f1a2d47a000 r--s 0000b000 08:01 299308                     /usr/share/java/plexus-classworlds.jar
7f1a2d47a000-7f1a2d482000 rw-s 00000000 08:01 85                         /tmp/hsperfdata_ryro/8188
7f1a2d482000-7f1a2d483000 rw-p 00000000 00:00 0 
7f1a2d483000-7f1a2d484000 ---p 00000000 00:00 0 
7f1a2d484000-7f1a2d485000 r--p 00027000 08:01 400019                     /lib/x86_64-linux-gnu/ld-2.27.so
7f1a2d485000-7f1a2d486000 rw-p 00028000 08:01 400019                     /lib/x86_64-linux-gnu/ld-2.27.so
7f1a2d486000-7f1a2d487000 rw-p 00000000 00:00 0 
7ffe65f55000-7ffe65f76000 rw-p 00000000 00:00 0                          [stack]
7ffe65f7c000-7ffe65f7f000 r--p 00000000 00:00 0                          [vvar]
7ffe65f7f000-7ffe65f81000 r-xp 00000000 00:00 0                          [vdso]
ffffffffff600000-ffffffffff601000 r-xp 00000000 00:00 0                  [vsyscall]

VM Arguments:
jvm_args: -Dclassworlds.conf=/usr/share/maven/bin/m2.conf -Dmaven.home=/usr/share/maven -Dlibrary.jansi.path=/usr/share/maven/lib/jansi-native -Dmaven.multiModuleProjectDirectory=/home/ryro/capstone/Chronos 
java_command: org.codehaus.plexus.classworlds.launcher.Launcher package
java_class_path (initial): /usr/share/maven/boot/plexus-classworlds-2.x.jar
Launcher Type: SUN_STANDARD

Environment Variables:
JAVA_HOME=/usr/lib/jvm/java-8-oracle
PATH=/usr/local/sbin:/usr/local/bin:/usr/sbin:/usr/bin:/sbin:/bin:/usr/games:/usr/local/games:/snap/bin:/usr/lib/jvm/java-8-oracle/bin:/usr/lib/jvm/java-8-oracle/db/bin:/usr/lib/jvm/java-8-oracle/jre/bin
USERNAME=ryro
SHELL=/bin/bash
DISPLAY=:0

Signal Handlers:
SIGSEGV: [libjvm.so+0xad3e60], sa_mask[0]=11111111011111111101111111111110, sa_flags=SA_RESTART|SA_SIGINFO
SIGBUS: [libjvm.so+0xad3e60], sa_mask[0]=11111111011111111101111111111110, sa_flags=SA_RESTART|SA_SIGINFO
SIGFPE: [libjvm.so+0x90b880], sa_mask[0]=11111111011111111101111111111110, sa_flags=SA_RESTART|SA_SIGINFO
SIGPIPE: [libjvm.so+0x90b880], sa_mask[0]=11111111011111111101111111111110, sa_flags=SA_RESTART|SA_SIGINFO
SIGXFSZ: [libjvm.so+0x90b880], sa_mask[0]=11111111011111111101111111111110, sa_flags=SA_RESTART|SA_SIGINFO
SIGILL: [libjvm.so+0x90b880], sa_mask[0]=11111111011111111101111111111110, sa_flags=SA_RESTART|SA_SIGINFO
SIGUSR1: SIG_DFL, sa_mask[0]=00000000000000000000000000000000, sa_flags=none
SIGUSR2: [libjvm.so+0x90b750], sa_mask[0]=00000000000000000000000000000000, sa_flags=SA_RESTART|SA_SIGINFO
SIGHUP: [libjvm.so+0x90bd70], sa_mask[0]=11111111011111111101111111111110, sa_flags=SA_RESTART|SA_SIGINFO
SIGINT: [libjvm.so+0x90bd70], sa_mask[0]=11111111011111111101111111111110, sa_flags=SA_RESTART|SA_SIGINFO
SIGTERM: [libjvm.so+0x90bd70], sa_mask[0]=11111111011111111101111111111110, sa_flags=SA_RESTART|SA_SIGINFO
SIGQUIT: [libjvm.so+0x90bd70], sa_mask[0]=11111111011111111101111111111110, sa_flags=SA_RESTART|SA_SIGINFO


---------------  S Y S T E M  ---------------

OS:DISTRIB_ID=Ubuntu
DISTRIB_RELEASE=18.04
DISTRIB_CODENAME=bionic
DISTRIB_DESCRIPTION="Ubuntu 18.04.2 LTS"

uname:Linux 4.15.0-45-generic #48-Ubuntu SMP Tue Jan 29 16:28:13 UTC 2019 x86_64
libc:glibc 2.27 NPTL 2.27 
rlimit: STACK 8192k, CORE 0k, NPROC 15541, NOFILE 4096, AS infinity
load average:0.73 0.37 0.30

/proc/meminfo:
MemTotal:        4039168 kB
MemFree:           96924 kB
MemAvailable:          0 kB
Buffers:             424 kB
Cached:          1718432 kB
SwapCached:         4712 kB
Active:          3145844 kB
Inactive:         632696 kB
Active(anon):    3144488 kB
Inactive(anon):   628824 kB
Active(file):       1356 kB
Inactive(file):     3872 kB
Unevictable:          32 kB
Mlocked:              32 kB
SwapTotal:        483800 kB
SwapFree:              0 kB
Dirty:                68 kB
Writeback:            20 kB
AnonPages:       2055496 kB
Mapped:          1699100 kB
Shmem:           1713220 kB
Slab:              68352 kB
SReclaimable:      31052 kB
SUnreclaim:        37300 kB
KernelStack:       10144 kB
PageTables:        45488 kB
NFS_Unstable:          0 kB
Bounce:                0 kB
WritebackTmp:          0 kB
CommitLimit:     2503384 kB
Committed_AS:    8302260 kB
VmallocTotal:   34359738367 kB
VmallocUsed:           0 kB
VmallocChunk:          0 kB
HardwareCorrupted:     0 kB
AnonHugePages:         0 kB
ShmemHugePages:        0 kB
ShmemPmdMapped:        0 kB
CmaTotal:              0 kB
CmaFree:               0 kB
HugePages_Total:       0
HugePages_Free:        0
HugePages_Rsvd:        0
HugePages_Surp:        0
Hugepagesize:       2048 kB
DirectMap4k:      118720 kB
DirectMap2M:     4075520 kB

container (cgroup) information:
container_type: cgroupv1
cpu_cpuset_cpus: 0-3
cpu_memory_nodes: 0
active_processor_count: 4
cpu_quota: -1
cpu_period: 100000
cpu_shares: -1
memory_limit_in_bytes: -1
memory_and_swap_limit_in_bytes: -2
memory_soft_limit_in_bytes: -1
memory_usage_in_bytes: 3872628736
memory_max_usage_in_bytes: 0


CPU:total 4 (initial active 4) (4 cores per cpu, 1 threads per core) family 6 model 158 stepping 9, cmov, cx8, fxsr, mmx, sse, sse2, sse3, ssse3, sse4.1, sse4.2, popcnt, avx, avx2, aes, clmul, 3dnowpref, lzcnt, tsc, tscinvbit

/proc/cpuinfo:
processor	: 0
vendor_id	: GenuineIntel
cpu family	: 6
model		: 158
model name	: Intel(R) Core(TM) i7-8705G CPU @ 3.10GHz
stepping	: 9
cpu MHz		: 3096.000
cache size	: 8192 KB
physical id	: 0
siblings	: 4
core id		: 0
cpu cores	: 4
apicid		: 0
initial apicid	: 0
fpu		: yes
fpu_exception	: yes
cpuid level	: 22
wp		: yes
flags		: fpu vme de pse tsc msr pae mce cx8 apic sep mtrr pge mca cmov pat pse36 clflush mmx fxsr sse sse2 ht syscall nx rdtscp lm constant_tsc rep_good nopl xtopology nonstop_tsc cpuid pni pclmulqdq ssse3 cx16 pcid sse4_1 sse4_2 x2apic movbe popcnt aes xsave avx rdrand hypervisor lahf_lm abm 3dnowprefetch invpcid_single pti fsgsbase avx2 invpcid rdseed clflushopt flush_l1d
bugs		: cpu_meltdown spectre_v1 spectre_v2 spec_store_bypass l1tf
bogomips	: 6192.00
clflush size	: 64
cache_alignment	: 64
address sizes	: 39 bits physical, 48 bits virtual
power management:

processor	: 1
vendor_id	: GenuineIntel
cpu family	: 6
model		: 158
model name	: Intel(R) Core(TM) i7-8705G CPU @ 3.10GHz
stepping	: 9
cpu MHz		: 3096.000
cache size	: 8192 KB
physical id	: 0
siblings	: 4
core id		: 1
cpu cores	: 4
apicid		: 1
initial apicid	: 1
fpu		: yes
fpu_exception	: yes
cpuid level	: 22
wp		: yes
flags		: fpu vme de pse tsc msr pae mce cx8 apic sep mtrr pge mca cmov pat pse36 clflush mmx fxsr sse sse2 ht syscall nx rdtscp lm constant_tsc rep_good nopl xtopology nonstop_tsc cpuid pni pclmulqdq ssse3 cx16 pcid sse4_1 sse4_2 x2apic movbe popcnt aes xsave avx rdrand hypervisor lahf_lm abm 3dnowprefetch invpcid_single pti fsgsbase avx2 invpcid rdseed clflushopt flush_l1d
bugs		: cpu_meltdown spectre_v1 spectre_v2 spec_store_bypass l1tf
bogomips	: 6192.00
clflush size	: 64
cache_alignment	: 64
address sizes	: 39 bits physical, 48 bits virtual
power management:

processor	: 2
vendor_id	: GenuineIntel
cpu family	: 6
model		: 158
model name	: Intel(R) Core(TM) i7-8705G CPU @ 3.10GHz
stepping	: 9
cpu MHz		: 3096.000
cache size	: 8192 KB
physical id	: 0
siblings	: 4
core id		: 2
cpu cores	: 4
apicid		: 2
initial apicid	: 2
fpu		: yes
fpu_exception	: yes
cpuid level	: 22
wp		: yes
flags		: fpu vme de pse tsc msr pae mce cx8 apic sep mtrr pge mca cmov pat pse36 clflush mmx fxsr sse sse2 ht syscall nx rdtscp lm constant_tsc rep_good nopl xtopology nonstop_tsc cpuid pni pclmulqdq ssse3 cx16 pcid sse4_1 sse4_2 x2apic movbe popcnt aes xsave avx rdrand hypervisor lahf_lm abm 3dnowprefetch invpcid_single pti fsgsbase avx2 invpcid rdseed clflushopt flush_l1d
bugs		: cpu_meltdown spectre_v1 spectre_v2 spec_store_bypass l1tf
bogomips	: 6192.00
clflush size	: 64
cache_alignment	: 64
address sizes	: 39 bits physical, 48 bits virtual
power management:

processor	: 3
vendor_id	: GenuineIntel
cpu family	: 6
model		: 158
model name	: Intel(R) Core(TM) i7-8705G CPU @ 3.10GHz
stepping	: 9
cpu MHz		: 3096.000
cache size	: 8192 KB
physical id	: 0
siblings	: 4
core id		: 3
cpu cores	: 4
apicid		: 3
initial apicid	: 3
fpu		: yes
fpu_exception	: yes
cpuid level	: 22
wp		: yes
flags		: fpu vme de pse tsc msr pae mce cx8 apic sep mtrr pge mca cmov pat pse36 clflush mmx fxsr sse sse2 ht syscall nx rdtscp lm constant_tsc rep_good nopl xtopology nonstop_tsc cpuid pni pclmulqdq ssse3 cx16 pcid sse4_1 sse4_2 x2apic movbe popcnt aes xsave avx rdrand hypervisor lahf_lm abm 3dnowprefetch invpcid_single pti fsgsbase avx2 invpcid rdseed clflushopt flush_l1d
bugs		: cpu_meltdown spectre_v1 spectre_v2 spec_store_bypass l1tf
bogomips	: 6192.00
clflush size	: 64
cache_alignment	: 64
address sizes	: 39 bits physical, 48 bits virtual
power management:



Memory: 4k page, physical 4039168k(92108k free), swap 483800k(4k free)

vm_info: Java HotSpot(TM) 64-Bit Server VM (25.201-b09) for linux-amd64 JRE (1.8.0_201-b09), built on Dec 15 2018 11:35:59 by "java_re" with gcc 7.3.0

time: Sat Feb 23 15:17:32 2019
timezone: EST
elapsed time: 5 seconds (0d 0h 0m 5s)

