#
# There is insufficient memory for the Java Runtime Environment to continue.
# Native memory allocation (mmap) failed to map 32505856 bytes for committing reserved memory.
# Possible reasons:
#   The system is out of physical RAM or swap space
#   The process is running with CompressedOops enabled, and the Java Heap may be blocking the growth of the native heap
# Possible solutions:
#   Reduce memory load on the system
#   Increase physical memory or swap space
#   Check if swap backing store is full
#   Decrease Java heap size (-Xmx/-Xms)
#   Decrease number of Java threads
#   Decrease Java thread stack sizes (-Xss)
#   Set larger code cache with -XX:ReservedCodeCacheSize=
#   JVM is running with Unscaled Compressed Oops mode in which the Java heap is
#     placed in the first 4GB address space. The Java Heap base address is the
#     maximum limit for the native heap growth. Please use -XX:HeapBaseMinAddress
#     to set the Java Heap base and to place the Java Heap above 4GB virtual address.
# This output file may be truncated or incomplete.
#
#  Out of Memory Error (os_linux.cpp:2749), pid=8486, tid=0x00007f1a7b9f9700
#
# JRE version: Java(TM) SE Runtime Environment (8.0_201-b09) (build 1.8.0_201-b09)
# Java VM: Java HotSpot(TM) 64-Bit Server VM (25.201-b09 mixed mode linux-amd64 compressed oops)
# Failed to write core dump. Core dumps have been disabled. To enable core dumping, try "ulimit -c unlimited" before starting Java again
#

---------------  T H R E A D  ---------------

Current thread (0x00007f1a90079800):  VMThread [stack: 0x00007f1a7b8fa000,0x00007f1a7b9fa000] [id=8513]

Stack: [0x00007f1a7b8fa000,0x00007f1a7b9fa000],  sp=0x00007f1a7b9f83f0,  free space=1016k
Native frames: (J=compiled Java code, j=interpreted, Vv=VM code, C=native code)
V  [libjvm.so+0xad3525]  VMError::report_and_die()+0x2e5
V  [libjvm.so+0x4e0457]  report_vm_out_of_memory(char const*, int, unsigned long, VMErrorType, char const*)+0x67
V  [libjvm.so+0x9102f0]  os::pd_commit_memory(char*, unsigned long, unsigned long, bool)+0x100
V  [libjvm.so+0x90791f]  os::commit_memory(char*, unsigned long, unsigned long, bool)+0x1f
V  [libjvm.so+0x98c806]  PSVirtualSpace::expand_by(unsigned long)+0x56
V  [libjvm.so+0x98da98]  PSYoungGen::resize(unsigned long, unsigned long)+0xd8
V  [libjvm.so+0x98a236]  PSScavenge::invoke_no_policy()+0x1376
V  [libjvm.so+0x98a5cc]  PSScavenge::invoke()+0x4c
V  [libjvm.so+0x93a318]  ParallelScavengeHeap::failed_mem_allocate(unsigned long)+0x68
V  [libjvm.so+0xad5073]  VM_ParallelGCFailedAllocation::doit()+0x93
V  [libjvm.so+0xada296]  VM_Operation::evaluate()+0x46
V  [libjvm.so+0xad85cd]  VMThread::evaluate_operation(VM_Operation*) [clone .constprop.44]+0xcd
V  [libjvm.so+0xad8bb3]  VMThread::loop()+0x3a3
V  [libjvm.so+0xad8f88]  VMThread::run()+0x78
V  [libjvm.so+0x90d922]  java_start(Thread*)+0x102

VM_Operation (0x00007f1a98265490): ParallelGCFailedAllocation, mode: safepoint, requested by thread 0x00007f1a9000b800


---------------  P R O C E S S  ---------------

Java Threads: ( => current thread )
  0x00007f1a900e4800 JavaThread "Service Thread" daemon [_thread_blocked, id=8520, stack(0x00007f1a7a823000,0x00007f1a7a924000)]
  0x00007f1a900bf000 JavaThread "C1 CompilerThread2" daemon [_thread_blocked, id=8519, stack(0x00007f1a7a925000,0x00007f1a7aa25000)]
  0x00007f1a900bd800 JavaThread "C2 CompilerThread1" daemon [_thread_blocked, id=8518, stack(0x00007f1a7aa26000,0x00007f1a7ab26000)]
  0x00007f1a900ba800 JavaThread "C2 CompilerThread0" daemon [_thread_blocked, id=8517, stack(0x00007f1a7ab27000,0x00007f1a7ac27000)]
  0x00007f1a900b9000 JavaThread "Signal Dispatcher" daemon [_thread_blocked, id=8516, stack(0x00007f1a7ac27000,0x00007f1a7ad28000)]
  0x00007f1a90085800 JavaThread "Finalizer" daemon [_thread_blocked, id=8515, stack(0x00007f1a7b6f7000,0x00007f1a7b7f8000)]
  0x00007f1a90083000 JavaThread "Reference Handler" daemon [_thread_blocked, id=8514, stack(0x00007f1a7b7f8000,0x00007f1a7b8f9000)]
  0x00007f1a9000b800 JavaThread "main" [_thread_blocked, id=8508, stack(0x00007f1a9816a000,0x00007f1a9826a000)]

Other Threads:
=>0x00007f1a90079800 VMThread [stack: 0x00007f1a7b8fa000,0x00007f1a7b9fa000] [id=8513]
  0x00007f1a900e7800 WatcherThread [stack: 0x00007f1a7a723000,0x00007f1a7a823000] [id=8521]

VM state:at safepoint (normal execution)

VM Mutex/Monitor currently owned by a thread:  ([mutex/lock_event])
[0x00007f1a90007dd0] Threads_lock - owner thread: 0x00007f1a90079800
[0x00007f1a900082d0] Heap_lock - owner thread: 0x00007f1a9000b800

heap address: 0x00000000c2400000, size: 988 MB, Compressed Oops mode: 32-bit
Narrow klass base: 0x0000000000000000, Narrow klass shift: 3
Compressed class space size: 1073741824 Address: 0x0000000100000000

Heap:
 PSYoungGen      total 34304K, used 2528K [0x00000000eb700000, 0x00000000edb00000, 0x0000000100000000)
  eden space 31744K, 0% used [0x00000000eb700000,0x00000000eb700000,0x00000000ed600000)
  from space 2560K, 98% used [0x00000000ed600000,0x00000000ed878020,0x00000000ed880000)
  to   space 2560K, 0% used [0x00000000ed880000,0x00000000ed880000,0x00000000edb00000)
 ParOldGen       total 42496K, used 5542K [0x00000000c2400000, 0x00000000c4d80000, 0x00000000eb700000)
  object space 42496K, 13% used [0x00000000c2400000,0x00000000c29698a0,0x00000000c4d80000)
 Metaspace       used 11742K, capacity 11944K, committed 12160K, reserved 1060864K
  class space    used 1483K, capacity 1572K, committed 1664K, reserved 1048576K

Card table byte_map: [0x00007f1a94c56000,0x00007f1a94e45000] byte_map_base: 0x00007f1a94644000

Marking Bits: (ParMarkBitMap*) 0x00007f1a97612d80
 Begin Bits: [0x00007f1a77120000, 0x00007f1a78090000)
 End Bits:   [0x00007f1a78090000, 0x00007f1a79000000)

Polling page: 0x00007f1a98282000

CodeCache: size=245760Kb used=3653Kb max_used=3667Kb free=242106Kb
 bounds [0x00007f1a81000000, 0x00007f1a813a0000, 0x00007f1a90000000]
 total_blobs=1235 nmethods=933 adapters=215
 compilation: enabled

Compilation events (10 events):
Event: 10.725 Thread 0x00007f1a900bf000  948       3       com.google.common.base.Equivalence::hash (12 bytes)
Event: 10.726 Thread 0x00007f1a900bf000 nmethod 948 0x00007f1a813913d0 code [0x00007f1a81391540, 0x00007f1a813917a8]
Event: 10.726 Thread 0x00007f1a900bf000  944       3       java.lang.reflect.Executable::getGenericParameterTypes (20 bytes)
Event: 10.726 Thread 0x00007f1a900bf000 nmethod 944 0x00007f1a81391850 code [0x00007f1a81391a00, 0x00007f1a81391e78]
Event: 10.726 Thread 0x00007f1a900bf000  945       1       com.google.inject.Key$NullAnnotationStrategy::getAnnotationType (2 bytes)
Event: 10.726 Thread 0x00007f1a900bf000 nmethod 945 0x00007f1a813866d0 code [0x00007f1a81386820, 0x00007f1a81386930]
Event: 11.385 Thread 0x00007f1a900bd800 nmethod 942% 0x00007f1a813959d0 code [0x00007f1a81395b80, 0x00007f1a81396988]
Event: 14.381 Thread 0x00007f1a900ba800  949 % !   4       java.util.concurrent.ConcurrentHashMap::transfer @ 99 (832 bytes)
Event: 15.040 Thread 0x00007f1a900bf000  950       3       java.lang.reflect.Modifier::isAbstract (14 bytes)
Event: 15.048 Thread 0x00007f1a900bd800  959       4       sun.reflect.ClassFileAssembler::emitByte (11 bytes)

GC Heap History (5 events):
Event: 0.919 GC heap before
{Heap before GC invocations=1 (full 0):
 PSYoungGen      total 18432K, used 15872K [0x00000000eb700000, 0x00000000ecb80000, 0x0000000100000000)
  eden space 15872K, 100% used [0x00000000eb700000,0x00000000ec680000,0x00000000ec680000)
  from space 2560K, 0% used [0x00000000ec900000,0x00000000ec900000,0x00000000ecb80000)
  to   space 2560K, 0% used [0x00000000ec680000,0x00000000ec680000,0x00000000ec900000)
 ParOldGen       total 42496K, used 0K [0x00000000c2400000, 0x00000000c4d80000, 0x00000000eb700000)
  object space 42496K, 0% used [0x00000000c2400000,0x00000000c2400000,0x00000000c4d80000)
 Metaspace       used 6839K, capacity 6988K, committed 7040K, reserved 1056768K
  class space    used 809K, capacity 888K, committed 896K, reserved 1048576K
Event: 0.996 GC heap after
Heap after GC invocations=1 (full 0):
 PSYoungGen      total 18432K, used 2549K [0x00000000eb700000, 0x00000000edb00000, 0x0000000100000000)
  eden space 15872K, 0% used [0x00000000eb700000,0x00000000eb700000,0x00000000ec680000)
  from space 2560K, 99% used [0x00000000ec680000,0x00000000ec8fd410,0x00000000ec900000)
  to   space 2560K, 0% used [0x00000000ed880000,0x00000000ed880000,0x00000000edb00000)
 ParOldGen       total 42496K, used 981K [0x00000000c2400000, 0x00000000c4d80000, 0x00000000eb700000)
  object space 42496K, 2% used [0x00000000c2400000,0x00000000c24f5408,0x00000000c4d80000)
 Metaspace       used 6839K, capacity 6988K, committed 7040K, reserved 1056768K
  class space    used 809K, capacity 888K, committed 896K, reserved 1048576K
}
Event: 4.182 GC heap before
{Heap before GC invocations=2 (full 0):
 PSYoungGen      total 18432K, used 18421K [0x00000000eb700000, 0x00000000edb00000, 0x0000000100000000)
  eden space 15872K, 100% used [0x00000000eb700000,0x00000000ec680000,0x00000000ec680000)
  from space 2560K, 99% used [0x00000000ec680000,0x00000000ec8fd410,0x00000000ec900000)
  to   space 2560K, 0% used [0x00000000ed880000,0x00000000ed880000,0x00000000edb00000)
 ParOldGen       total 42496K, used 981K [0x00000000c2400000, 0x00000000c4d80000, 0x00000000eb700000)
  object space 42496K, 2% used [0x00000000c2400000,0x00000000c24f5408,0x00000000c4d80000)
 Metaspace       used 8055K, capacity 8220K, committed 8320K, reserved 1056768K
  class space    used 1005K, capacity 1080K, committed 1152K, reserved 1048576K
Event: 4.341 GC heap after
Heap after GC invocations=2 (full 0):
 PSYoungGen      total 34304K, used 2540K [0x00000000eb700000, 0x00000000edb00000, 0x0000000100000000)
  eden space 31744K, 0% used [0x00000000eb700000,0x00000000eb700000,0x00000000ed600000)
  from space 2560K, 99% used [0x00000000ed880000,0x00000000edafb248,0x00000000edb00000)
  to   space 2560K, 0% used [0x00000000ed600000,0x00000000ed600000,0x00000000ed880000)
 ParOldGen       total 42496K, used 1147K [0x00000000c2400000, 0x00000000c4d80000, 0x00000000eb700000)
  object space 42496K, 2% used [0x00000000c2400000,0x00000000c251ef40,0x00000000c4d80000)
 Metaspace       used 8055K, capacity 8220K, committed 8320K, reserved 1056768K
  class space    used 1005K, capacity 1080K, committed 1152K, reserved 1048576K
}
Event: 15.113 GC heap before
{Heap before GC invocations=3 (full 0):
 PSYoungGen      total 34304K, used 34284K [0x00000000eb700000, 0x00000000edb00000, 0x0000000100000000)
  eden space 31744K, 100% used [0x00000000eb700000,0x00000000ed600000,0x00000000ed600000)
  from space 2560K, 99% used [0x00000000ed880000,0x00000000edafb248,0x00000000edb00000)
  to   space 2560K, 0% used [0x00000000ed600000,0x00000000ed600000,0x00000000ed880000)
 ParOldGen       total 42496K, used 1147K [0x00000000c2400000, 0x00000000c4d80000, 0x00000000eb700000)
  object space 42496K, 2% used [0x00000000c2400000,0x00000000c251ef40,0x00000000c4d80000)
 Metaspace       used 11742K, capacity 11944K, committed 12160K, reserved 1060864K
  class space    used 1483K, capacity 1572K, committed 1664K, reserved 1048576K

Deoptimization events (5 events):
Event: 0.495 Thread 0x00007f1a9000b800 Uncommon trap: reason=unstable_if action=reinterpret pc=0x00007f1a81197848 method=org.codehaus.plexus.util.xml.pull.MXParser.more()C @ 8
Event: 0.679 Thread 0x00007f1a9000b800 Uncommon trap: reason=unstable_if action=reinterpret pc=0x00007f1a811a2010 method=java.lang.String.replace(CC)Ljava/lang/String; @ 26
Event: 0.748 Thread 0x00007f1a9000b800 Uncommon trap: reason=unstable_if action=reinterpret pc=0x00007f1a8118b714 method=java.lang.String.indexOf([CII[CIII)I @ 3
Event: 4.053 Thread 0x00007f1a9000b800 Uncommon trap: reason=range_check action=make_not_entrant pc=0x00007f1a8125ab80 method=sun.reflect.generics.parser.SignatureParser.current()C @ 34
Event: 6.096 Thread 0x00007f1a9000b800 Uncommon trap: reason=unstable_if action=reinterpret pc=0x00007f1a8126eb30 method=java.util.HashMap.getNode(ILjava/lang/Object;)Ljava/util/HashMap$Node; @ 129

Classes redefined (0 events):
No events

Internal exceptions (10 events):
Event: 2.025 Thread 0x00007f1a9000b800 Exception <a 'java/lang/ArrayIndexOutOfBoundsException'> (0x00000000eb9c0468) thrown at [/HUDSON/workspace/8-2-build-linux-amd64/jdk8u201/12317/hotspot/src/share/vm/runtime/sharedRuntime.cpp, line 605]
Event: 2.025 Thread 0x00007f1a9000b800 Exception <a 'java/lang/ArrayIndexOutOfBoundsException'> (0x00000000eb9c1b50) thrown at [/HUDSON/workspace/8-2-build-linux-amd64/jdk8u201/12317/hotspot/src/share/vm/runtime/sharedRuntime.cpp, line 605]
Event: 2.025 Thread 0x00007f1a9000b800 Exception <a 'java/lang/ArrayIndexOutOfBoundsException'> (0x00000000eb9c39a0) thrown at [/HUDSON/workspace/8-2-build-linux-amd64/jdk8u201/12317/hotspot/src/share/vm/runtime/sharedRuntime.cpp, line 605]
Event: 2.025 Thread 0x00007f1a9000b800 Exception <a 'java/lang/ArrayIndexOutOfBoundsException'> (0x00000000eb9c5650) thrown at [/HUDSON/workspace/8-2-build-linux-amd64/jdk8u201/12317/hotspot/src/share/vm/runtime/sharedRuntime.cpp, line 605]
Event: 2.025 Thread 0x00007f1a9000b800 Exception <a 'java/lang/ArrayIndexOutOfBoundsException'> (0x00000000eb9c6d90) thrown at [/HUDSON/workspace/8-2-build-linux-amd64/jdk8u201/12317/hotspot/src/share/vm/runtime/sharedRuntime.cpp, line 605]
Event: 2.027 Thread 0x00007f1a9000b800 Exception <a 'java/lang/ArrayIndexOutOfBoundsException'> (0x00000000eb9c8558) thrown at [/HUDSON/workspace/8-2-build-linux-amd64/jdk8u201/12317/hotspot/src/share/vm/runtime/sharedRuntime.cpp, line 605]
Event: 2.028 Thread 0x00007f1a9000b800 Exception <a 'java/lang/ArrayIndexOutOfBoundsException'> (0x00000000eb9ca2a8) thrown at [/HUDSON/workspace/8-2-build-linux-amd64/jdk8u201/12317/hotspot/src/share/vm/runtime/sharedRuntime.cpp, line 605]
Event: 2.028 Thread 0x00007f1a9000b800 Exception <a 'java/lang/ArrayIndexOutOfBoundsException'> (0x00000000eb9cb800) thrown at [/HUDSON/workspace/8-2-build-linux-amd64/jdk8u201/12317/hotspot/src/share/vm/runtime/sharedRuntime.cpp, line 605]
Event: 4.053 Thread 0x00007f1a9000b800 Exception <a 'java/lang/ArrayIndexOutOfBoundsException': 73> (0x00000000ec559e60) thrown at [/HUDSON/workspace/8-2-build-linux-amd64/jdk8u201/12317/hotspot/src/share/vm/interpreter/interpreterRuntime.cpp, line 368]
Event: 4.054 Thread 0x00007f1a9000b800 Exception <a 'java/lang/ArrayIndexOutOfBoundsException': 131> (0x00000000ec55b808) thrown at [/HUDSON/workspace/8-2-build-linux-amd64/jdk8u201/12317/hotspot/src/share/vm/interpreter/interpreterRuntime.cpp, line 368]

Events (10 events):
Event: 15.109 loading class com/google/inject/internal/asm/$MethodWriter done
Event: 15.110 loading class com/google/inject/internal/asm/$FieldVisitor
Event: 15.110 loading class com/google/inject/internal/asm/$FieldVisitor done
Event: 15.110 loading class com/google/inject/internal/asm/$FieldWriter
Event: 15.110 loading class com/google/inject/internal/asm/$FieldWriter done
Event: 15.110 loading class com/google/inject/internal/asm/$AnnotationVisitor
Event: 15.110 loading class com/google/inject/internal/asm/$AnnotationVisitor done
Event: 15.111 loading class com/google/inject/internal/asm/$AnnotationWriter
Event: 15.111 loading class com/google/inject/internal/asm/$AnnotationWriter done
Event: 15.112 Executing VM operation: ParallelGCFailedAllocation


Dynamic libraries:
00400000-00401000 r-xp 00000000 08:01 40676                              /usr/lib/jvm/java-8-oracle/bin/java
00600000-00601000 r--p 00000000 08:01 40676                              /usr/lib/jvm/java-8-oracle/bin/java
00601000-00602000 rw-p 00001000 08:01 40676                              /usr/lib/jvm/java-8-oracle/bin/java
01bbf000-01be0000 rw-p 00000000 00:00 0                                  [heap]
c2400000-c4d80000 rw-p 00000000 00:00 0 
c4d80000-eb700000 ---p 00000000 00:00 0 
eb700000-edb00000 rw-p 00000000 00:00 0 
efa00000-100000000 ---p 00000000 00:00 0 
100000000-1001a0000 rw-p 00000000 00:00 0 
1001a0000-140000000 ---p 00000000 00:00 0 
7f1a40000000-7f1a40021000 rw-p 00000000 00:00 0 
7f1a40021000-7f1a44000000 ---p 00000000 00:00 0 
7f1a48000000-7f1a483f6000 rw-p 00000000 00:00 0 
7f1a483f6000-7f1a4c000000 ---p 00000000 00:00 0 
7f1a4c000000-7f1a4c021000 rw-p 00000000 00:00 0 
7f1a4c021000-7f1a50000000 ---p 00000000 00:00 0 
7f1a50000000-7f1a5021c000 rw-p 00000000 00:00 0 
7f1a5021c000-7f1a54000000 ---p 00000000 00:00 0 
7f1a54000000-7f1a54243000 rw-p 00000000 00:00 0 
7f1a54243000-7f1a58000000 ---p 00000000 00:00 0 
7f1a58000000-7f1a58021000 rw-p 00000000 00:00 0 
7f1a58021000-7f1a5c000000 ---p 00000000 00:00 0 
7f1a5c000000-7f1a5c021000 rw-p 00000000 00:00 0 
7f1a5c021000-7f1a60000000 ---p 00000000 00:00 0 
7f1a60000000-7f1a6029c000 rw-p 00000000 00:00 0 
7f1a6029c000-7f1a64000000 ---p 00000000 00:00 0 
7f1a64000000-7f1a64021000 rw-p 00000000 00:00 0 
7f1a64021000-7f1a68000000 ---p 00000000 00:00 0 
7f1a68000000-7f1a68021000 rw-p 00000000 00:00 0 
7f1a68021000-7f1a6c000000 ---p 00000000 00:00 0 
7f1a6c000000-7f1a6c021000 rw-p 00000000 00:00 0 
7f1a6c021000-7f1a70000000 ---p 00000000 00:00 0 
7f1a70000000-7f1a70021000 rw-p 00000000 00:00 0 
7f1a70021000-7f1a74000000 ---p 00000000 00:00 0 
7f1a77120000-7f1a79000000 rw-p 00000000 00:00 0 
7f1a7a322000-7f1a7a362000 rw-p 00000000 00:00 0 
7f1a7a362000-7f1a7a522000 ---p 00000000 00:00 0 
7f1a7a522000-7f1a7a722000 rw-p 00000000 00:00 0 
7f1a7a722000-7f1a7a723000 ---p 00000000 00:00 0 
7f1a7a723000-7f1a7a823000 rw-p 00000000 00:00 0 
7f1a7a823000-7f1a7a826000 ---p 00000000 00:00 0 
7f1a7a826000-7f1a7a924000 rw-p 00000000 00:00 0 
7f1a7a924000-7f1a7a925000 ---p 00000000 00:00 0 
7f1a7a925000-7f1a7a928000 ---p 00000000 00:00 0 
7f1a7a928000-7f1a7aa25000 rw-p 00000000 00:00 0 
7f1a7aa25000-7f1a7aa26000 ---p 00000000 00:00 0 
7f1a7aa26000-7f1a7aa29000 ---p 00000000 00:00 0 
7f1a7aa29000-7f1a7ab26000 rw-p 00000000 00:00 0 
7f1a7ab26000-7f1a7ab27000 ---p 00000000 00:00 0 
7f1a7ab27000-7f1a7ab2a000 ---p 00000000 00:00 0 
7f1a7ab2a000-7f1a7ac27000 rw-p 00000000 00:00 0 
7f1a7ac27000-7f1a7ac2a000 ---p 00000000 00:00 0 
7f1a7ac2a000-7f1a7ad28000 rw-p 00000000 00:00 0 
7f1a7ad28000-7f1a7b6f7000 r--p 00000000 08:01 3870                       /usr/lib/locale/locale-archive
7f1a7b6f7000-7f1a7b6fa000 ---p 00000000 00:00 0 
7f1a7b6fa000-7f1a7b7f8000 rw-p 00000000 00:00 0 
7f1a7b7f8000-7f1a7b7fb000 ---p 00000000 00:00 0 
7f1a7b7fb000-7f1a7b8f9000 rw-p 00000000 00:00 0 
7f1a7b8f9000-7f1a7b8fa000 ---p 00000000 00:00 0 
7f1a7b8fa000-7f1a7c000000 rw-p 00000000 00:00 0 
7f1a7c000000-7f1a7c021000 rw-p 00000000 00:00 0 
7f1a7c021000-7f1a80000000 ---p 00000000 00:00 0 
7f1a80042000-7f1a80044000 r--s 00000000 08:01 299313                     /usr/share/java/plexus-component-annotations.jar
7f1a80044000-7f1a80047000 r--s 00015000 08:01 299367                     /usr/share/java/maven3-embedder.jar
7f1a80047000-7f1a8004c000 r--s 00030000 08:01 299069                     /usr/share/java/commons-io.jar
7f1a8004c000-7f1a8004d000 r--s 00001000 08:01 299027                     /usr/share/java/geronimo-interceptor-3.0-spec.jar
7f1a8004d000-7f1a8004e000 r--s 00000000 08:01 299012                     /usr/share/java/atinject-jsr330-api-1.0.jar
7f1a8004e000-7f1a80051000 r--s 0000e000 08:01 299032                     /usr/share/java/cdi-api.jar
7f1a80051000-7f1a80053000 r--s 0000e000 08:01 299372                     /usr/share/java/maven3-resolver-provider.jar
7f1a80053000-7f1a80057000 r--s 0001f000 08:01 299277                     /usr/share/java/maven-resolver-api.jar
7f1a80057000-7f1a8005b000 r--s 0003b000 08:01 299267                     /usr/share/java/plexus-utils2.jar
7f1a8005b000-7f1a8005c000 r--s 0000a000 08:01 299374                     /usr/share/java/maven3-settings.jar
7f1a8005c000-7f1a8005e000 r--s 0000b000 08:01 299272                     /usr/share/java/wagon-provider-api.jar
7f1a8005e000-7f1a80064000 r--s 0002d000 08:01 299357                     /usr/share/java/sisu-plexus.jar
7f1a80064000-7f1a80065000 r--s 00000000 08:01 299012                     /usr/share/java/atinject-jsr330-api-1.0.jar
7f1a80065000-7f1a8006d000 r--s 0006d000 08:01 299082                     /usr/share/java/commons-lang3.jar
7f1a8006d000-7f1a8006e000 r--s 00002000 08:01 299087                     /usr/share/java/geronimo-annotation-1.3-spec.jar
7f1a8006e000-7f1a80075000 r--s 00054000 08:01 299352                     /usr/share/java/sisu-inject.jar
7f1a80075000-7f1a80077000 r--s 0000a000 08:01 299052                     /usr/share/java/commons-cli.jar
7f1a80077000-7f1a80079000 r--s 00003000 08:01 299329                     /usr/share/java/jcl-over-slf4j.jar
7f1a80079000-7f1a8007b000 r--s 00006000 08:01 299280                     /usr/share/java/maven-resolver-spi.jar
7f1a8007b000-7f1a80082000 r--s 00042000 08:01 299365                     /usr/share/java/maven3-compat.jar
7f1a80082000-7f1a80084000 r--s 00008000 08:01 299373                     /usr/share/java/maven3-settings-builder.jar
7f1a80084000-7f1a80086000 r--s 00009000 08:01 299332                     /usr/share/java/slf4j-api.jar
7f1a80086000-7f1a80089000 r--s 0000a000 08:01 299363                     /usr/share/java/maven3-artifact.jar
7f1a80089000-7f1a80096000 r--s 0008d000 08:01 299366                     /usr/share/java/maven3-core.jar
7f1a80096000-7f1a8009a000 r--s 00028000 08:01 299279                     /usr/share/java/maven-resolver-impl.jar
7f1a8009a000-7f1a8009f000 r--s 00026000 08:01 299368                     /usr/share/java/maven3-model-builder.jar
7f1a8009f000-7f1a800a0000 r--s 00002000 08:01 299364                     /usr/share/java/maven3-builder-support.jar
7f1a800a0000-7f1a800cd000 r--s 001ce000 08:01 299410                     /usr/share/java/wagon-http-shaded-3.0.0.jar
7f1a800cd000-7f1a800f9000 r--s 00208000 08:01 299113                     /usr/share/java/guava.jar
7f1a800f9000-7f1a81000000 rw-p 00000000 00:00 0 
7f1a81000000-7f1a813a0000 rwxp 00000000 00:00 0 
7f1a813a0000-7f1a90000000 ---p 00000000 00:00 0 
7f1a90000000-7f1a9079f000 rw-p 00000000 00:00 0 
7f1a9079f000-7f1a94000000 ---p 00000000 00:00 0 
7f1a94000000-7f1a94001000 r--s 00003000 08:01 299303                     /usr/share/java/plexus-cipher.jar
7f1a94001000-7f1a9400f000 r--s 0009a000 08:01 299155                     /usr/share/java/guice.jar
7f1a9400f000-7f1a94011000 r--s 00006000 08:01 299324                     /usr/share/java/plexus-sec-dispatcher.jar
7f1a94011000-7f1a94012000 r--s 00004000 08:01 299375                     /usr/share/java/maven3-slf4j-provider.jar
7f1a94012000-7f1a94014000 r--s 0000a000 08:01 299370                     /usr/share/java/maven3-plugin-api.jar
7f1a94014000-7f1a94016000 r--s 00005000 08:01 299284                     /usr/share/java/maven-resolver-transport-wagon.jar
7f1a94016000-7f1a94018000 r--s 00008000 08:01 299278                     /usr/share/java/maven-resolver-connector-basic.jar
7f1a94018000-7f1a9401a000 r--s 00001000 08:01 299134                     /usr/share/java/aopalliance-1.0.jar
7f1a9401a000-7f1a9401c000 r--s 00007000 08:01 299259                     /usr/share/java/jansi.jar
7f1a9401c000-7f1a9401f000 r--s 00027000 08:01 299369                     /usr/share/java/maven3-model.jar
7f1a9401f000-7f1a94023000 r--s 00022000 08:01 299285                     /usr/share/java/maven-resolver-util.jar
7f1a94023000-7f1a942ca000 rw-p 00000000 00:00 0 
7f1a942ca000-7f1a944a4000 r--s 03d6f000 08:01 42288                      /usr/lib/jvm/java-8-oracle/jre/lib/rt.jar
7f1a944a4000-7f1a94708000 rw-p 00000000 00:00 0 
7f1a94708000-7f1a94709000 ---p 00000000 00:00 0 
7f1a94709000-7f1a94809000 rw-p 00000000 00:00 0 
7f1a94809000-7f1a9480a000 ---p 00000000 00:00 0 
7f1a9480a000-7f1a9490a000 rw-p 00000000 00:00 0 
7f1a9490a000-7f1a9490b000 ---p 00000000 00:00 0 
7f1a9490b000-7f1a94a0b000 rw-p 00000000 00:00 0 
7f1a94a0b000-7f1a94a0c000 ---p 00000000 00:00 0 
7f1a94a0c000-7f1a94b21000 rw-p 00000000 00:00 0 
7f1a94b21000-7f1a94c56000 ---p 00000000 00:00 0 
7f1a94c56000-7f1a94c6b000 rw-p 00000000 00:00 0 
7f1a94c6b000-7f1a94d9f000 ---p 00000000 00:00 0 
7f1a94d9f000-7f1a94db2000 rw-p 00000000 00:00 0 
7f1a94db2000-7f1a94e44000 ---p 00000000 00:00 0 
7f1a94e44000-7f1a94e54000 rw-p 00000000 00:00 0 
7f1a94e54000-7f1a95205000 ---p 00000000 00:00 0 
7f1a95205000-7f1a95220000 r-xp 00000000 08:01 42578                      /usr/lib/jvm/java-8-oracle/jre/lib/amd64/libzip.so
7f1a95220000-7f1a9541f000 ---p 0001b000 08:01 42578                      /usr/lib/jvm/java-8-oracle/jre/lib/amd64/libzip.so
7f1a9541f000-7f1a95420000 r--p 0001a000 08:01 42578                      /usr/lib/jvm/java-8-oracle/jre/lib/amd64/libzip.so
7f1a95420000-7f1a95421000 rw-p 0001b000 08:01 42578                      /usr/lib/jvm/java-8-oracle/jre/lib/amd64/libzip.so
7f1a95421000-7f1a9542c000 r-xp 00000000 08:01 400137                     /lib/x86_64-linux-gnu/libnss_files-2.27.so
7f1a9542c000-7f1a9562b000 ---p 0000b000 08:01 400137                     /lib/x86_64-linux-gnu/libnss_files-2.27.so
7f1a9562b000-7f1a9562c000 r--p 0000a000 08:01 400137                     /lib/x86_64-linux-gnu/libnss_files-2.27.so
7f1a9562c000-7f1a9562d000 rw-p 0000b000 08:01 400137                     /lib/x86_64-linux-gnu/libnss_files-2.27.so
7f1a9562d000-7f1a95633000 rw-p 00000000 00:00 0 
7f1a95633000-7f1a9564a000 r-xp 00000000 08:01 400131                     /lib/x86_64-linux-gnu/libnsl-2.27.so
7f1a9564a000-7f1a95849000 ---p 00017000 08:01 400131                     /lib/x86_64-linux-gnu/libnsl-2.27.so
7f1a95849000-7f1a9584a000 r--p 00016000 08:01 400131                     /lib/x86_64-linux-gnu/libnsl-2.27.so
7f1a9584a000-7f1a9584b000 rw-p 00017000 08:01 400131                     /lib/x86_64-linux-gnu/libnsl-2.27.so
7f1a9584b000-7f1a9584d000 rw-p 00000000 00:00 0 
7f1a9584d000-7f1a95858000 r-xp 00000000 08:01 400148                     /lib/x86_64-linux-gnu/libnss_nis-2.27.so
7f1a95858000-7f1a95a57000 ---p 0000b000 08:01 400148                     /lib/x86_64-linux-gnu/libnss_nis-2.27.so
7f1a95a57000-7f1a95a58000 r--p 0000a000 08:01 400148                     /lib/x86_64-linux-gnu/libnss_nis-2.27.so
7f1a95a58000-7f1a95a59000 rw-p 0000b000 08:01 400148                     /lib/x86_64-linux-gnu/libnss_nis-2.27.so
7f1a95a59000-7f1a95a61000 r-xp 00000000 08:01 400133                     /lib/x86_64-linux-gnu/libnss_compat-2.27.so
7f1a95a61000-7f1a95c61000 ---p 00008000 08:01 400133                     /lib/x86_64-linux-gnu/libnss_compat-2.27.so
7f1a95c61000-7f1a95c62000 r--p 00008000 08:01 400133                     /lib/x86_64-linux-gnu/libnss_compat-2.27.so
7f1a95c62000-7f1a95c63000 rw-p 00009000 08:01 400133                     /lib/x86_64-linux-gnu/libnss_compat-2.27.so
7f1a95c63000-7f1a95c8f000 r-xp 00000000 08:01 42572                      /usr/lib/jvm/java-8-oracle/jre/lib/amd64/libjava.so
7f1a95c8f000-7f1a95e8f000 ---p 0002c000 08:01 42572                      /usr/lib/jvm/java-8-oracle/jre/lib/amd64/libjava.so
7f1a95e8f000-7f1a95e90000 r--p 0002c000 08:01 42572                      /usr/lib/jvm/java-8-oracle/jre/lib/amd64/libjava.so
7f1a95e90000-7f1a95e92000 rw-p 0002d000 08:01 42572                      /usr/lib/jvm/java-8-oracle/jre/lib/amd64/libjava.so
7f1a95e92000-7f1a95e9f000 r-xp 00000000 08:01 42577                      /usr/lib/jvm/java-8-oracle/jre/lib/amd64/libverify.so
7f1a95e9f000-7f1a9609e000 ---p 0000d000 08:01 42577                      /usr/lib/jvm/java-8-oracle/jre/lib/amd64/libverify.so
7f1a9609e000-7f1a960a0000 r--p 0000c000 08:01 42577                      /usr/lib/jvm/java-8-oracle/jre/lib/amd64/libverify.so
7f1a960a0000-7f1a960a1000 rw-p 0000e000 08:01 42577                      /usr/lib/jvm/java-8-oracle/jre/lib/amd64/libverify.so
7f1a960a1000-7f1a960a8000 r-xp 00000000 08:01 400188                     /lib/x86_64-linux-gnu/librt-2.27.so
7f1a960a8000-7f1a962a7000 ---p 00007000 08:01 400188                     /lib/x86_64-linux-gnu/librt-2.27.so
7f1a962a7000-7f1a962a8000 r--p 00006000 08:01 400188                     /lib/x86_64-linux-gnu/librt-2.27.so
7f1a962a8000-7f1a962a9000 rw-p 00007000 08:01 400188                     /lib/x86_64-linux-gnu/librt-2.27.so
7f1a962a9000-7f1a96446000 r-xp 00000000 08:01 400110                     /lib/x86_64-linux-gnu/libm-2.27.so
7f1a96446000-7f1a96645000 ---p 0019d000 08:01 400110                     /lib/x86_64-linux-gnu/libm-2.27.so
7f1a96645000-7f1a96646000 r--p 0019c000 08:01 400110                     /lib/x86_64-linux-gnu/libm-2.27.so
7f1a96646000-7f1a96647000 rw-p 0019d000 08:01 400110                     /lib/x86_64-linux-gnu/libm-2.27.so
7f1a96647000-7f1a9732f000 r-xp 00000000 08:01 42600                      /usr/lib/jvm/java-8-oracle/jre/lib/amd64/server/libjvm.so
7f1a9732f000-7f1a9752e000 ---p 00ce8000 08:01 42600                      /usr/lib/jvm/java-8-oracle/jre/lib/amd64/server/libjvm.so
7f1a9752e000-7f1a975c4000 r--p 00ce7000 08:01 42600                      /usr/lib/jvm/java-8-oracle/jre/lib/amd64/server/libjvm.so
7f1a975c4000-7f1a975f5000 rw-p 00d7d000 08:01 42600                      /usr/lib/jvm/java-8-oracle/jre/lib/amd64/server/libjvm.so
7f1a975f5000-7f1a97630000 rw-p 00000000 00:00 0 
7f1a97630000-7f1a97817000 r-xp 00000000 08:01 400047                     /lib/x86_64-linux-gnu/libc-2.27.so
7f1a97817000-7f1a97a17000 ---p 001e7000 08:01 400047                     /lib/x86_64-linux-gnu/libc-2.27.so
7f1a97a17000-7f1a97a1b000 r--p 001e7000 08:01 400047                     /lib/x86_64-linux-gnu/libc-2.27.so
7f1a97a1b000-7f1a97a1d000 rw-p 001eb000 08:01 400047                     /lib/x86_64-linux-gnu/libc-2.27.so
7f1a97a1d000-7f1a97a21000 rw-p 00000000 00:00 0 
7f1a97a21000-7f1a97a24000 r-xp 00000000 08:01 400070                     /lib/x86_64-linux-gnu/libdl-2.27.so
7f1a97a24000-7f1a97c23000 ---p 00003000 08:01 400070                     /lib/x86_64-linux-gnu/libdl-2.27.so
7f1a97c23000-7f1a97c24000 r--p 00002000 08:01 400070                     /lib/x86_64-linux-gnu/libdl-2.27.so
7f1a97c24000-7f1a97c25000 rw-p 00003000 08:01 400070                     /lib/x86_64-linux-gnu/libdl-2.27.so
7f1a97c25000-7f1a97c3c000 r-xp 00000000 08:01 42223                      /usr/lib/jvm/java-8-oracle/lib/amd64/jli/libjli.so
7f1a97c3c000-7f1a97e3b000 ---p 00017000 08:01 42223                      /usr/lib/jvm/java-8-oracle/lib/amd64/jli/libjli.so
7f1a97e3b000-7f1a97e3c000 r--p 00016000 08:01 42223                      /usr/lib/jvm/java-8-oracle/lib/amd64/jli/libjli.so
7f1a97e3c000-7f1a97e3d000 rw-p 00017000 08:01 42223                      /usr/lib/jvm/java-8-oracle/lib/amd64/jli/libjli.so
7f1a97e3d000-7f1a97e57000 r-xp 00000000 08:01 400180                     /lib/x86_64-linux-gnu/libpthread-2.27.so
7f1a97e57000-7f1a98056000 ---p 0001a000 08:01 400180                     /lib/x86_64-linux-gnu/libpthread-2.27.so
7f1a98056000-7f1a98057000 r--p 00019000 08:01 400180                     /lib/x86_64-linux-gnu/libpthread-2.27.so
7f1a98057000-7f1a98058000 rw-p 0001a000 08:01 400180                     /lib/x86_64-linux-gnu/libpthread-2.27.so
7f1a98058000-7f1a9805c000 rw-p 00000000 00:00 0 
7f1a9805c000-7f1a98083000 r-xp 00000000 08:01 400019                     /lib/x86_64-linux-gnu/ld-2.27.so
7f1a98083000-7f1a98169000 rw-p 00000000 00:00 0 
7f1a98169000-7f1a9816a000 ---p 00000000 00:00 0 
7f1a9816a000-7f1a9816d000 ---p 00000000 00:00 0 
7f1a9816d000-7f1a9826e000 rw-p 00000000 00:00 0 
7f1a9826e000-7f1a9826f000 r--s 00001000 08:01 299404                     /usr/share/java/wagon-file.jar
7f1a9826f000-7f1a98270000 r--s 00006000 08:01 299371                     /usr/share/java/maven3-repository-metadata.jar
7f1a98270000-7f1a98273000 r--s 00011000 08:01 299319                     /usr/share/java/plexus-interpolation.jar
7f1a98273000-7f1a98277000 r--s 00023000 08:01 299298                     /usr/share/java/maven-shared-utils.jar
7f1a98277000-7f1a98279000 r--s 0000b000 08:01 299308                     /usr/share/java/plexus-classworlds.jar
7f1a98279000-7f1a98281000 rw-s 00000000 08:01 85                         /tmp/hsperfdata_ryro/8486
7f1a98281000-7f1a98282000 rw-p 00000000 00:00 0 
7f1a98282000-7f1a98283000 ---p 00000000 00:00 0 
7f1a98283000-7f1a98284000 r--p 00027000 08:01 400019                     /lib/x86_64-linux-gnu/ld-2.27.so
7f1a98284000-7f1a98285000 rw-p 00028000 08:01 400019                     /lib/x86_64-linux-gnu/ld-2.27.so
7f1a98285000-7f1a98286000 rw-p 00000000 00:00 0 
7ffe82f93000-7ffe82fb4000 rw-p 00000000 00:00 0                          [stack]
7ffe82ff6000-7ffe82ff9000 r--p 00000000 00:00 0                          [vvar]
7ffe82ff9000-7ffe82ffb000 r-xp 00000000 00:00 0                          [vdso]
ffffffffff600000-ffffffffff601000 r-xp 00000000 00:00 0                  [vsyscall]

VM Arguments:
jvm_args: -Dclassworlds.conf=/usr/share/maven/bin/m2.conf -Dmaven.home=/usr/share/maven -Dlibrary.jansi.path=/usr/share/maven/lib/jansi-native -Dmaven.multiModuleProjectDirectory=/home/ryro/capstone/Chronos 
java_command: org.codehaus.plexus.classworlds.launcher.Launcher package
java_class_path (initial): /usr/share/maven/boot/plexus-classworlds-2.x.jar
Launcher Type: SUN_STANDARD

Environment Variables:
JAVA_HOME=/usr/lib/jvm/java-8-oracle
PATH=/usr/local/sbin:/usr/local/bin:/usr/sbin:/usr/bin:/sbin:/bin:/usr/games:/usr/local/games:/snap/bin:/usr/lib/jvm/java-8-oracle/bin:/usr/lib/jvm/java-8-oracle/db/bin:/usr/lib/jvm/java-8-oracle/jre/bin
USERNAME=ryro
SHELL=/bin/bash
DISPLAY=:0

Signal Handlers:
SIGSEGV: [libjvm.so+0xad3e60], sa_mask[0]=11111111011111111101111111111110, sa_flags=SA_RESTART|SA_SIGINFO
SIGBUS: [libjvm.so+0xad3e60], sa_mask[0]=11111111011111111101111111111110, sa_flags=SA_RESTART|SA_SIGINFO
SIGFPE: [libjvm.so+0x90b880], sa_mask[0]=11111111011111111101111111111110, sa_flags=SA_RESTART|SA_SIGINFO
SIGPIPE: [libjvm.so+0x90b880], sa_mask[0]=11111111011111111101111111111110, sa_flags=SA_RESTART|SA_SIGINFO
SIGXFSZ: [libjvm.so+0x90b880], sa_mask[0]=11111111011111111101111111111110, sa_flags=SA_RESTART|SA_SIGINFO
SIGILL: [libjvm.so+0x90b880], sa_mask[0]=11111111011111111101111111111110, sa_flags=SA_RESTART|SA_SIGINFO
SIGUSR1: SIG_DFL, sa_mask[0]=00000000000000000000000000000000, sa_flags=none
SIGUSR2: [libjvm.so+0x90b750], sa_mask[0]=00000000000000000000000000000000, sa_flags=SA_RESTART|SA_SIGINFO
SIGHUP: [libjvm.so+0x90bd70], sa_mask[0]=11111111011111111101111111111110, sa_flags=SA_RESTART|SA_SIGINFO
SIGINT: [libjvm.so+0x90bd70], sa_mask[0]=11111111011111111101111111111110, sa_flags=SA_RESTART|SA_SIGINFO
SIGTERM: [libjvm.so+0x90bd70], sa_mask[0]=11111111011111111101111111111110, sa_flags=SA_RESTART|SA_SIGINFO
SIGQUIT: [libjvm.so+0x90bd70], sa_mask[0]=11111111011111111101111111111110, sa_flags=SA_RESTART|SA_SIGINFO


---------------  S Y S T E M  ---------------

OS:DISTRIB_ID=Ubuntu
DISTRIB_RELEASE=18.04
DISTRIB_CODENAME=bionic
DISTRIB_DESCRIPTION="Ubuntu 18.04.2 LTS"

uname:Linux 4.15.0-45-generic #48-Ubuntu SMP Tue Jan 29 16:28:13 UTC 2019 x86_64
libc:glibc 2.27 NPTL 2.27 
rlimit: STACK 8192k, CORE 0k, NPROC 15541, NOFILE 4096, AS infinity
load average:1.26 0.60 0.39

/proc/meminfo:
MemTotal:        4039168 kB
MemFree:           84832 kB
MemAvailable:          0 kB
Buffers:             364 kB
Cached:          1720772 kB
SwapCached:         9976 kB
Active:          3157228 kB
Inactive:         635192 kB
Active(anon):    3152812 kB
Inactive(anon):   630600 kB
Active(file):       4416 kB
Inactive(file):     4592 kB
Unevictable:          32 kB
Mlocked:              32 kB
SwapTotal:        483800 kB
SwapFree:              0 kB
Dirty:                16 kB
Writeback:            48 kB
AnonPages:       2061972 kB
Mapped:          1705308 kB
Shmem:           1711960 kB
Slab:              68860 kB
SReclaimable:      31160 kB
SUnreclaim:        37700 kB
KernelStack:       10112 kB
PageTables:        46500 kB
NFS_Unstable:          0 kB
Bounce:                0 kB
WritebackTmp:          0 kB
CommitLimit:     2503384 kB
Committed_AS:    8358796 kB
VmallocTotal:   34359738367 kB
VmallocUsed:           0 kB
VmallocChunk:          0 kB
HardwareCorrupted:     0 kB
AnonHugePages:         0 kB
ShmemHugePages:        0 kB
ShmemPmdMapped:        0 kB
CmaTotal:              0 kB
CmaFree:               0 kB
HugePages_Total:       0
HugePages_Free:        0
HugePages_Rsvd:        0
HugePages_Surp:        0
Hugepagesize:       2048 kB
DirectMap4k:      133056 kB
DirectMap2M:     4061184 kB

container (cgroup) information:
container_type: cgroupv1
cpu_cpuset_cpus: 0-3
cpu_memory_nodes: 0
active_processor_count: 4
cpu_quota: -1
cpu_period: 100000
cpu_shares: -1
memory_limit_in_bytes: -1
memory_and_swap_limit_in_bytes: -2
memory_soft_limit_in_bytes: -1
memory_usage_in_bytes: 3875106816
memory_max_usage_in_bytes: 0


CPU:total 4 (initial active 4) (4 cores per cpu, 1 threads per core) family 6 model 158 stepping 9, cmov, cx8, fxsr, mmx, sse, sse2, sse3, ssse3, sse4.1, sse4.2, popcnt, avx, avx2, aes, clmul, 3dnowpref, lzcnt, tsc, tscinvbit

/proc/cpuinfo:
processor	: 0
vendor_id	: GenuineIntel
cpu family	: 6
model		: 158
model name	: Intel(R) Core(TM) i7-8705G CPU @ 3.10GHz
stepping	: 9
cpu MHz		: 3096.000
cache size	: 8192 KB
physical id	: 0
siblings	: 4
core id		: 0
cpu cores	: 4
apicid		: 0
initial apicid	: 0
fpu		: yes
fpu_exception	: yes
cpuid level	: 22
wp		: yes
flags		: fpu vme de pse tsc msr pae mce cx8 apic sep mtrr pge mca cmov pat pse36 clflush mmx fxsr sse sse2 ht syscall nx rdtscp lm constant_tsc rep_good nopl xtopology nonstop_tsc cpuid pni pclmulqdq ssse3 cx16 pcid sse4_1 sse4_2 x2apic movbe popcnt aes xsave avx rdrand hypervisor lahf_lm abm 3dnowprefetch invpcid_single pti fsgsbase avx2 invpcid rdseed clflushopt flush_l1d
bugs		: cpu_meltdown spectre_v1 spectre_v2 spec_store_bypass l1tf
bogomips	: 6192.00
clflush size	: 64
cache_alignment	: 64
address sizes	: 39 bits physical, 48 bits virtual
power management:

processor	: 1
vendor_id	: GenuineIntel
cpu family	: 6
model		: 158
model name	: Intel(R) Core(TM) i7-8705G CPU @ 3.10GHz
stepping	: 9
cpu MHz		: 3096.000
cache size	: 8192 KB
physical id	: 0
siblings	: 4
core id		: 1
cpu cores	: 4
apicid		: 1
initial apicid	: 1
fpu		: yes
fpu_exception	: yes
cpuid level	: 22
wp		: yes
flags		: fpu vme de pse tsc msr pae mce cx8 apic sep mtrr pge mca cmov pat pse36 clflush mmx fxsr sse sse2 ht syscall nx rdtscp lm constant_tsc rep_good nopl xtopology nonstop_tsc cpuid pni pclmulqdq ssse3 cx16 pcid sse4_1 sse4_2 x2apic movbe popcnt aes xsave avx rdrand hypervisor lahf_lm abm 3dnowprefetch invpcid_single pti fsgsbase avx2 invpcid rdseed clflushopt flush_l1d
bugs		: cpu_meltdown spectre_v1 spectre_v2 spec_store_bypass l1tf
bogomips	: 6192.00
clflush size	: 64
cache_alignment	: 64
address sizes	: 39 bits physical, 48 bits virtual
power management:

processor	: 2
vendor_id	: GenuineIntel
cpu family	: 6
model		: 158
model name	: Intel(R) Core(TM) i7-8705G CPU @ 3.10GHz
stepping	: 9
cpu MHz		: 3096.000
cache size	: 8192 KB
physical id	: 0
siblings	: 4
core id		: 2
cpu cores	: 4
apicid		: 2
initial apicid	: 2
fpu		: yes
fpu_exception	: yes
cpuid level	: 22
wp		: yes
flags		: fpu vme de pse tsc msr pae mce cx8 apic sep mtrr pge mca cmov pat pse36 clflush mmx fxsr sse sse2 ht syscall nx rdtscp lm constant_tsc rep_good nopl xtopology nonstop_tsc cpuid pni pclmulqdq ssse3 cx16 pcid sse4_1 sse4_2 x2apic movbe popcnt aes xsave avx rdrand hypervisor lahf_lm abm 3dnowprefetch invpcid_single pti fsgsbase avx2 invpcid rdseed clflushopt flush_l1d
bugs		: cpu_meltdown spectre_v1 spectre_v2 spec_store_bypass l1tf
bogomips	: 6192.00
clflush size	: 64
cache_alignment	: 64
address sizes	: 39 bits physical, 48 bits virtual
power management:

processor	: 3
vendor_id	: GenuineIntel
cpu family	: 6
model		: 158
model name	: Intel(R) Core(TM) i7-8705G CPU @ 3.10GHz
stepping	: 9
cpu MHz		: 3096.000
cache size	: 8192 KB
physical id	: 0
siblings	: 4
core id		: 3
cpu cores	: 4
apicid		: 3
initial apicid	: 3
fpu		: yes
fpu_exception	: yes
cpuid level	: 22
wp		: yes
flags		: fpu vme de pse tsc msr pae mce cx8 apic sep mtrr pge mca cmov pat pse36 clflush mmx fxsr sse sse2 ht syscall nx rdtscp lm constant_tsc rep_good nopl xtopology nonstop_tsc cpuid pni pclmulqdq ssse3 cx16 pcid sse4_1 sse4_2 x2apic movbe popcnt aes xsave avx rdrand hypervisor lahf_lm abm 3dnowprefetch invpcid_single pti fsgsbase avx2 invpcid rdseed clflushopt flush_l1d
bugs		: cpu_meltdown spectre_v1 spectre_v2 spec_store_bypass l1tf
bogomips	: 6192.00
clflush size	: 64
cache_alignment	: 64
address sizes	: 39 bits physical, 48 bits virtual
power management:



Memory: 4k page, physical 4039168k(84280k free), swap 483800k(0k free)

vm_info: Java HotSpot(TM) 64-Bit Server VM (25.201-b09) for linux-amd64 JRE (1.8.0_201-b09), built on Dec 15 2018 11:35:59 by "java_re" with gcc 7.3.0

time: Sat Feb 23 15:21:32 2019
timezone: EST
elapsed time: 15 seconds (0d 0h 0m 15s)

