#
# There is insufficient memory for the Java Runtime Environment to continue.
# Native memory allocation (mmap) failed to map 32505856 bytes for committing reserved memory.
# Possible reasons:
#   The system is out of physical RAM or swap space
#   The process is running with CompressedOops enabled, and the Java Heap may be blocking the growth of the native heap
# Possible solutions:
#   Reduce memory load on the system
#   Increase physical memory or swap space
#   Check if swap backing store is full
#   Decrease Java heap size (-Xmx/-Xms)
#   Decrease number of Java threads
#   Decrease Java thread stack sizes (-Xss)
#   Set larger code cache with -XX:ReservedCodeCacheSize=
#   JVM is running with Unscaled Compressed Oops mode in which the Java heap is
#     placed in the first 4GB address space. The Java Heap base address is the
#     maximum limit for the native heap growth. Please use -XX:HeapBaseMinAddress
#     to set the Java Heap base and to place the Java Heap above 4GB virtual address.
# This output file may be truncated or incomplete.
#
#  Out of Memory Error (os_linux.cpp:2749), pid=6282, tid=0x00007f75b1303700
#
# JRE version: Java(TM) SE Runtime Environment (8.0_201-b09) (build 1.8.0_201-b09)
# Java VM: Java HotSpot(TM) 64-Bit Server VM (25.201-b09 mixed mode linux-amd64 compressed oops)
# Failed to write core dump. Core dumps have been disabled. To enable core dumping, try "ulimit -c unlimited" before starting Java again
#

---------------  T H R E A D  ---------------

Current thread (0x00007f75c4079800):  VMThread [stack: 0x00007f75b1204000,0x00007f75b1304000] [id=6360]

Stack: [0x00007f75b1204000,0x00007f75b1304000],  sp=0x00007f75b13023f0,  free space=1016k
Native frames: (J=compiled Java code, j=interpreted, Vv=VM code, C=native code)
V  [libjvm.so+0xad3525]  VMError::report_and_die()+0x2e5
V  [libjvm.so+0x4e0457]  report_vm_out_of_memory(char const*, int, unsigned long, VMErrorType, char const*)+0x67
V  [libjvm.so+0x9102f0]  os::pd_commit_memory(char*, unsigned long, unsigned long, bool)+0x100
V  [libjvm.so+0x90791f]  os::commit_memory(char*, unsigned long, unsigned long, bool)+0x1f
V  [libjvm.so+0x98c806]  PSVirtualSpace::expand_by(unsigned long)+0x56
V  [libjvm.so+0x98da98]  PSYoungGen::resize(unsigned long, unsigned long)+0xd8
V  [libjvm.so+0x98a236]  PSScavenge::invoke_no_policy()+0x1376
V  [libjvm.so+0x98a5cc]  PSScavenge::invoke()+0x4c
V  [libjvm.so+0x93a318]  ParallelScavengeHeap::failed_mem_allocate(unsigned long)+0x68
V  [libjvm.so+0xad5073]  VM_ParallelGCFailedAllocation::doit()+0x93
V  [libjvm.so+0xada296]  VM_Operation::evaluate()+0x46
V  [libjvm.so+0xad85cd]  VMThread::evaluate_operation(VM_Operation*) [clone .constprop.44]+0xcd
V  [libjvm.so+0xad8bb3]  VMThread::loop()+0x3a3
V  [libjvm.so+0xad8f88]  VMThread::run()+0x78
V  [libjvm.so+0x90d922]  java_start(Thread*)+0x102

VM_Operation (0x00007f75cb94e070): ParallelGCFailedAllocation, mode: safepoint, requested by thread 0x00007f75c400b800


---------------  P R O C E S S  ---------------

Java Threads: ( => current thread )
  0x00007f75c40c2800 JavaThread "Service Thread" daemon [_thread_blocked, id=6372, stack(0x00007f75b012d000,0x00007f75b022e000)]
  0x00007f75c40bf000 JavaThread "C1 CompilerThread2" daemon [_thread_blocked, id=6371, stack(0x00007f75b022f000,0x00007f75b032f000)]
  0x00007f75c40bd800 JavaThread "C2 CompilerThread1" daemon [_thread_blocked, id=6368, stack(0x00007f75b0330000,0x00007f75b0430000)]
  0x00007f75c40ba800 JavaThread "C2 CompilerThread0" daemon [_thread_blocked, id=6367, stack(0x00007f75b0431000,0x00007f75b0531000)]
  0x00007f75c40b9000 JavaThread "Signal Dispatcher" daemon [_thread_blocked, id=6364, stack(0x00007f75b0531000,0x00007f75b0632000)]
  0x00007f75c4086000 JavaThread "Finalizer" daemon [_thread_blocked, id=6362, stack(0x00007f75b1001000,0x00007f75b1102000)]
  0x00007f75c4083800 JavaThread "Reference Handler" daemon [_thread_blocked, id=6361, stack(0x00007f75b1102000,0x00007f75b1203000)]
  0x00007f75c400b800 JavaThread "main" [_thread_blocked, id=6349, stack(0x00007f75cb853000,0x00007f75cb953000)]

Other Threads:
=>0x00007f75c4079800 VMThread [stack: 0x00007f75b1204000,0x00007f75b1304000] [id=6360]
  0x00007f75c40c5000 WatcherThread [stack: 0x00007f75b002d000,0x00007f75b012d000] [id=6374]

VM state:at safepoint (normal execution)

VM Mutex/Monitor currently owned by a thread:  ([mutex/lock_event])
[0x00007f75c4007f60] Threads_lock - owner thread: 0x00007f75c4079800
[0x00007f75c4008460] Heap_lock - owner thread: 0x00007f75c400b800

heap address: 0x00000000c2400000, size: 988 MB, Compressed Oops mode: 32-bit
Narrow klass base: 0x0000000000000000, Narrow klass shift: 3
Compressed class space size: 1073741824 Address: 0x0000000100000000

Heap:
 PSYoungGen      total 34304K, used 2528K [0x00000000eb700000, 0x00000000edb00000, 0x0000000100000000)
  eden space 31744K, 0% used [0x00000000eb700000,0x00000000eb700000,0x00000000ed600000)
  from space 2560K, 98% used [0x00000000ed600000,0x00000000ed878020,0x00000000ed880000)
  to   space 2560K, 0% used [0x00000000ed880000,0x00000000ed880000,0x00000000edb00000)
 ParOldGen       total 42496K, used 5510K [0x00000000c2400000, 0x00000000c4d80000, 0x00000000eb700000)
  object space 42496K, 12% used [0x00000000c2400000,0x00000000c2961978,0x00000000c4d80000)
 Metaspace       used 11806K, capacity 11944K, committed 12160K, reserved 1060864K
  class space    used 1484K, capacity 1572K, committed 1664K, reserved 1048576K

Card table byte_map: [0x00007f75c833f000,0x00007f75c852e000] byte_map_base: 0x00007f75c7d2d000

Marking Bits: (ParMarkBitMap*) 0x00007f75cacfbd80
 Begin Bits: [0x00007f75b2e1d000, 0x00007f75b3d8d000)
 End Bits:   [0x00007f75b3d8d000, 0x00007f75b4cfd000)

Polling page: 0x00007f75cb96b000

CodeCache: size=245760Kb used=3848Kb max_used=3848Kb free=241911Kb
 bounds [0x00007f75b5000000, 0x00007f75b53d0000, 0x00007f75c4000000]
 total_blobs=1325 nmethods=1023 adapters=215
 compilation: enabled

Compilation events (10 events):
Event: 5.299 Thread 0x00007f75c40bf000 1018       3       com.google.common.cache.LocalCache::get (21 bytes)
Event: 5.300 Thread 0x00007f75c40bf000 nmethod 1018 0x00007f75b53c19d0 code [0x00007f75b53c1ba0, 0x00007f75b53c2198]
Event: 5.300 Thread 0x00007f75c40bf000 1021       3       com.google.inject.spi.Dependency::<init> (34 bytes)
Event: 5.300 Thread 0x00007f75c40bf000 nmethod 1021 0x00007f75b53c1190 code [0x00007f75b53c1320, 0x00007f75b53c1768]
Event: 5.300 Thread 0x00007f75c40bf000 1022       1       java.lang.reflect.Field::getName (5 bytes)
Event: 5.300 Thread 0x00007f75c40bf000 nmethod 1022 0x00007f75b53c0ed0 code [0x00007f75b53c1020, 0x00007f75b53c1130]
Event: 5.300 Thread 0x00007f75c40bf000 1019       1       com.google.inject.Key::getTypeLiteral (5 bytes)
Event: 5.300 Thread 0x00007f75c40bf000 nmethod 1019 0x00007f75b53c0c10 code [0x00007f75b53c0d60, 0x00007f75b53c0e70]
Event: 5.319 Thread 0x00007f75c40bf000 1026       3       java.util.regex.Pattern$Curly::match0 (174 bytes)
Event: 5.320 Thread 0x00007f75c40bf000 nmethod 1026 0x00007f75b53bfcd0 code [0x00007f75b53bfec0, 0x00007f75b53c08d8]

GC Heap History (5 events):
Event: 1.182 GC heap before
{Heap before GC invocations=1 (full 0):
 PSYoungGen      total 18432K, used 15872K [0x00000000eb700000, 0x00000000ecb80000, 0x0000000100000000)
  eden space 15872K, 100% used [0x00000000eb700000,0x00000000ec680000,0x00000000ec680000)
  from space 2560K, 0% used [0x00000000ec900000,0x00000000ec900000,0x00000000ecb80000)
  to   space 2560K, 0% used [0x00000000ec680000,0x00000000ec680000,0x00000000ec900000)
 ParOldGen       total 42496K, used 0K [0x00000000c2400000, 0x00000000c4d80000, 0x00000000eb700000)
  object space 42496K, 0% used [0x00000000c2400000,0x00000000c2400000,0x00000000c4d80000)
 Metaspace       used 6809K, capacity 6988K, committed 7040K, reserved 1056768K
  class space    used 809K, capacity 888K, committed 896K, reserved 1048576K
Event: 1.219 GC heap after
Heap after GC invocations=1 (full 0):
 PSYoungGen      total 18432K, used 2535K [0x00000000eb700000, 0x00000000edb00000, 0x0000000100000000)
  eden space 15872K, 0% used [0x00000000eb700000,0x00000000eb700000,0x00000000ec680000)
  from space 2560K, 99% used [0x00000000ec680000,0x00000000ec8f9e40,0x00000000ec900000)
  to   space 2560K, 0% used [0x00000000ed880000,0x00000000ed880000,0x00000000edb00000)
 ParOldGen       total 42496K, used 946K [0x00000000c2400000, 0x00000000c4d80000, 0x00000000eb700000)
  object space 42496K, 2% used [0x00000000c2400000,0x00000000c24ecb58,0x00000000c4d80000)
 Metaspace       used 6809K, capacity 6988K, committed 7040K, reserved 1056768K
  class space    used 809K, capacity 888K, committed 896K, reserved 1048576K
}
Event: 2.306 GC heap before
{Heap before GC invocations=2 (full 0):
 PSYoungGen      total 18432K, used 18407K [0x00000000eb700000, 0x00000000edb00000, 0x0000000100000000)
  eden space 15872K, 100% used [0x00000000eb700000,0x00000000ec680000,0x00000000ec680000)
  from space 2560K, 99% used [0x00000000ec680000,0x00000000ec8f9e40,0x00000000ec900000)
  to   space 2560K, 0% used [0x00000000ed880000,0x00000000ed880000,0x00000000edb00000)
 ParOldGen       total 42496K, used 946K [0x00000000c2400000, 0x00000000c4d80000, 0x00000000eb700000)
  object space 42496K, 2% used [0x00000000c2400000,0x00000000c24ecb58,0x00000000c4d80000)
 Metaspace       used 8077K, capacity 8220K, committed 8320K, reserved 1056768K
  class space    used 1005K, capacity 1080K, committed 1152K, reserved 1048576K
Event: 2.322 GC heap after
Heap after GC invocations=2 (full 0):
 PSYoungGen      total 34304K, used 2533K [0x00000000eb700000, 0x00000000edb00000, 0x0000000100000000)
  eden space 31744K, 0% used [0x00000000eb700000,0x00000000eb700000,0x00000000ed600000)
  from space 2560K, 98% used [0x00000000ed880000,0x00000000edaf94c8,0x00000000edb00000)
  to   space 2560K, 0% used [0x00000000ed600000,0x00000000ed600000,0x00000000ed880000)
 ParOldGen       total 42496K, used 1107K [0x00000000c2400000, 0x00000000c4d80000, 0x00000000eb700000)
  object space 42496K, 2% used [0x00000000c2400000,0x00000000c2514f40,0x00000000c4d80000)
 Metaspace       used 8077K, capacity 8220K, committed 8320K, reserved 1056768K
  class space    used 1005K, capacity 1080K, committed 1152K, reserved 1048576K
}
Event: 5.408 GC heap before
{Heap before GC invocations=3 (full 0):
 PSYoungGen      total 34304K, used 34277K [0x00000000eb700000, 0x00000000edb00000, 0x0000000100000000)
  eden space 31744K, 100% used [0x00000000eb700000,0x00000000ed600000,0x00000000ed600000)
  from space 2560K, 98% used [0x00000000ed880000,0x00000000edaf94c8,0x00000000edb00000)
  to   space 2560K, 0% used [0x00000000ed600000,0x00000000ed600000,0x00000000ed880000)
 ParOldGen       total 42496K, used 1107K [0x00000000c2400000, 0x00000000c4d80000, 0x00000000eb700000)
  object space 42496K, 2% used [0x00000000c2400000,0x00000000c2514f40,0x00000000c4d80000)
 Metaspace       used 11806K, capacity 11944K, committed 12160K, reserved 1060864K
  class space    used 1484K, capacity 1572K, committed 1664K, reserved 1048576K

Deoptimization events (6 events):
Event: 0.713 Thread 0x00007f75c400b800 Uncommon trap: reason=unstable_if action=reinterpret pc=0x00007f75b518d648 method=org.codehaus.plexus.util.xml.pull.MXParser.more()C @ 8
Event: 0.906 Thread 0x00007f75c400b800 Uncommon trap: reason=unstable_if action=reinterpret pc=0x00007f75b519f1d0 method=java.lang.String.replace(CC)Ljava/lang/String; @ 26
Event: 1.082 Thread 0x00007f75c400b800 Uncommon trap: reason=unstable_if action=reinterpret pc=0x00007f75b5186d94 method=java.lang.String.indexOf([CII[CIII)I @ 3
Event: 1.444 Thread 0x00007f75c400b800 Uncommon trap: reason=range_check action=make_not_entrant pc=0x00007f75b5244680 method=sun.reflect.generics.parser.SignatureParser.current()C @ 34
Event: 2.531 Thread 0x00007f75c400b800 Uncommon trap: reason=unstable_if action=reinterpret pc=0x00007f75b52fa8a8 method=java.util.HashMap.getNode(ILjava/lang/Object;)Ljava/util/HashMap$Node; @ 129
Event: 2.536 Thread 0x00007f75c400b800 Uncommon trap: reason=unstable_if action=reinterpret pc=0x00007f75b5242b1c method=java.util.HashMap.getNode(ILjava/lang/Object;)Ljava/util/HashMap$Node; @ 129

Classes redefined (0 events):
No events

Internal exceptions (10 events):
Event: 1.442 Thread 0x00007f75c400b800 Exception <a 'java/lang/ArrayIndexOutOfBoundsException'> (0x00000000eb9b84c8) thrown at [/HUDSON/workspace/8-2-build-linux-amd64/jdk8u201/12317/hotspot/src/share/vm/runtime/sharedRuntime.cpp, line 605]
Event: 1.443 Thread 0x00007f75c400b800 Exception <a 'java/lang/ArrayIndexOutOfBoundsException'> (0x00000000eb9ba608) thrown at [/HUDSON/workspace/8-2-build-linux-amd64/jdk8u201/12317/hotspot/src/share/vm/runtime/sharedRuntime.cpp, line 605]
Event: 1.443 Thread 0x00007f75c400b800 Exception <a 'java/lang/ArrayIndexOutOfBoundsException'> (0x00000000eb9bb3b0) thrown at [/HUDSON/workspace/8-2-build-linux-amd64/jdk8u201/12317/hotspot/src/share/vm/runtime/sharedRuntime.cpp, line 605]
Event: 1.443 Thread 0x00007f75c400b800 Exception <a 'java/lang/ArrayIndexOutOfBoundsException'> (0x00000000eb9bcab8) thrown at [/HUDSON/workspace/8-2-build-linux-amd64/jdk8u201/12317/hotspot/src/share/vm/runtime/sharedRuntime.cpp, line 605]
Event: 1.443 Thread 0x00007f75c400b800 Exception <a 'java/lang/ArrayIndexOutOfBoundsException'> (0x00000000eb9bd848) thrown at [/HUDSON/workspace/8-2-build-linux-amd64/jdk8u201/12317/hotspot/src/share/vm/runtime/sharedRuntime.cpp, line 605]
Event: 1.443 Thread 0x00007f75c400b800 Exception <a 'java/lang/ArrayIndexOutOfBoundsException'> (0x00000000eb9beea8) thrown at [/HUDSON/workspace/8-2-build-linux-amd64/jdk8u201/12317/hotspot/src/share/vm/runtime/sharedRuntime.cpp, line 605]
Event: 1.443 Thread 0x00007f75c400b800 Exception <a 'java/lang/ArrayIndexOutOfBoundsException'> (0x00000000eb9c0590) thrown at [/HUDSON/workspace/8-2-build-linux-amd64/jdk8u201/12317/hotspot/src/share/vm/runtime/sharedRuntime.cpp, line 605]
Event: 1.444 Thread 0x00007f75c400b800 Exception <a 'java/lang/ArrayIndexOutOfBoundsException'> (0x00000000eb9c23e0) thrown at [/HUDSON/workspace/8-2-build-linux-amd64/jdk8u201/12317/hotspot/src/share/vm/runtime/sharedRuntime.cpp, line 605]
Event: 1.444 Thread 0x00007f75c400b800 Exception <a 'java/lang/ArrayIndexOutOfBoundsException'> (0x00000000eb9c4090) thrown at [/HUDSON/workspace/8-2-build-linux-amd64/jdk8u201/12317/hotspot/src/share/vm/runtime/sharedRuntime.cpp, line 605]
Event: 1.444 Thread 0x00007f75c400b800 Exception <a 'java/lang/ArrayIndexOutOfBoundsException': 100> (0x00000000eb9c57d0) thrown at [/HUDSON/workspace/8-2-build-linux-amd64/jdk8u201/12317/hotspot/src/share/vm/interpreter/interpreterRuntime.cpp, line 368]

Events (10 events):
Event: 5.376 loading class com/google/inject/internal/asm/$FieldWriter done
Event: 5.376 loading class com/google/inject/internal/asm/$AnnotationVisitor
Event: 5.376 loading class com/google/inject/internal/asm/$AnnotationVisitor done
Event: 5.407 loading class com/google/inject/internal/asm/$AnnotationWriter
Event: 5.407 loading class com/google/inject/internal/asm/$AnnotationWriter done
Event: 5.408 loading class com/google/inject/internal/asm/$ByteVector
Event: 5.408 loading class com/google/inject/internal/asm/$ByteVector done
Event: 5.408 loading class com/google/inject/internal/asm/$Item
Event: 5.408 loading class com/google/inject/internal/asm/$Item done
Event: 5.408 Executing VM operation: ParallelGCFailedAllocation


Dynamic libraries:
00400000-00401000 r-xp 00000000 08:01 40676                              /usr/lib/jvm/java-8-oracle/bin/java
00600000-00601000 r--p 00000000 08:01 40676                              /usr/lib/jvm/java-8-oracle/bin/java
00601000-00602000 rw-p 00001000 08:01 40676                              /usr/lib/jvm/java-8-oracle/bin/java
01195000-011b6000 rw-p 00000000 00:00 0                                  [heap]
c2400000-c4d80000 rw-p 00000000 00:00 0 
c4d80000-eb700000 ---p 00000000 00:00 0 
eb700000-edb00000 rw-p 00000000 00:00 0 
efa00000-100000000 ---p 00000000 00:00 0 
100000000-1001a0000 rw-p 00000000 00:00 0 
1001a0000-140000000 ---p 00000000 00:00 0 
7f7578000000-7f7578021000 rw-p 00000000 00:00 0 
7f7578021000-7f757c000000 ---p 00000000 00:00 0 
7f757fb6d000-7f757fbad000 rw-p 00000000 00:00 0 
7f757fbad000-7f757fd6d000 ---p 00000000 00:00 0 
7f757fd6d000-7f757ff6d000 rw-p 00000000 00:00 0 
7f757ff6d000-7f757ff6f000 r--s 00000000 08:01 299313                     /usr/share/java/plexus-component-annotations.jar
7f757ff6f000-7f757ff72000 r--s 00015000 08:01 299367                     /usr/share/java/maven3-embedder.jar
7f757ff72000-7f757ff77000 r--s 00030000 08:01 299069                     /usr/share/java/commons-io.jar
7f757ff77000-7f757ff78000 r--s 00001000 08:01 299027                     /usr/share/java/geronimo-interceptor-3.0-spec.jar
7f757ff78000-7f757ff79000 r--s 00000000 08:01 299012                     /usr/share/java/atinject-jsr330-api-1.0.jar
7f757ff79000-7f757ff7c000 r--s 0000e000 08:01 299032                     /usr/share/java/cdi-api.jar
7f757ff7c000-7f757ff7e000 r--s 0000e000 08:01 299372                     /usr/share/java/maven3-resolver-provider.jar
7f757ff7e000-7f757ff82000 r--s 0001f000 08:01 299277                     /usr/share/java/maven-resolver-api.jar
7f757ff82000-7f757ff86000 r--s 0003b000 08:01 299267                     /usr/share/java/plexus-utils2.jar
7f757ff86000-7f757ff87000 r--s 0000a000 08:01 299374                     /usr/share/java/maven3-settings.jar
7f757ff87000-7f757ff89000 r--s 0000b000 08:01 299272                     /usr/share/java/wagon-provider-api.jar
7f757ff89000-7f757ff8f000 r--s 0002d000 08:01 299357                     /usr/share/java/sisu-plexus.jar
7f757ff8f000-7f757ff90000 r--s 00000000 08:01 299012                     /usr/share/java/atinject-jsr330-api-1.0.jar
7f757ff90000-7f757ff98000 r--s 0006d000 08:01 299082                     /usr/share/java/commons-lang3.jar
7f757ff98000-7f757ff99000 r--s 00002000 08:01 299087                     /usr/share/java/geronimo-annotation-1.3-spec.jar
7f757ff99000-7f757ffa0000 r--s 00054000 08:01 299352                     /usr/share/java/sisu-inject.jar
7f757ffa0000-7f757ffa2000 r--s 0000a000 08:01 299052                     /usr/share/java/commons-cli.jar
7f757ffa2000-7f757ffa4000 r--s 00003000 08:01 299329                     /usr/share/java/jcl-over-slf4j.jar
7f757ffa4000-7f757ffa6000 r--s 00006000 08:01 299280                     /usr/share/java/maven-resolver-spi.jar
7f757ffa6000-7f757ffad000 r--s 00042000 08:01 299365                     /usr/share/java/maven3-compat.jar
7f757ffad000-7f757ffaf000 r--s 00008000 08:01 299373                     /usr/share/java/maven3-settings-builder.jar
7f757ffaf000-7f757ffb1000 r--s 00009000 08:01 299332                     /usr/share/java/slf4j-api.jar
7f757ffb1000-7f757ffb4000 r--s 0000a000 08:01 299363                     /usr/share/java/maven3-artifact.jar
7f757ffb4000-7f757ffc1000 r--s 0008d000 08:01 299366                     /usr/share/java/maven3-core.jar
7f757ffc1000-7f757ffc5000 r--s 00028000 08:01 299279                     /usr/share/java/maven-resolver-impl.jar
7f757ffc5000-7f757ffd3000 r--s 0009a000 08:01 299155                     /usr/share/java/guice.jar
7f757ffd3000-7f7580000000 r--s 001ce000 08:01 299410                     /usr/share/java/wagon-http-shaded-3.0.0.jar
7f7580000000-7f758049d000 rw-p 00000000 00:00 0 
7f758049d000-7f7584000000 ---p 00000000 00:00 0 
7f7584000000-7f7584021000 rw-p 00000000 00:00 0 
7f7584021000-7f7588000000 ---p 00000000 00:00 0 
7f7588000000-7f758836e000 rw-p 00000000 00:00 0 
7f758836e000-7f758c000000 ---p 00000000 00:00 0 
7f758c000000-7f758c34e000 rw-p 00000000 00:00 0 
7f758c34e000-7f7590000000 ---p 00000000 00:00 0 
7f7590000000-7f7590021000 rw-p 00000000 00:00 0 
7f7590021000-7f7594000000 ---p 00000000 00:00 0 
7f7594000000-7f7594021000 rw-p 00000000 00:00 0 
7f7594021000-7f7598000000 ---p 00000000 00:00 0 
7f7598000000-7f759829c000 rw-p 00000000 00:00 0 
7f759829c000-7f759c000000 ---p 00000000 00:00 0 
7f759c000000-7f759c021000 rw-p 00000000 00:00 0 
7f759c021000-7f75a0000000 ---p 00000000 00:00 0 
7f75a0000000-7f75a0021000 rw-p 00000000 00:00 0 
7f75a0021000-7f75a4000000 ---p 00000000 00:00 0 
7f75a4000000-7f75a4021000 rw-p 00000000 00:00 0 
7f75a4021000-7f75a8000000 ---p 00000000 00:00 0 
7f75a8000000-7f75a8021000 rw-p 00000000 00:00 0 
7f75a8021000-7f75ac000000 ---p 00000000 00:00 0 
7f75ac000000-7f75ac021000 rw-p 00000000 00:00 0 
7f75ac021000-7f75b0000000 ---p 00000000 00:00 0 
7f75b0000000-7f75b002c000 r--s 00208000 08:01 299113                     /usr/share/java/guava.jar
7f75b002c000-7f75b002d000 ---p 00000000 00:00 0 
7f75b002d000-7f75b012d000 rw-p 00000000 00:00 0 
7f75b012d000-7f75b0130000 ---p 00000000 00:00 0 
7f75b0130000-7f75b022e000 rw-p 00000000 00:00 0 
7f75b022e000-7f75b022f000 ---p 00000000 00:00 0 
7f75b022f000-7f75b0232000 ---p 00000000 00:00 0 
7f75b0232000-7f75b032f000 rw-p 00000000 00:00 0 
7f75b032f000-7f75b0330000 ---p 00000000 00:00 0 
7f75b0330000-7f75b0333000 ---p 00000000 00:00 0 
7f75b0333000-7f75b0430000 rw-p 00000000 00:00 0 
7f75b0430000-7f75b0431000 ---p 00000000 00:00 0 
7f75b0431000-7f75b0434000 ---p 00000000 00:00 0 
7f75b0434000-7f75b0531000 rw-p 00000000 00:00 0 
7f75b0531000-7f75b0534000 ---p 00000000 00:00 0 
7f75b0534000-7f75b0632000 rw-p 00000000 00:00 0 
7f75b0632000-7f75b1001000 r--p 00000000 08:01 3870                       /usr/lib/locale/locale-archive
7f75b1001000-7f75b1004000 ---p 00000000 00:00 0 
7f75b1004000-7f75b1102000 rw-p 00000000 00:00 0 
7f75b1102000-7f75b1105000 ---p 00000000 00:00 0 
7f75b1105000-7f75b1203000 rw-p 00000000 00:00 0 
7f75b1203000-7f75b1204000 ---p 00000000 00:00 0 
7f75b1204000-7f75b2255000 rw-p 00000000 00:00 0 
7f75b2255000-7f75b242f000 r--s 03d6f000 08:01 42288                      /usr/lib/jvm/java-8-oracle/jre/lib/rt.jar
7f75b242f000-7f75b4cfd000 rw-p 00000000 00:00 0 
7f75b4cfd000-7f75b4cfe000 ---p 00000000 00:00 0 
7f75b4cfe000-7f75b4dfe000 rw-p 00000000 00:00 0 
7f75b4dfe000-7f75b4dff000 ---p 00000000 00:00 0 
7f75b4dff000-7f75b4eff000 rw-p 00000000 00:00 0 
7f75b4eff000-7f75b4f00000 ---p 00000000 00:00 0 
7f75b4f00000-7f75b5000000 rw-p 00000000 00:00 0 
7f75b5000000-7f75b53d0000 rwxp 00000000 00:00 0 
7f75b53d0000-7f75c4000000 ---p 00000000 00:00 0 
7f75c4000000-7f75c47fd000 rw-p 00000000 00:00 0 
7f75c47fd000-7f75c8000000 ---p 00000000 00:00 0 
7f75c8000000-7f75c8005000 r--s 00026000 08:01 299368                     /usr/share/java/maven3-model-builder.jar
7f75c8005000-7f75c8006000 r--s 00002000 08:01 299364                     /usr/share/java/maven3-builder-support.jar
7f75c8006000-7f75c8007000 r--s 00003000 08:01 299303                     /usr/share/java/plexus-cipher.jar
7f75c8007000-7f75c8009000 r--s 00006000 08:01 299324                     /usr/share/java/plexus-sec-dispatcher.jar
7f75c8009000-7f75c800a000 r--s 00004000 08:01 299375                     /usr/share/java/maven3-slf4j-provider.jar
7f75c800a000-7f75c800c000 r--s 0000a000 08:01 299370                     /usr/share/java/maven3-plugin-api.jar
7f75c800c000-7f75c800e000 r--s 00005000 08:01 299284                     /usr/share/java/maven-resolver-transport-wagon.jar
7f75c800e000-7f75c8010000 r--s 00008000 08:01 299278                     /usr/share/java/maven-resolver-connector-basic.jar
7f75c8010000-7f75c8012000 r--s 00001000 08:01 299134                     /usr/share/java/aopalliance-1.0.jar
7f75c8012000-7f75c8014000 r--s 00007000 08:01 299259                     /usr/share/java/jansi.jar
7f75c8014000-7f75c8017000 r--s 00027000 08:01 299369                     /usr/share/java/maven3-model.jar
7f75c8017000-7f75c801b000 r--s 00022000 08:01 299285                     /usr/share/java/maven-resolver-util.jar
7f75c801b000-7f75c80f4000 rw-p 00000000 00:00 0 
7f75c80f4000-7f75c80f5000 ---p 00000000 00:00 0 
7f75c80f5000-7f75c820a000 rw-p 00000000 00:00 0 
7f75c820a000-7f75c833f000 ---p 00000000 00:00 0 
7f75c833f000-7f75c8354000 rw-p 00000000 00:00 0 
7f75c8354000-7f75c8488000 ---p 00000000 00:00 0 
7f75c8488000-7f75c849b000 rw-p 00000000 00:00 0 
7f75c849b000-7f75c852d000 ---p 00000000 00:00 0 
7f75c852d000-7f75c853e000 rw-p 00000000 00:00 0 
7f75c853e000-7f75c88ee000 ---p 00000000 00:00 0 
7f75c88ee000-7f75c8909000 r-xp 00000000 08:01 42578                      /usr/lib/jvm/java-8-oracle/jre/lib/amd64/libzip.so
7f75c8909000-7f75c8b08000 ---p 0001b000 08:01 42578                      /usr/lib/jvm/java-8-oracle/jre/lib/amd64/libzip.so
7f75c8b08000-7f75c8b09000 r--p 0001a000 08:01 42578                      /usr/lib/jvm/java-8-oracle/jre/lib/amd64/libzip.so
7f75c8b09000-7f75c8b0a000 rw-p 0001b000 08:01 42578                      /usr/lib/jvm/java-8-oracle/jre/lib/amd64/libzip.so
7f75c8b0a000-7f75c8b15000 r-xp 00000000 08:01 400137                     /lib/x86_64-linux-gnu/libnss_files-2.27.so
7f75c8b15000-7f75c8d14000 ---p 0000b000 08:01 400137                     /lib/x86_64-linux-gnu/libnss_files-2.27.so
7f75c8d14000-7f75c8d15000 r--p 0000a000 08:01 400137                     /lib/x86_64-linux-gnu/libnss_files-2.27.so
7f75c8d15000-7f75c8d16000 rw-p 0000b000 08:01 400137                     /lib/x86_64-linux-gnu/libnss_files-2.27.so
7f75c8d16000-7f75c8d1c000 rw-p 00000000 00:00 0 
7f75c8d1c000-7f75c8d33000 r-xp 00000000 08:01 400131                     /lib/x86_64-linux-gnu/libnsl-2.27.so
7f75c8d33000-7f75c8f32000 ---p 00017000 08:01 400131                     /lib/x86_64-linux-gnu/libnsl-2.27.so
7f75c8f32000-7f75c8f33000 r--p 00016000 08:01 400131                     /lib/x86_64-linux-gnu/libnsl-2.27.so
7f75c8f33000-7f75c8f34000 rw-p 00017000 08:01 400131                     /lib/x86_64-linux-gnu/libnsl-2.27.so
7f75c8f34000-7f75c8f36000 rw-p 00000000 00:00 0 
7f75c8f36000-7f75c8f41000 r-xp 00000000 08:01 400148                     /lib/x86_64-linux-gnu/libnss_nis-2.27.so
7f75c8f41000-7f75c9140000 ---p 0000b000 08:01 400148                     /lib/x86_64-linux-gnu/libnss_nis-2.27.so
7f75c9140000-7f75c9141000 r--p 0000a000 08:01 400148                     /lib/x86_64-linux-gnu/libnss_nis-2.27.so
7f75c9141000-7f75c9142000 rw-p 0000b000 08:01 400148                     /lib/x86_64-linux-gnu/libnss_nis-2.27.so
7f75c9142000-7f75c914a000 r-xp 00000000 08:01 400133                     /lib/x86_64-linux-gnu/libnss_compat-2.27.so
7f75c914a000-7f75c934a000 ---p 00008000 08:01 400133                     /lib/x86_64-linux-gnu/libnss_compat-2.27.so
7f75c934a000-7f75c934b000 r--p 00008000 08:01 400133                     /lib/x86_64-linux-gnu/libnss_compat-2.27.so
7f75c934b000-7f75c934c000 rw-p 00009000 08:01 400133                     /lib/x86_64-linux-gnu/libnss_compat-2.27.so
7f75c934c000-7f75c9378000 r-xp 00000000 08:01 42572                      /usr/lib/jvm/java-8-oracle/jre/lib/amd64/libjava.so
7f75c9378000-7f75c9578000 ---p 0002c000 08:01 42572                      /usr/lib/jvm/java-8-oracle/jre/lib/amd64/libjava.so
7f75c9578000-7f75c9579000 r--p 0002c000 08:01 42572                      /usr/lib/jvm/java-8-oracle/jre/lib/amd64/libjava.so
7f75c9579000-7f75c957b000 rw-p 0002d000 08:01 42572                      /usr/lib/jvm/java-8-oracle/jre/lib/amd64/libjava.so
7f75c957b000-7f75c9588000 r-xp 00000000 08:01 42577                      /usr/lib/jvm/java-8-oracle/jre/lib/amd64/libverify.so
7f75c9588000-7f75c9787000 ---p 0000d000 08:01 42577                      /usr/lib/jvm/java-8-oracle/jre/lib/amd64/libverify.so
7f75c9787000-7f75c9789000 r--p 0000c000 08:01 42577                      /usr/lib/jvm/java-8-oracle/jre/lib/amd64/libverify.so
7f75c9789000-7f75c978a000 rw-p 0000e000 08:01 42577                      /usr/lib/jvm/java-8-oracle/jre/lib/amd64/libverify.so
7f75c978a000-7f75c9791000 r-xp 00000000 08:01 400188                     /lib/x86_64-linux-gnu/librt-2.27.so
7f75c9791000-7f75c9990000 ---p 00007000 08:01 400188                     /lib/x86_64-linux-gnu/librt-2.27.so
7f75c9990000-7f75c9991000 r--p 00006000 08:01 400188                     /lib/x86_64-linux-gnu/librt-2.27.so
7f75c9991000-7f75c9992000 rw-p 00007000 08:01 400188                     /lib/x86_64-linux-gnu/librt-2.27.so
7f75c9992000-7f75c9b2f000 r-xp 00000000 08:01 400110                     /lib/x86_64-linux-gnu/libm-2.27.so
7f75c9b2f000-7f75c9d2e000 ---p 0019d000 08:01 400110                     /lib/x86_64-linux-gnu/libm-2.27.so
7f75c9d2e000-7f75c9d2f000 r--p 0019c000 08:01 400110                     /lib/x86_64-linux-gnu/libm-2.27.so
7f75c9d2f000-7f75c9d30000 rw-p 0019d000 08:01 400110                     /lib/x86_64-linux-gnu/libm-2.27.so
7f75c9d30000-7f75caa18000 r-xp 00000000 08:01 42600                      /usr/lib/jvm/java-8-oracle/jre/lib/amd64/server/libjvm.so
7f75caa18000-7f75cac17000 ---p 00ce8000 08:01 42600                      /usr/lib/jvm/java-8-oracle/jre/lib/amd64/server/libjvm.so
7f75cac17000-7f75cacad000 r--p 00ce7000 08:01 42600                      /usr/lib/jvm/java-8-oracle/jre/lib/amd64/server/libjvm.so
7f75cacad000-7f75cacde000 rw-p 00d7d000 08:01 42600                      /usr/lib/jvm/java-8-oracle/jre/lib/amd64/server/libjvm.so
7f75cacde000-7f75cad19000 rw-p 00000000 00:00 0 
7f75cad19000-7f75caf00000 r-xp 00000000 08:01 400047                     /lib/x86_64-linux-gnu/libc-2.27.so
7f75caf00000-7f75cb100000 ---p 001e7000 08:01 400047                     /lib/x86_64-linux-gnu/libc-2.27.so
7f75cb100000-7f75cb104000 r--p 001e7000 08:01 400047                     /lib/x86_64-linux-gnu/libc-2.27.so
7f75cb104000-7f75cb106000 rw-p 001eb000 08:01 400047                     /lib/x86_64-linux-gnu/libc-2.27.so
7f75cb106000-7f75cb10a000 rw-p 00000000 00:00 0 
7f75cb10a000-7f75cb10d000 r-xp 00000000 08:01 400070                     /lib/x86_64-linux-gnu/libdl-2.27.so
7f75cb10d000-7f75cb30c000 ---p 00003000 08:01 400070                     /lib/x86_64-linux-gnu/libdl-2.27.so
7f75cb30c000-7f75cb30d000 r--p 00002000 08:01 400070                     /lib/x86_64-linux-gnu/libdl-2.27.so
7f75cb30d000-7f75cb30e000 rw-p 00003000 08:01 400070                     /lib/x86_64-linux-gnu/libdl-2.27.so
7f75cb30e000-7f75cb325000 r-xp 00000000 08:01 42223                      /usr/lib/jvm/java-8-oracle/lib/amd64/jli/libjli.so
7f75cb325000-7f75cb524000 ---p 00017000 08:01 42223                      /usr/lib/jvm/java-8-oracle/lib/amd64/jli/libjli.so
7f75cb524000-7f75cb525000 r--p 00016000 08:01 42223                      /usr/lib/jvm/java-8-oracle/lib/amd64/jli/libjli.so
7f75cb525000-7f75cb526000 rw-p 00017000 08:01 42223                      /usr/lib/jvm/java-8-oracle/lib/amd64/jli/libjli.so
7f75cb526000-7f75cb540000 r-xp 00000000 08:01 400180                     /lib/x86_64-linux-gnu/libpthread-2.27.so
7f75cb540000-7f75cb73f000 ---p 0001a000 08:01 400180                     /lib/x86_64-linux-gnu/libpthread-2.27.so
7f75cb73f000-7f75cb740000 r--p 00019000 08:01 400180                     /lib/x86_64-linux-gnu/libpthread-2.27.so
7f75cb740000-7f75cb741000 rw-p 0001a000 08:01 400180                     /lib/x86_64-linux-gnu/libpthread-2.27.so
7f75cb741000-7f75cb745000 rw-p 00000000 00:00 0 
7f75cb745000-7f75cb76c000 r-xp 00000000 08:01 400019                     /lib/x86_64-linux-gnu/ld-2.27.so
7f75cb76c000-7f75cb852000 rw-p 00000000 00:00 0 
7f75cb852000-7f75cb853000 ---p 00000000 00:00 0 
7f75cb853000-7f75cb856000 ---p 00000000 00:00 0 
7f75cb856000-7f75cb957000 rw-p 00000000 00:00 0 
7f75cb957000-7f75cb958000 r--s 00001000 08:01 299404                     /usr/share/java/wagon-file.jar
7f75cb958000-7f75cb959000 r--s 00006000 08:01 299371                     /usr/share/java/maven3-repository-metadata.jar
7f75cb959000-7f75cb95c000 r--s 00011000 08:01 299319                     /usr/share/java/plexus-interpolation.jar
7f75cb95c000-7f75cb960000 r--s 00023000 08:01 299298                     /usr/share/java/maven-shared-utils.jar
7f75cb960000-7f75cb962000 r--s 0000b000 08:01 299308                     /usr/share/java/plexus-classworlds.jar
7f75cb962000-7f75cb96a000 rw-s 00000000 08:01 9170                       /tmp/hsperfdata_ryro/6282
7f75cb96a000-7f75cb96b000 rw-p 00000000 00:00 0 
7f75cb96b000-7f75cb96c000 ---p 00000000 00:00 0 
7f75cb96c000-7f75cb96d000 r--p 00027000 08:01 400019                     /lib/x86_64-linux-gnu/ld-2.27.so
7f75cb96d000-7f75cb96e000 rw-p 00028000 08:01 400019                     /lib/x86_64-linux-gnu/ld-2.27.so
7f75cb96e000-7f75cb96f000 rw-p 00000000 00:00 0 
7fff24ba0000-7fff24bc2000 rw-p 00000000 00:00 0                          [stack]
7fff24be3000-7fff24be6000 r--p 00000000 00:00 0                          [vvar]
7fff24be6000-7fff24be8000 r-xp 00000000 00:00 0                          [vdso]
ffffffffff600000-ffffffffff601000 r-xp 00000000 00:00 0                  [vsyscall]

VM Arguments:
jvm_args: -Dclassworlds.conf=/usr/share/maven/bin/m2.conf -Dmaven.home=/usr/share/maven -Dlibrary.jansi.path=/usr/share/maven/lib/jansi-native -Dmaven.multiModuleProjectDirectory=/home/ryro/capstone/Chronos/questmaster 
java_command: org.codehaus.plexus.classworlds.launcher.Launcher help:effective-pom -Doutput=/home/ryro/.config/Code/User/workspaceStorage/d95e7915f856a928f864fc4a0edbf4bc/vscjava.vscode-maven/682ac2b7a54ccbfe5303fbe16d34cbd1 -f /home/ryro/capstone/Chronos/questmaster/pom.xml
java_class_path (initial): /usr/share/maven/boot/plexus-classworlds-2.x.jar
Launcher Type: SUN_STANDARD

Environment Variables:
JAVA_HOME=/usr/lib/jvm/java-8-oracle
PATH=/usr/local/sbin:/usr/local/bin:/usr/sbin:/usr/bin:/sbin:/bin:/usr/games:/usr/local/games:/snap/bin:/usr/lib/jvm/java-8-oracle/bin:/usr/lib/jvm/java-8-oracle/db/bin:/usr/lib/jvm/java-8-oracle/jre/bin
USERNAME=ryro
SHELL=/bin/bash
DISPLAY=:0

Signal Handlers:
SIGSEGV: [libjvm.so+0xad3e60], sa_mask[0]=11111111011111111101111111111110, sa_flags=SA_RESTART|SA_SIGINFO
SIGBUS: [libjvm.so+0xad3e60], sa_mask[0]=11111111011111111101111111111110, sa_flags=SA_RESTART|SA_SIGINFO
SIGFPE: [libjvm.so+0x90b880], sa_mask[0]=11111111011111111101111111111110, sa_flags=SA_RESTART|SA_SIGINFO
SIGPIPE: [libjvm.so+0x90b880], sa_mask[0]=11111111011111111101111111111110, sa_flags=SA_RESTART|SA_SIGINFO
SIGXFSZ: [libjvm.so+0x90b880], sa_mask[0]=11111111011111111101111111111110, sa_flags=SA_RESTART|SA_SIGINFO
SIGILL: [libjvm.so+0x90b880], sa_mask[0]=11111111011111111101111111111110, sa_flags=SA_RESTART|SA_SIGINFO
SIGUSR1: SIG_DFL, sa_mask[0]=00000000000000000000000000000000, sa_flags=none
SIGUSR2: [libjvm.so+0x90b750], sa_mask[0]=00000000000000000000000000000000, sa_flags=SA_RESTART|SA_SIGINFO
SIGHUP: [libjvm.so+0x90bd70], sa_mask[0]=11111111011111111101111111111110, sa_flags=SA_RESTART|SA_SIGINFO
SIGINT: [libjvm.so+0x90bd70], sa_mask[0]=11111111011111111101111111111110, sa_flags=SA_RESTART|SA_SIGINFO
SIGTERM: [libjvm.so+0x90bd70], sa_mask[0]=11111111011111111101111111111110, sa_flags=SA_RESTART|SA_SIGINFO
SIGQUIT: [libjvm.so+0x90bd70], sa_mask[0]=11111111011111111101111111111110, sa_flags=SA_RESTART|SA_SIGINFO


---------------  S Y S T E M  ---------------

OS:DISTRIB_ID=Ubuntu
DISTRIB_RELEASE=18.04
DISTRIB_CODENAME=bionic
DISTRIB_DESCRIPTION="Ubuntu 18.04.2 LTS"

uname:Linux 4.15.0-46-generic #49-Ubuntu SMP Wed Feb 6 09:33:07 UTC 2019 x86_64
libc:glibc 2.27 NPTL 2.27 
rlimit: STACK 8192k, CORE 0k, NPROC 15541, NOFILE 4096, AS infinity
load average:4.14 1.42 0.85

/proc/meminfo:
MemTotal:        4039168 kB
MemFree:           83820 kB
MemAvailable:          0 kB
Buffers:             608 kB
Cached:          1896936 kB
SwapCached:         8056 kB
Active:          3120652 kB
Inactive:         666312 kB
Active(anon):    3115048 kB
Inactive(anon):   660984 kB
Active(file):       5604 kB
Inactive(file):     5328 kB
Unevictable:          32 kB
Mlocked:              32 kB
SwapTotal:        483800 kB
SwapFree:              0 kB
Dirty:               140 kB
Writeback:           516 kB
AnonPages:       1881672 kB
Mapped:          1869740 kB
Shmem:           1886360 kB
Slab:              72348 kB
SReclaimable:      32484 kB
SUnreclaim:        39864 kB
KernelStack:       11088 kB
PageTables:        46464 kB
NFS_Unstable:          0 kB
Bounce:                0 kB
WritebackTmp:          0 kB
CommitLimit:     2503384 kB
Committed_AS:    8701488 kB
VmallocTotal:   34359738367 kB
VmallocUsed:           0 kB
VmallocChunk:          0 kB
HardwareCorrupted:     0 kB
AnonHugePages:         0 kB
ShmemHugePages:        0 kB
ShmemPmdMapped:        0 kB
CmaTotal:              0 kB
CmaFree:               0 kB
HugePages_Total:       0
HugePages_Free:        0
HugePages_Rsvd:        0
HugePages_Surp:        0
Hugepagesize:       2048 kB
DirectMap4k:      112576 kB
DirectMap2M:     4081664 kB

container (cgroup) information:
container_type: cgroupv1
cpu_cpuset_cpus: 0-3
cpu_memory_nodes: 0
active_processor_count: 4
cpu_quota: -1
cpu_period: 100000
cpu_shares: -1
memory_limit_in_bytes: -1
memory_and_swap_limit_in_bytes: -2
memory_soft_limit_in_bytes: -1
memory_usage_in_bytes: 3874205696
memory_max_usage_in_bytes: 1994752


CPU:total 4 (initial active 4) (4 cores per cpu, 1 threads per core) family 6 model 158 stepping 9, cmov, cx8, fxsr, mmx, sse, sse2, sse3, ssse3, sse4.1, sse4.2, popcnt, avx, avx2, aes, clmul, 3dnowpref, lzcnt, tsc, tscinvbit

/proc/cpuinfo:
processor	: 0
vendor_id	: GenuineIntel
cpu family	: 6
model		: 158
model name	: Intel(R) Core(TM) i7-8705G CPU @ 3.10GHz
stepping	: 9
cpu MHz		: 3095.994
cache size	: 8192 KB
physical id	: 0
siblings	: 4
core id		: 0
cpu cores	: 4
apicid		: 0
initial apicid	: 0
fpu		: yes
fpu_exception	: yes
cpuid level	: 22
wp		: yes
flags		: fpu vme de pse tsc msr pae mce cx8 apic sep mtrr pge mca cmov pat pse36 clflush mmx fxsr sse sse2 ht syscall nx rdtscp lm constant_tsc rep_good nopl xtopology nonstop_tsc cpuid pni pclmulqdq ssse3 cx16 pcid sse4_1 sse4_2 x2apic movbe popcnt aes xsave avx rdrand hypervisor lahf_lm abm 3dnowprefetch invpcid_single pti fsgsbase avx2 invpcid rdseed clflushopt flush_l1d
bugs		: cpu_meltdown spectre_v1 spectre_v2 spec_store_bypass l1tf
bogomips	: 6191.98
clflush size	: 64
cache_alignment	: 64
address sizes	: 39 bits physical, 48 bits virtual
power management:

processor	: 1
vendor_id	: GenuineIntel
cpu family	: 6
model		: 158
model name	: Intel(R) Core(TM) i7-8705G CPU @ 3.10GHz
stepping	: 9
cpu MHz		: 3095.994
cache size	: 8192 KB
physical id	: 0
siblings	: 4
core id		: 1
cpu cores	: 4
apicid		: 1
initial apicid	: 1
fpu		: yes
fpu_exception	: yes
cpuid level	: 22
wp		: yes
flags		: fpu vme de pse tsc msr pae mce cx8 apic sep mtrr pge mca cmov pat pse36 clflush mmx fxsr sse sse2 ht syscall nx rdtscp lm constant_tsc rep_good nopl xtopology nonstop_tsc cpuid pni pclmulqdq ssse3 cx16 pcid sse4_1 sse4_2 x2apic movbe popcnt aes xsave avx rdrand hypervisor lahf_lm abm 3dnowprefetch invpcid_single pti fsgsbase avx2 invpcid rdseed clflushopt flush_l1d
bugs		: cpu_meltdown spectre_v1 spectre_v2 spec_store_bypass l1tf
bogomips	: 6191.98
clflush size	: 64
cache_alignment	: 64
address sizes	: 39 bits physical, 48 bits virtual
power management:

processor	: 2
vendor_id	: GenuineIntel
cpu family	: 6
model		: 158
model name	: Intel(R) Core(TM) i7-8705G CPU @ 3.10GHz
stepping	: 9
cpu MHz		: 3095.994
cache size	: 8192 KB
physical id	: 0
siblings	: 4
core id		: 2
cpu cores	: 4
apicid		: 2
initial apicid	: 2
fpu		: yes
fpu_exception	: yes
cpuid level	: 22
wp		: yes
flags		: fpu vme de pse tsc msr pae mce cx8 apic sep mtrr pge mca cmov pat pse36 clflush mmx fxsr sse sse2 ht syscall nx rdtscp lm constant_tsc rep_good nopl xtopology nonstop_tsc cpuid pni pclmulqdq ssse3 cx16 pcid sse4_1 sse4_2 x2apic movbe popcnt aes xsave avx rdrand hypervisor lahf_lm abm 3dnowprefetch invpcid_single pti fsgsbase avx2 invpcid rdseed clflushopt flush_l1d
bugs		: cpu_meltdown spectre_v1 spectre_v2 spec_store_bypass l1tf
bogomips	: 6191.98
clflush size	: 64
cache_alignment	: 64
address sizes	: 39 bits physical, 48 bits virtual
power management:

processor	: 3
vendor_id	: GenuineIntel
cpu family	: 6
model		: 158
model name	: Intel(R) Core(TM) i7-8705G CPU @ 3.10GHz
stepping	: 9
cpu MHz		: 3095.994
cache size	: 8192 KB
physical id	: 0
siblings	: 4
core id		: 3
cpu cores	: 4
apicid		: 3
initial apicid	: 3
fpu		: yes
fpu_exception	: yes
cpuid level	: 22
wp		: yes
flags		: fpu vme de pse tsc msr pae mce cx8 apic sep mtrr pge mca cmov pat pse36 clflush mmx fxsr sse sse2 ht syscall nx rdtscp lm constant_tsc rep_good nopl xtopology nonstop_tsc cpuid pni pclmulqdq ssse3 cx16 pcid sse4_1 sse4_2 x2apic movbe popcnt aes xsave avx rdrand hypervisor lahf_lm abm 3dnowprefetch invpcid_single pti fsgsbase avx2 invpcid rdseed clflushopt flush_l1d
bugs		: cpu_meltdown spectre_v1 spectre_v2 spec_store_bypass l1tf
bogomips	: 6191.98
clflush size	: 64
cache_alignment	: 64
address sizes	: 39 bits physical, 48 bits virtual
power management:



Memory: 4k page, physical 4039168k(84196k free), swap 483800k(0k free)

vm_info: Java HotSpot(TM) 64-Bit Server VM (25.201-b09) for linux-amd64 JRE (1.8.0_201-b09), built on Dec 15 2018 11:35:59 by "java_re" with gcc 7.3.0

time: Tue Mar 26 00:53:42 2019
timezone: EDT
elapsed time: 5 seconds (0d 0h 0m 5s)

