#
# There is insufficient memory for the Java Runtime Environment to continue.
# Native memory allocation (mmap) failed to map 32505856 bytes for committing reserved memory.
# Possible reasons:
#   The system is out of physical RAM or swap space
#   The process is running with CompressedOops enabled, and the Java Heap may be blocking the growth of the native heap
# Possible solutions:
#   Reduce memory load on the system
#   Increase physical memory or swap space
#   Check if swap backing store is full
#   Decrease Java heap size (-Xmx/-Xms)
#   Decrease number of Java threads
#   Decrease Java thread stack sizes (-Xss)
#   Set larger code cache with -XX:ReservedCodeCacheSize=
#   JVM is running with Unscaled Compressed Oops mode in which the Java heap is
#     placed in the first 4GB address space. The Java Heap base address is the
#     maximum limit for the native heap growth. Please use -XX:HeapBaseMinAddress
#     to set the Java Heap base and to place the Java Heap above 4GB virtual address.
# This output file may be truncated or incomplete.
#
#  Out of Memory Error (os_linux.cpp:2749), pid=6257, tid=0x00007f6813491700
#
# JRE version: Java(TM) SE Runtime Environment (8.0_201-b09) (build 1.8.0_201-b09)
# Java VM: Java HotSpot(TM) 64-Bit Server VM (25.201-b09 mixed mode linux-amd64 compressed oops)
# Failed to write core dump. Core dumps have been disabled. To enable core dumping, try "ulimit -c unlimited" before starting Java again
#

---------------  T H R E A D  ---------------

Current thread (0x00007f6828079800):  VMThread [stack: 0x00007f6813392000,0x00007f6813492000] [id=6320]

Stack: [0x00007f6813392000,0x00007f6813492000],  sp=0x00007f68134903f0,  free space=1016k
Native frames: (J=compiled Java code, j=interpreted, Vv=VM code, C=native code)
V  [libjvm.so+0xad3525]  VMError::report_and_die()+0x2e5
V  [libjvm.so+0x4e0457]  report_vm_out_of_memory(char const*, int, unsigned long, VMErrorType, char const*)+0x67
V  [libjvm.so+0x9102f0]  os::pd_commit_memory(char*, unsigned long, unsigned long, bool)+0x100
V  [libjvm.so+0x90791f]  os::commit_memory(char*, unsigned long, unsigned long, bool)+0x1f
V  [libjvm.so+0x98c806]  PSVirtualSpace::expand_by(unsigned long)+0x56
V  [libjvm.so+0x98da98]  PSYoungGen::resize(unsigned long, unsigned long)+0xd8
V  [libjvm.so+0x98a236]  PSScavenge::invoke_no_policy()+0x1376
V  [libjvm.so+0x98a5cc]  PSScavenge::invoke()+0x4c
V  [libjvm.so+0x93a318]  ParallelScavengeHeap::failed_mem_allocate(unsigned long)+0x68
V  [libjvm.so+0xad5073]  VM_ParallelGCFailedAllocation::doit()+0x93
V  [libjvm.so+0xada296]  VM_Operation::evaluate()+0x46
V  [libjvm.so+0xad85cd]  VMThread::evaluate_operation(VM_Operation*) [clone .constprop.44]+0xcd
V  [libjvm.so+0xad8bb3]  VMThread::loop()+0x3a3
V  [libjvm.so+0xad8f88]  VMThread::run()+0x78
V  [libjvm.so+0x90d922]  java_start(Thread*)+0x102

VM_Operation (0x00007f6831ad5560): ParallelGCFailedAllocation, mode: safepoint, requested by thread 0x00007f682800b800


---------------  P R O C E S S  ---------------

Java Threads: ( => current thread )
  0x00007f68280c2000 JavaThread "Service Thread" daemon [_thread_blocked, id=6358, stack(0x00007f68122bb000,0x00007f68123bc000)]
  0x00007f68280bf000 JavaThread "C1 CompilerThread2" daemon [_thread_blocked, id=6357, stack(0x00007f68123bd000,0x00007f68124bd000)]
  0x00007f68280bd800 JavaThread "C2 CompilerThread1" daemon [_thread_blocked, id=6356, stack(0x00007f68124be000,0x00007f68125be000)]
  0x00007f68280ba800 JavaThread "C2 CompilerThread0" daemon [_thread_blocked, id=6355, stack(0x00007f68125bf000,0x00007f68126bf000)]
  0x00007f68280b9000 JavaThread "Signal Dispatcher" daemon [_thread_blocked, id=6354, stack(0x00007f68126bf000,0x00007f68127c0000)]
  0x00007f6828086000 JavaThread "Finalizer" daemon [_thread_blocked, id=6332, stack(0x00007f681318f000,0x00007f6813290000)]
  0x00007f6828083800 JavaThread "Reference Handler" daemon [_thread_blocked, id=6328, stack(0x00007f6813290000,0x00007f6813391000)]
  0x00007f682800b800 JavaThread "main" [_thread_blocked, id=6305, stack(0x00007f68319da000,0x00007f6831ada000)]

Other Threads:
=>0x00007f6828079800 VMThread [stack: 0x00007f6813392000,0x00007f6813492000] [id=6320]
  0x00007f68280c5000 WatcherThread [stack: 0x00007f68121bb000,0x00007f68122bb000] [id=6359]

VM state:at safepoint (normal execution)

VM Mutex/Monitor currently owned by a thread:  ([mutex/lock_event])
[0x00007f6828007f60] Threads_lock - owner thread: 0x00007f6828079800
[0x00007f6828008460] Heap_lock - owner thread: 0x00007f682800b800

heap address: 0x00000000c2400000, size: 988 MB, Compressed Oops mode: 32-bit
Narrow klass base: 0x0000000000000000, Narrow klass shift: 3
Compressed class space size: 1073741824 Address: 0x0000000100000000

Heap:
 PSYoungGen      total 34304K, used 2560K [0x00000000eb700000, 0x00000000edb00000, 0x0000000100000000)
  eden space 31744K, 0% used [0x00000000eb700000,0x00000000eb700000,0x00000000ed600000)
  from space 2560K, 100% used [0x00000000ed600000,0x00000000ed880000,0x00000000ed880000)
  to   space 2560K, 0% used [0x00000000ed880000,0x00000000ed880000,0x00000000edb00000)
 ParOldGen       total 42496K, used 5455K [0x00000000c2400000, 0x00000000c4d80000, 0x00000000eb700000)
  object space 42496K, 12% used [0x00000000c2400000,0x00000000c2953f20,0x00000000c4d80000)
 Metaspace       used 11728K, capacity 11848K, committed 12160K, reserved 1060864K
  class space    used 1476K, capacity 1540K, committed 1664K, reserved 1048576K

Card table byte_map: [0x00007f682e4c6000,0x00007f682e6b5000] byte_map_base: 0x00007f682deb4000

Marking Bits: (ParMarkBitMap*) 0x00007f6830e82d80
 Begin Bits: [0x00007f682c098000, 0x00007f682d008000)
 End Bits:   [0x00007f682d008000, 0x00007f682df78000)

Polling page: 0x00007f6831af2000

CodeCache: size=245760Kb used=3812Kb max_used=3812Kb free=241947Kb
 bounds [0x00007f6819000000, 0x00007f68193c0000, 0x00007f6828000000]
 total_blobs=1332 nmethods=1030 adapters=215
 compilation: enabled

Compilation events (10 events):
Event: 5.360 Thread 0x00007f68280bf000 1027       3       com.google.inject.TypeLiteral::get (9 bytes)
Event: 5.360 Thread 0x00007f68280bf000 nmethod 1027 0x00007f68193b9690 code [0x00007f68193b9800, 0x00007f68193b99c8]
Event: 5.373 Thread 0x00007f68280bf000 1028       3       java.lang.Class::getAnnotation (22 bytes)
Event: 5.374 Thread 0x00007f68280bf000 nmethod 1028 0x00007f68193b8e90 code [0x00007f68193b9040, 0x00007f68193b94e8]
Event: 5.383 Thread 0x00007f68280bf000 1030       3       sun.reflect.annotation.AnnotationParser$1::run (40 bytes)
Event: 5.384 Thread 0x00007f68280bf000 nmethod 1030 0x00007f68193b73d0 code [0x00007f68193b7600, 0x00007f68193b8478]
Event: 5.384 Thread 0x00007f68280bf000 1031       3       java.util.Arrays$ArrayList::contains (15 bytes)
Event: 5.384 Thread 0x00007f68280bf000 nmethod 1031 0x00007f68193b6fd0 code [0x00007f68193b7140, 0x00007f68193b7328]
Event: 5.410 Thread 0x00007f68280bf000 1032       3       java.util.regex.Pattern$Curly::match0 (174 bytes)
Event: 5.411 Thread 0x00007f68280bf000 nmethod 1032 0x00007f68193b9f10 code [0x00007f68193ba100, 0x00007f68193bab18]

GC Heap History (5 events):
Event: 0.864 GC heap before
{Heap before GC invocations=1 (full 0):
 PSYoungGen      total 18432K, used 15872K [0x00000000eb700000, 0x00000000ecb80000, 0x0000000100000000)
  eden space 15872K, 100% used [0x00000000eb700000,0x00000000ec680000,0x00000000ec680000)
  from space 2560K, 0% used [0x00000000ec900000,0x00000000ec900000,0x00000000ecb80000)
  to   space 2560K, 0% used [0x00000000ec680000,0x00000000ec680000,0x00000000ec900000)
 ParOldGen       total 42496K, used 0K [0x00000000c2400000, 0x00000000c4d80000, 0x00000000eb700000)
  object space 42496K, 0% used [0x00000000c2400000,0x00000000c2400000,0x00000000c4d80000)
 Metaspace       used 6813K, capacity 6988K, committed 7040K, reserved 1056768K
  class space    used 809K, capacity 888K, committed 896K, reserved 1048576K
Event: 0.891 GC heap after
Heap after GC invocations=1 (full 0):
 PSYoungGen      total 18432K, used 2539K [0x00000000eb700000, 0x00000000edb00000, 0x0000000100000000)
  eden space 15872K, 0% used [0x00000000eb700000,0x00000000eb700000,0x00000000ec680000)
  from space 2560K, 99% used [0x00000000ec680000,0x00000000ec8fac08,0x00000000ec900000)
  to   space 2560K, 0% used [0x00000000ed880000,0x00000000ed880000,0x00000000edb00000)
 ParOldGen       total 42496K, used 962K [0x00000000c2400000, 0x00000000c4d80000, 0x00000000eb700000)
  object space 42496K, 2% used [0x00000000c2400000,0x00000000c24f0b58,0x00000000c4d80000)
 Metaspace       used 6813K, capacity 6988K, committed 7040K, reserved 1056768K
  class space    used 809K, capacity 888K, committed 896K, reserved 1048576K
}
Event: 2.060 GC heap before
{Heap before GC invocations=2 (full 0):
 PSYoungGen      total 18432K, used 18411K [0x00000000eb700000, 0x00000000edb00000, 0x0000000100000000)
  eden space 15872K, 100% used [0x00000000eb700000,0x00000000ec680000,0x00000000ec680000)
  from space 2560K, 99% used [0x00000000ec680000,0x00000000ec8fac08,0x00000000ec900000)
  to   space 2560K, 0% used [0x00000000ed880000,0x00000000ed880000,0x00000000edb00000)
 ParOldGen       total 42496K, used 962K [0x00000000c2400000, 0x00000000c4d80000, 0x00000000eb700000)
  object space 42496K, 2% used [0x00000000c2400000,0x00000000c24f0b58,0x00000000c4d80000)
 Metaspace       used 8066K, capacity 8220K, committed 8320K, reserved 1056768K
  class space    used 1005K, capacity 1080K, committed 1152K, reserved 1048576K
Event: 2.097 GC heap after
Heap after GC invocations=2 (full 0):
 PSYoungGen      total 34304K, used 2551K [0x00000000eb700000, 0x00000000edb00000, 0x0000000100000000)
  eden space 31744K, 0% used [0x00000000eb700000,0x00000000eb700000,0x00000000ed600000)
  from space 2560K, 99% used [0x00000000ed880000,0x00000000edafdeb0,0x00000000edb00000)
  to   space 2560K, 0% used [0x00000000ed600000,0x00000000ed600000,0x00000000ed880000)
 ParOldGen       total 42496K, used 1124K [0x00000000c2400000, 0x00000000c4d80000, 0x00000000eb700000)
  object space 42496K, 2% used [0x00000000c2400000,0x00000000c25193a0,0x00000000c4d80000)
 Metaspace       used 8066K, capacity 8220K, committed 8320K, reserved 1056768K
  class space    used 1005K, capacity 1080K, committed 1152K, reserved 1048576K
}
Event: 5.428 GC heap before
{Heap before GC invocations=3 (full 0):
 PSYoungGen      total 34304K, used 34295K [0x00000000eb700000, 0x00000000edb00000, 0x0000000100000000)
  eden space 31744K, 100% used [0x00000000eb700000,0x00000000ed600000,0x00000000ed600000)
  from space 2560K, 99% used [0x00000000ed880000,0x00000000edafdeb0,0x00000000edb00000)
  to   space 2560K, 0% used [0x00000000ed600000,0x00000000ed600000,0x00000000ed880000)
 ParOldGen       total 42496K, used 1124K [0x00000000c2400000, 0x00000000c4d80000, 0x00000000eb700000)
  object space 42496K, 2% used [0x00000000c2400000,0x00000000c25193a0,0x00000000c4d80000)
 Metaspace       used 11728K, capacity 11848K, committed 12160K, reserved 1060864K
  class space    used 1476K, capacity 1540K, committed 1664K, reserved 1048576K

Deoptimization events (5 events):
Event: 0.382 Thread 0x00007f682800b800 Uncommon trap: reason=unstable_if action=reinterpret pc=0x00007f681918c410 method=java.lang.String.replace(CC)Ljava/lang/String; @ 26
Event: 0.520 Thread 0x00007f682800b800 Uncommon trap: reason=unstable_if action=reinterpret pc=0x00007f681916bed4 method=java.lang.String.indexOf([CII[CIII)I @ 3
Event: 1.971 Thread 0x00007f682800b800 Uncommon trap: reason=range_check action=make_not_entrant pc=0x00007f6819243c80 method=sun.reflect.generics.parser.SignatureParser.current()C @ 34
Event: 2.409 Thread 0x00007f682800b800 Uncommon trap: reason=unstable_if action=reinterpret pc=0x00007f68192e11e8 method=java.util.HashMap.getNode(ILjava/lang/Object;)Ljava/util/HashMap$Node; @ 129
Event: 2.409 Thread 0x00007f682800b800 Uncommon trap: reason=unstable_if action=reinterpret pc=0x00007f681924651c method=java.util.HashMap.getNode(ILjava/lang/Object;)Ljava/util/HashMap$Node; @ 129

Classes redefined (0 events):
No events

Internal exceptions (10 events):
Event: 1.146 Thread 0x00007f682800b800 Exception <a 'java/lang/ArrayIndexOutOfBoundsException'> (0x00000000eb9bfb60) thrown at [/HUDSON/workspace/8-2-build-linux-amd64/jdk8u201/12317/hotspot/src/share/vm/runtime/sharedRuntime.cpp, line 605]
Event: 1.146 Thread 0x00007f682800b800 Exception <a 'java/lang/ArrayIndexOutOfBoundsException'> (0x00000000eb9c1248) thrown at [/HUDSON/workspace/8-2-build-linux-amd64/jdk8u201/12317/hotspot/src/share/vm/runtime/sharedRuntime.cpp, line 605]
Event: 1.146 Thread 0x00007f682800b800 Exception <a 'java/lang/ArrayIndexOutOfBoundsException'> (0x00000000eb9c3098) thrown at [/HUDSON/workspace/8-2-build-linux-amd64/jdk8u201/12317/hotspot/src/share/vm/runtime/sharedRuntime.cpp, line 605]
Event: 1.147 Thread 0x00007f682800b800 Exception <a 'java/lang/ArrayIndexOutOfBoundsException'> (0x00000000eb9c4d48) thrown at [/HUDSON/workspace/8-2-build-linux-amd64/jdk8u201/12317/hotspot/src/share/vm/runtime/sharedRuntime.cpp, line 605]
Event: 1.149 Thread 0x00007f682800b800 Exception <a 'java/lang/ArrayIndexOutOfBoundsException'> (0x00000000eb9c6488) thrown at [/HUDSON/workspace/8-2-build-linux-amd64/jdk8u201/12317/hotspot/src/share/vm/runtime/sharedRuntime.cpp, line 605]
Event: 1.149 Thread 0x00007f682800b800 Exception <a 'java/lang/ArrayIndexOutOfBoundsException'> (0x00000000eb9c7c50) thrown at [/HUDSON/workspace/8-2-build-linux-amd64/jdk8u201/12317/hotspot/src/share/vm/runtime/sharedRuntime.cpp, line 605]
Event: 1.149 Thread 0x00007f682800b800 Exception <a 'java/lang/ArrayIndexOutOfBoundsException'> (0x00000000eb9c99a0) thrown at [/HUDSON/workspace/8-2-build-linux-amd64/jdk8u201/12317/hotspot/src/share/vm/runtime/sharedRuntime.cpp, line 605]
Event: 1.149 Thread 0x00007f682800b800 Exception <a 'java/lang/ArrayIndexOutOfBoundsException'> (0x00000000eb9caef8) thrown at [/HUDSON/workspace/8-2-build-linux-amd64/jdk8u201/12317/hotspot/src/share/vm/runtime/sharedRuntime.cpp, line 605]
Event: 1.979 Thread 0x00007f682800b800 Exception <a 'java/lang/ArrayIndexOutOfBoundsException': 73> (0x00000000ec558b10) thrown at [/HUDSON/workspace/8-2-build-linux-amd64/jdk8u201/12317/hotspot/src/share/vm/interpreter/interpreterRuntime.cpp, line 368]
Event: 1.979 Thread 0x00007f682800b800 Exception <a 'java/lang/ArrayIndexOutOfBoundsException': 131> (0x00000000ec55a4b8) thrown at [/HUDSON/workspace/8-2-build-linux-amd64/jdk8u201/12317/hotspot/src/share/vm/interpreter/interpreterRuntime.cpp, line 368]

Events (10 events):
Event: 5.414 loading class com/google/inject/internal/cglib/core/$AbstractClassGenerator$ClassLoaderData$2 done
Event: 5.414 loading class com/google/inject/internal/cglib/core/$AbstractClassGenerator$ClassLoaderData$1
Event: 5.414 loading class com/google/inject/internal/cglib/core/$AbstractClassGenerator$ClassLoaderData$1 done
Event: 5.414 loading class com/google/inject/internal/cglib/core/$AbstractClassGenerator$ClassLoaderData$3
Event: 5.414 loading class com/google/inject/internal/cglib/core/$AbstractClassGenerator$ClassLoaderData$3 done
Event: 5.414 loading class com/google/inject/internal/cglib/core/internal/$LoadingCache
Event: 5.414 loading class com/google/inject/internal/cglib/core/internal/$LoadingCache done
Event: 5.414 loading class com/google/inject/internal/cglib/core/internal/$LoadingCache$1
Event: 5.414 loading class com/google/inject/internal/cglib/core/internal/$LoadingCache$1 done
Event: 5.423 Executing VM operation: ParallelGCFailedAllocation


Dynamic libraries:
00400000-00401000 r-xp 00000000 08:01 40676                              /usr/lib/jvm/java-8-oracle/bin/java
00600000-00601000 r--p 00000000 08:01 40676                              /usr/lib/jvm/java-8-oracle/bin/java
00601000-00602000 rw-p 00001000 08:01 40676                              /usr/lib/jvm/java-8-oracle/bin/java
0152d000-0154e000 rw-p 00000000 00:00 0                                  [heap]
c2400000-c4d80000 rw-p 00000000 00:00 0 
c4d80000-eb700000 ---p 00000000 00:00 0 
eb700000-edb00000 rw-p 00000000 00:00 0 
efa00000-100000000 ---p 00000000 00:00 0 
100000000-1001a0000 rw-p 00000000 00:00 0 
1001a0000-140000000 ---p 00000000 00:00 0 
7f67dc000000-7f67dc353000 rw-p 00000000 00:00 0 
7f67dc353000-7f67e0000000 ---p 00000000 00:00 0 
7f67e0000000-7f67e0021000 rw-p 00000000 00:00 0 
7f67e0021000-7f67e4000000 ---p 00000000 00:00 0 
7f67e4000000-7f67e44a3000 rw-p 00000000 00:00 0 
7f67e44a3000-7f67e8000000 ---p 00000000 00:00 0 
7f67e8000000-7f67e8021000 rw-p 00000000 00:00 0 
7f67e8021000-7f67ec000000 ---p 00000000 00:00 0 
7f67ec000000-7f67ec021000 rw-p 00000000 00:00 0 
7f67ec021000-7f67f0000000 ---p 00000000 00:00 0 
7f67f0000000-7f67f02d4000 rw-p 00000000 00:00 0 
7f67f02d4000-7f67f4000000 ---p 00000000 00:00 0 
7f67f4000000-7f67f4021000 rw-p 00000000 00:00 0 
7f67f4021000-7f67f8000000 ---p 00000000 00:00 0 
7f67f8000000-7f67f8021000 rw-p 00000000 00:00 0 
7f67f8021000-7f67fc000000 ---p 00000000 00:00 0 
7f67fc000000-7f67fc021000 rw-p 00000000 00:00 0 
7f67fc021000-7f6800000000 ---p 00000000 00:00 0 
7f6800000000-7f680029c000 rw-p 00000000 00:00 0 
7f680029c000-7f6804000000 ---p 00000000 00:00 0 
7f6804000000-7f6804021000 rw-p 00000000 00:00 0 
7f6804021000-7f6808000000 ---p 00000000 00:00 0 
7f680c000000-7f680c021000 rw-p 00000000 00:00 0 
7f680c021000-7f6810000000 ---p 00000000 00:00 0 
7f6811cf4000-7f6811d34000 rw-p 00000000 00:00 0 
7f6811d34000-7f6811ef4000 ---p 00000000 00:00 0 
7f6811ef4000-7f68120f4000 rw-p 00000000 00:00 0 
7f68120f4000-7f68120f6000 r--s 00000000 08:01 299313                     /usr/share/java/plexus-component-annotations.jar
7f68120f6000-7f68120f9000 r--s 00015000 08:01 299367                     /usr/share/java/maven3-embedder.jar
7f68120f9000-7f68120fe000 r--s 00030000 08:01 299069                     /usr/share/java/commons-io.jar
7f68120fe000-7f68120ff000 r--s 00001000 08:01 299027                     /usr/share/java/geronimo-interceptor-3.0-spec.jar
7f68120ff000-7f6812100000 r--s 00000000 08:01 299012                     /usr/share/java/atinject-jsr330-api-1.0.jar
7f6812100000-7f6812103000 r--s 0000e000 08:01 299032                     /usr/share/java/cdi-api.jar
7f6812103000-7f6812105000 r--s 0000e000 08:01 299372                     /usr/share/java/maven3-resolver-provider.jar
7f6812105000-7f6812109000 r--s 0001f000 08:01 299277                     /usr/share/java/maven-resolver-api.jar
7f6812109000-7f681210d000 r--s 0003b000 08:01 299267                     /usr/share/java/plexus-utils2.jar
7f681210d000-7f681210e000 r--s 0000a000 08:01 299374                     /usr/share/java/maven3-settings.jar
7f681210e000-7f6812110000 r--s 0000b000 08:01 299272                     /usr/share/java/wagon-provider-api.jar
7f6812110000-7f6812116000 r--s 0002d000 08:01 299357                     /usr/share/java/sisu-plexus.jar
7f6812116000-7f6812117000 r--s 00000000 08:01 299012                     /usr/share/java/atinject-jsr330-api-1.0.jar
7f6812117000-7f681211f000 r--s 0006d000 08:01 299082                     /usr/share/java/commons-lang3.jar
7f681211f000-7f6812120000 r--s 00002000 08:01 299087                     /usr/share/java/geronimo-annotation-1.3-spec.jar
7f6812120000-7f6812127000 r--s 00054000 08:01 299352                     /usr/share/java/sisu-inject.jar
7f6812127000-7f6812129000 r--s 0000a000 08:01 299052                     /usr/share/java/commons-cli.jar
7f6812129000-7f681212b000 r--s 00003000 08:01 299329                     /usr/share/java/jcl-over-slf4j.jar
7f681212b000-7f681212d000 r--s 00006000 08:01 299280                     /usr/share/java/maven-resolver-spi.jar
7f681212d000-7f6812134000 r--s 00042000 08:01 299365                     /usr/share/java/maven3-compat.jar
7f6812134000-7f6812136000 r--s 00008000 08:01 299373                     /usr/share/java/maven3-settings-builder.jar
7f6812136000-7f6812138000 r--s 00009000 08:01 299332                     /usr/share/java/slf4j-api.jar
7f6812138000-7f681213b000 r--s 0000a000 08:01 299363                     /usr/share/java/maven3-artifact.jar
7f681213b000-7f6812148000 r--s 0008d000 08:01 299366                     /usr/share/java/maven3-core.jar
7f6812148000-7f681214c000 r--s 00028000 08:01 299279                     /usr/share/java/maven-resolver-impl.jar
7f681214c000-7f6812151000 r--s 00026000 08:01 299368                     /usr/share/java/maven3-model-builder.jar
7f6812151000-7f6812152000 r--s 00002000 08:01 299364                     /usr/share/java/maven3-builder-support.jar
7f6812152000-7f6812153000 r--s 00003000 08:01 299303                     /usr/share/java/plexus-cipher.jar
7f6812153000-7f6812161000 r--s 0009a000 08:01 299155                     /usr/share/java/guice.jar
7f6812161000-7f681218e000 r--s 001ce000 08:01 299410                     /usr/share/java/wagon-http-shaded-3.0.0.jar
7f681218e000-7f68121ba000 r--s 00208000 08:01 299113                     /usr/share/java/guava.jar
7f68121ba000-7f68121bb000 ---p 00000000 00:00 0 
7f68121bb000-7f68122bb000 rw-p 00000000 00:00 0 
7f68122bb000-7f68122be000 ---p 00000000 00:00 0 
7f68122be000-7f68123bc000 rw-p 00000000 00:00 0 
7f68123bc000-7f68123bd000 ---p 00000000 00:00 0 
7f68123bd000-7f68123c0000 ---p 00000000 00:00 0 
7f68123c0000-7f68124bd000 rw-p 00000000 00:00 0 
7f68124bd000-7f68124be000 ---p 00000000 00:00 0 
7f68124be000-7f68124c1000 ---p 00000000 00:00 0 
7f68124c1000-7f68125be000 rw-p 00000000 00:00 0 
7f68125be000-7f68125bf000 ---p 00000000 00:00 0 
7f68125bf000-7f68125c2000 ---p 00000000 00:00 0 
7f68125c2000-7f68126bf000 rw-p 00000000 00:00 0 
7f68126bf000-7f68126c2000 ---p 00000000 00:00 0 
7f68126c2000-7f68127c0000 rw-p 00000000 00:00 0 
7f68127c0000-7f681318f000 r--p 00000000 08:01 3870                       /usr/lib/locale/locale-archive
7f681318f000-7f6813192000 ---p 00000000 00:00 0 
7f6813192000-7f6813290000 rw-p 00000000 00:00 0 
7f6813290000-7f6813293000 ---p 00000000 00:00 0 
7f6813293000-7f6813391000 rw-p 00000000 00:00 0 
7f6813391000-7f6813392000 ---p 00000000 00:00 0 
7f6813392000-7f6814000000 rw-p 00000000 00:00 0 
7f6814000000-7f6814021000 rw-p 00000000 00:00 0 
7f6814021000-7f6818000000 ---p 00000000 00:00 0 
7f6818000000-7f6818002000 r--s 00006000 08:01 299324                     /usr/share/java/plexus-sec-dispatcher.jar
7f6818002000-7f6818004000 r--s 0000a000 08:01 299370                     /usr/share/java/maven3-plugin-api.jar
7f6818004000-7f6818006000 r--s 00005000 08:01 299284                     /usr/share/java/maven-resolver-transport-wagon.jar
7f6818006000-7f6818008000 r--s 00008000 08:01 299278                     /usr/share/java/maven-resolver-connector-basic.jar
7f6818008000-7f681800a000 r--s 00001000 08:01 299134                     /usr/share/java/aopalliance-1.0.jar
7f681800a000-7f681800c000 r--s 00007000 08:01 299259                     /usr/share/java/jansi.jar
7f681800c000-7f681800f000 r--s 00027000 08:01 299369                     /usr/share/java/maven3-model.jar
7f681800f000-7f6818013000 r--s 00022000 08:01 299285                     /usr/share/java/maven-resolver-util.jar
7f6818013000-7f6818438000 rw-p 00000000 00:00 0 
7f6818438000-7f6818612000 r--s 03d6f000 08:01 42288                      /usr/lib/jvm/java-8-oracle/jre/lib/rt.jar
7f6818612000-7f6819000000 rw-p 00000000 00:00 0 
7f6819000000-7f68193c0000 rwxp 00000000 00:00 0 
7f68193c0000-7f6828000000 ---p 00000000 00:00 0 
7f6828000000-7f6828837000 rw-p 00000000 00:00 0 
7f6828837000-7f682c000000 ---p 00000000 00:00 0 
7f682c000000-7f682c001000 r--s 00004000 08:01 299375                     /usr/share/java/maven3-slf4j-provider.jar
7f682c001000-7f682df78000 rw-p 00000000 00:00 0 
7f682df78000-7f682df79000 ---p 00000000 00:00 0 
7f682df79000-7f682e079000 rw-p 00000000 00:00 0 
7f682e079000-7f682e07a000 ---p 00000000 00:00 0 
7f682e07a000-7f682e17a000 rw-p 00000000 00:00 0 
7f682e17a000-7f682e17b000 ---p 00000000 00:00 0 
7f682e17b000-7f682e27b000 rw-p 00000000 00:00 0 
7f682e27b000-7f682e27c000 ---p 00000000 00:00 0 
7f682e27c000-7f682e391000 rw-p 00000000 00:00 0 
7f682e391000-7f682e4c6000 ---p 00000000 00:00 0 
7f682e4c6000-7f682e4db000 rw-p 00000000 00:00 0 
7f682e4db000-7f682e60f000 ---p 00000000 00:00 0 
7f682e60f000-7f682e622000 rw-p 00000000 00:00 0 
7f682e622000-7f682e6b4000 ---p 00000000 00:00 0 
7f682e6b4000-7f682e6c4000 rw-p 00000000 00:00 0 
7f682e6c4000-7f682ea75000 ---p 00000000 00:00 0 
7f682ea75000-7f682ea90000 r-xp 00000000 08:01 42578                      /usr/lib/jvm/java-8-oracle/jre/lib/amd64/libzip.so
7f682ea90000-7f682ec8f000 ---p 0001b000 08:01 42578                      /usr/lib/jvm/java-8-oracle/jre/lib/amd64/libzip.so
7f682ec8f000-7f682ec90000 r--p 0001a000 08:01 42578                      /usr/lib/jvm/java-8-oracle/jre/lib/amd64/libzip.so
7f682ec90000-7f682ec91000 rw-p 0001b000 08:01 42578                      /usr/lib/jvm/java-8-oracle/jre/lib/amd64/libzip.so
7f682ec91000-7f682ec9c000 r-xp 00000000 08:01 400137                     /lib/x86_64-linux-gnu/libnss_files-2.27.so
7f682ec9c000-7f682ee9b000 ---p 0000b000 08:01 400137                     /lib/x86_64-linux-gnu/libnss_files-2.27.so
7f682ee9b000-7f682ee9c000 r--p 0000a000 08:01 400137                     /lib/x86_64-linux-gnu/libnss_files-2.27.so
7f682ee9c000-7f682ee9d000 rw-p 0000b000 08:01 400137                     /lib/x86_64-linux-gnu/libnss_files-2.27.so
7f682ee9d000-7f682eea3000 rw-p 00000000 00:00 0 
7f682eea3000-7f682eeba000 r-xp 00000000 08:01 400131                     /lib/x86_64-linux-gnu/libnsl-2.27.so
7f682eeba000-7f682f0b9000 ---p 00017000 08:01 400131                     /lib/x86_64-linux-gnu/libnsl-2.27.so
7f682f0b9000-7f682f0ba000 r--p 00016000 08:01 400131                     /lib/x86_64-linux-gnu/libnsl-2.27.so
7f682f0ba000-7f682f0bb000 rw-p 00017000 08:01 400131                     /lib/x86_64-linux-gnu/libnsl-2.27.so
7f682f0bb000-7f682f0bd000 rw-p 00000000 00:00 0 
7f682f0bd000-7f682f0c8000 r-xp 00000000 08:01 400148                     /lib/x86_64-linux-gnu/libnss_nis-2.27.so
7f682f0c8000-7f682f2c7000 ---p 0000b000 08:01 400148                     /lib/x86_64-linux-gnu/libnss_nis-2.27.so
7f682f2c7000-7f682f2c8000 r--p 0000a000 08:01 400148                     /lib/x86_64-linux-gnu/libnss_nis-2.27.so
7f682f2c8000-7f682f2c9000 rw-p 0000b000 08:01 400148                     /lib/x86_64-linux-gnu/libnss_nis-2.27.so
7f682f2c9000-7f682f2d1000 r-xp 00000000 08:01 400133                     /lib/x86_64-linux-gnu/libnss_compat-2.27.so
7f682f2d1000-7f682f4d1000 ---p 00008000 08:01 400133                     /lib/x86_64-linux-gnu/libnss_compat-2.27.so
7f682f4d1000-7f682f4d2000 r--p 00008000 08:01 400133                     /lib/x86_64-linux-gnu/libnss_compat-2.27.so
7f682f4d2000-7f682f4d3000 rw-p 00009000 08:01 400133                     /lib/x86_64-linux-gnu/libnss_compat-2.27.so
7f682f4d3000-7f682f4ff000 r-xp 00000000 08:01 42572                      /usr/lib/jvm/java-8-oracle/jre/lib/amd64/libjava.so
7f682f4ff000-7f682f6ff000 ---p 0002c000 08:01 42572                      /usr/lib/jvm/java-8-oracle/jre/lib/amd64/libjava.so
7f682f6ff000-7f682f700000 r--p 0002c000 08:01 42572                      /usr/lib/jvm/java-8-oracle/jre/lib/amd64/libjava.so
7f682f700000-7f682f702000 rw-p 0002d000 08:01 42572                      /usr/lib/jvm/java-8-oracle/jre/lib/amd64/libjava.so
7f682f702000-7f682f70f000 r-xp 00000000 08:01 42577                      /usr/lib/jvm/java-8-oracle/jre/lib/amd64/libverify.so
7f682f70f000-7f682f90e000 ---p 0000d000 08:01 42577                      /usr/lib/jvm/java-8-oracle/jre/lib/amd64/libverify.so
7f682f90e000-7f682f910000 r--p 0000c000 08:01 42577                      /usr/lib/jvm/java-8-oracle/jre/lib/amd64/libverify.so
7f682f910000-7f682f911000 rw-p 0000e000 08:01 42577                      /usr/lib/jvm/java-8-oracle/jre/lib/amd64/libverify.so
7f682f911000-7f682f918000 r-xp 00000000 08:01 400188                     /lib/x86_64-linux-gnu/librt-2.27.so
7f682f918000-7f682fb17000 ---p 00007000 08:01 400188                     /lib/x86_64-linux-gnu/librt-2.27.so
7f682fb17000-7f682fb18000 r--p 00006000 08:01 400188                     /lib/x86_64-linux-gnu/librt-2.27.so
7f682fb18000-7f682fb19000 rw-p 00007000 08:01 400188                     /lib/x86_64-linux-gnu/librt-2.27.so
7f682fb19000-7f682fcb6000 r-xp 00000000 08:01 400110                     /lib/x86_64-linux-gnu/libm-2.27.so
7f682fcb6000-7f682feb5000 ---p 0019d000 08:01 400110                     /lib/x86_64-linux-gnu/libm-2.27.so
7f682feb5000-7f682feb6000 r--p 0019c000 08:01 400110                     /lib/x86_64-linux-gnu/libm-2.27.so
7f682feb6000-7f682feb7000 rw-p 0019d000 08:01 400110                     /lib/x86_64-linux-gnu/libm-2.27.so
7f682feb7000-7f6830b9f000 r-xp 00000000 08:01 42600                      /usr/lib/jvm/java-8-oracle/jre/lib/amd64/server/libjvm.so
7f6830b9f000-7f6830d9e000 ---p 00ce8000 08:01 42600                      /usr/lib/jvm/java-8-oracle/jre/lib/amd64/server/libjvm.so
7f6830d9e000-7f6830e34000 r--p 00ce7000 08:01 42600                      /usr/lib/jvm/java-8-oracle/jre/lib/amd64/server/libjvm.so
7f6830e34000-7f6830e65000 rw-p 00d7d000 08:01 42600                      /usr/lib/jvm/java-8-oracle/jre/lib/amd64/server/libjvm.so
7f6830e65000-7f6830ea0000 rw-p 00000000 00:00 0 
7f6830ea0000-7f6831087000 r-xp 00000000 08:01 400047                     /lib/x86_64-linux-gnu/libc-2.27.so
7f6831087000-7f6831287000 ---p 001e7000 08:01 400047                     /lib/x86_64-linux-gnu/libc-2.27.so
7f6831287000-7f683128b000 r--p 001e7000 08:01 400047                     /lib/x86_64-linux-gnu/libc-2.27.so
7f683128b000-7f683128d000 rw-p 001eb000 08:01 400047                     /lib/x86_64-linux-gnu/libc-2.27.so
7f683128d000-7f6831291000 rw-p 00000000 00:00 0 
7f6831291000-7f6831294000 r-xp 00000000 08:01 400070                     /lib/x86_64-linux-gnu/libdl-2.27.so
7f6831294000-7f6831493000 ---p 00003000 08:01 400070                     /lib/x86_64-linux-gnu/libdl-2.27.so
7f6831493000-7f6831494000 r--p 00002000 08:01 400070                     /lib/x86_64-linux-gnu/libdl-2.27.so
7f6831494000-7f6831495000 rw-p 00003000 08:01 400070                     /lib/x86_64-linux-gnu/libdl-2.27.so
7f6831495000-7f68314ac000 r-xp 00000000 08:01 42223                      /usr/lib/jvm/java-8-oracle/lib/amd64/jli/libjli.so
7f68314ac000-7f68316ab000 ---p 00017000 08:01 42223                      /usr/lib/jvm/java-8-oracle/lib/amd64/jli/libjli.so
7f68316ab000-7f68316ac000 r--p 00016000 08:01 42223                      /usr/lib/jvm/java-8-oracle/lib/amd64/jli/libjli.so
7f68316ac000-7f68316ad000 rw-p 00017000 08:01 42223                      /usr/lib/jvm/java-8-oracle/lib/amd64/jli/libjli.so
7f68316ad000-7f68316c7000 r-xp 00000000 08:01 400180                     /lib/x86_64-linux-gnu/libpthread-2.27.so
7f68316c7000-7f68318c6000 ---p 0001a000 08:01 400180                     /lib/x86_64-linux-gnu/libpthread-2.27.so
7f68318c6000-7f68318c7000 r--p 00019000 08:01 400180                     /lib/x86_64-linux-gnu/libpthread-2.27.so
7f68318c7000-7f68318c8000 rw-p 0001a000 08:01 400180                     /lib/x86_64-linux-gnu/libpthread-2.27.so
7f68318c8000-7f68318cc000 rw-p 00000000 00:00 0 
7f68318cc000-7f68318f3000 r-xp 00000000 08:01 400019                     /lib/x86_64-linux-gnu/ld-2.27.so
7f68318f3000-7f68319d9000 rw-p 00000000 00:00 0 
7f68319d9000-7f68319da000 ---p 00000000 00:00 0 
7f68319da000-7f68319dd000 ---p 00000000 00:00 0 
7f68319dd000-7f6831ade000 rw-p 00000000 00:00 0 
7f6831ade000-7f6831adf000 r--s 00001000 08:01 299404                     /usr/share/java/wagon-file.jar
7f6831adf000-7f6831ae0000 r--s 00006000 08:01 299371                     /usr/share/java/maven3-repository-metadata.jar
7f6831ae0000-7f6831ae3000 r--s 00011000 08:01 299319                     /usr/share/java/plexus-interpolation.jar
7f6831ae3000-7f6831ae7000 r--s 00023000 08:01 299298                     /usr/share/java/maven-shared-utils.jar
7f6831ae7000-7f6831ae9000 r--s 0000b000 08:01 299308                     /usr/share/java/plexus-classworlds.jar
7f6831ae9000-7f6831af1000 rw-s 00000000 08:01 9154                       /tmp/hsperfdata_ryro/6257
7f6831af1000-7f6831af2000 rw-p 00000000 00:00 0 
7f6831af2000-7f6831af3000 ---p 00000000 00:00 0 
7f6831af3000-7f6831af4000 r--p 00027000 08:01 400019                     /lib/x86_64-linux-gnu/ld-2.27.so
7f6831af4000-7f6831af5000 rw-p 00028000 08:01 400019                     /lib/x86_64-linux-gnu/ld-2.27.so
7f6831af5000-7f6831af6000 rw-p 00000000 00:00 0 
7fff55615000-7fff55637000 rw-p 00000000 00:00 0                          [stack]
7fff55778000-7fff5577b000 r--p 00000000 00:00 0                          [vvar]
7fff5577b000-7fff5577d000 r-xp 00000000 00:00 0                          [vdso]
ffffffffff600000-ffffffffff601000 r-xp 00000000 00:00 0                  [vsyscall]

VM Arguments:
jvm_args: -Dclassworlds.conf=/usr/share/maven/bin/m2.conf -Dmaven.home=/usr/share/maven -Dlibrary.jansi.path=/usr/share/maven/lib/jansi-native -Dmaven.multiModuleProjectDirectory=/home/ryro/capstone/Chronos/explorer 
java_command: org.codehaus.plexus.classworlds.launcher.Launcher help:effective-pom -Doutput=/home/ryro/.config/Code/User/workspaceStorage/d95e7915f856a928f864fc4a0edbf4bc/vscjava.vscode-maven/acb05fd1b6eea05f304ca1d7d96fa9c7 -f /home/ryro/capstone/Chronos/explorer/pom.xml
java_class_path (initial): /usr/share/maven/boot/plexus-classworlds-2.x.jar
Launcher Type: SUN_STANDARD

Environment Variables:
JAVA_HOME=/usr/lib/jvm/java-8-oracle
PATH=/usr/local/sbin:/usr/local/bin:/usr/sbin:/usr/bin:/sbin:/bin:/usr/games:/usr/local/games:/snap/bin:/usr/lib/jvm/java-8-oracle/bin:/usr/lib/jvm/java-8-oracle/db/bin:/usr/lib/jvm/java-8-oracle/jre/bin
USERNAME=ryro
SHELL=/bin/bash
DISPLAY=:0

Signal Handlers:
SIGSEGV: [libjvm.so+0xad3e60], sa_mask[0]=11111111011111111101111111111110, sa_flags=SA_RESTART|SA_SIGINFO
SIGBUS: [libjvm.so+0xad3e60], sa_mask[0]=11111111011111111101111111111110, sa_flags=SA_RESTART|SA_SIGINFO
SIGFPE: [libjvm.so+0x90b880], sa_mask[0]=11111111011111111101111111111110, sa_flags=SA_RESTART|SA_SIGINFO
SIGPIPE: [libjvm.so+0x90b880], sa_mask[0]=11111111011111111101111111111110, sa_flags=SA_RESTART|SA_SIGINFO
SIGXFSZ: [libjvm.so+0x90b880], sa_mask[0]=11111111011111111101111111111110, sa_flags=SA_RESTART|SA_SIGINFO
SIGILL: [libjvm.so+0x90b880], sa_mask[0]=11111111011111111101111111111110, sa_flags=SA_RESTART|SA_SIGINFO
SIGUSR1: SIG_DFL, sa_mask[0]=00000000000000000000000000000000, sa_flags=none
SIGUSR2: [libjvm.so+0x90b750], sa_mask[0]=00000000000000000000000000000000, sa_flags=SA_RESTART|SA_SIGINFO
SIGHUP: [libjvm.so+0x90bd70], sa_mask[0]=11111111011111111101111111111110, sa_flags=SA_RESTART|SA_SIGINFO
SIGINT: [libjvm.so+0x90bd70], sa_mask[0]=11111111011111111101111111111110, sa_flags=SA_RESTART|SA_SIGINFO
SIGTERM: [libjvm.so+0x90bd70], sa_mask[0]=11111111011111111101111111111110, sa_flags=SA_RESTART|SA_SIGINFO
SIGQUIT: [libjvm.so+0x90bd70], sa_mask[0]=11111111011111111101111111111110, sa_flags=SA_RESTART|SA_SIGINFO


---------------  S Y S T E M  ---------------

OS:DISTRIB_ID=Ubuntu
DISTRIB_RELEASE=18.04
DISTRIB_CODENAME=bionic
DISTRIB_DESCRIPTION="Ubuntu 18.04.2 LTS"

uname:Linux 4.15.0-46-generic #49-Ubuntu SMP Wed Feb 6 09:33:07 UTC 2019 x86_64
libc:glibc 2.27 NPTL 2.27 
rlimit: STACK 8192k, CORE 0k, NPROC 15541, NOFILE 4096, AS infinity
load average:5.89 1.83 0.98

/proc/meminfo:
MemTotal:        4039168 kB
MemFree:           88212 kB
MemAvailable:          0 kB
Buffers:             528 kB
Cached:          1891616 kB
SwapCached:         8056 kB
Active:          3118012 kB
Inactive:         663904 kB
Active(anon):    3115256 kB
Inactive(anon):   660984 kB
Active(file):       2756 kB
Inactive(file):     2920 kB
Unevictable:          32 kB
Mlocked:              32 kB
SwapTotal:        483800 kB
SwapFree:              0 kB
Dirty:               100 kB
Writeback:           612 kB
AnonPages:       1881880 kB
Mapped:          1865080 kB
Shmem:           1886360 kB
Slab:              72188 kB
SReclaimable:      32484 kB
SUnreclaim:        39704 kB
KernelStack:       11088 kB
PageTables:        46464 kB
NFS_Unstable:          0 kB
Bounce:                0 kB
WritebackTmp:          0 kB
CommitLimit:     2503384 kB
Committed_AS:    8701488 kB
VmallocTotal:   34359738367 kB
VmallocUsed:           0 kB
VmallocChunk:          0 kB
HardwareCorrupted:     0 kB
AnonHugePages:         0 kB
ShmemHugePages:        0 kB
ShmemPmdMapped:        0 kB
CmaTotal:              0 kB
CmaFree:               0 kB
HugePages_Total:       0
HugePages_Free:        0
HugePages_Rsvd:        0
HugePages_Surp:        0
Hugepagesize:       2048 kB
DirectMap4k:      112576 kB
DirectMap2M:     4081664 kB

container (cgroup) information:
container_type: cgroupv1
cpu_cpuset_cpus: 0-3
cpu_memory_nodes: 0
active_processor_count: 4
cpu_quota: -1
cpu_period: 100000
cpu_shares: -1
memory_limit_in_bytes: -1
memory_and_swap_limit_in_bytes: -2
memory_soft_limit_in_bytes: -1
memory_usage_in_bytes: 3872825344
memory_max_usage_in_bytes: 1994752


CPU:total 4 (initial active 4) (4 cores per cpu, 1 threads per core) family 6 model 158 stepping 9, cmov, cx8, fxsr, mmx, sse, sse2, sse3, ssse3, sse4.1, sse4.2, popcnt, avx, avx2, aes, clmul, 3dnowpref, lzcnt, tsc, tscinvbit

/proc/cpuinfo:
processor	: 0
vendor_id	: GenuineIntel
cpu family	: 6
model		: 158
model name	: Intel(R) Core(TM) i7-8705G CPU @ 3.10GHz
stepping	: 9
cpu MHz		: 3095.994
cache size	: 8192 KB
physical id	: 0
siblings	: 4
core id		: 0
cpu cores	: 4
apicid		: 0
initial apicid	: 0
fpu		: yes
fpu_exception	: yes
cpuid level	: 22
wp		: yes
flags		: fpu vme de pse tsc msr pae mce cx8 apic sep mtrr pge mca cmov pat pse36 clflush mmx fxsr sse sse2 ht syscall nx rdtscp lm constant_tsc rep_good nopl xtopology nonstop_tsc cpuid pni pclmulqdq ssse3 cx16 pcid sse4_1 sse4_2 x2apic movbe popcnt aes xsave avx rdrand hypervisor lahf_lm abm 3dnowprefetch invpcid_single pti fsgsbase avx2 invpcid rdseed clflushopt flush_l1d
bugs		: cpu_meltdown spectre_v1 spectre_v2 spec_store_bypass l1tf
bogomips	: 6191.98
clflush size	: 64
cache_alignment	: 64
address sizes	: 39 bits physical, 48 bits virtual
power management:

processor	: 1
vendor_id	: GenuineIntel
cpu family	: 6
model		: 158
model name	: Intel(R) Core(TM) i7-8705G CPU @ 3.10GHz
stepping	: 9
cpu MHz		: 3095.994
cache size	: 8192 KB
physical id	: 0
siblings	: 4
core id		: 1
cpu cores	: 4
apicid		: 1
initial apicid	: 1
fpu		: yes
fpu_exception	: yes
cpuid level	: 22
wp		: yes
flags		: fpu vme de pse tsc msr pae mce cx8 apic sep mtrr pge mca cmov pat pse36 clflush mmx fxsr sse sse2 ht syscall nx rdtscp lm constant_tsc rep_good nopl xtopology nonstop_tsc cpuid pni pclmulqdq ssse3 cx16 pcid sse4_1 sse4_2 x2apic movbe popcnt aes xsave avx rdrand hypervisor lahf_lm abm 3dnowprefetch invpcid_single pti fsgsbase avx2 invpcid rdseed clflushopt flush_l1d
bugs		: cpu_meltdown spectre_v1 spectre_v2 spec_store_bypass l1tf
bogomips	: 6191.98
clflush size	: 64
cache_alignment	: 64
address sizes	: 39 bits physical, 48 bits virtual
power management:

processor	: 2
vendor_id	: GenuineIntel
cpu family	: 6
model		: 158
model name	: Intel(R) Core(TM) i7-8705G CPU @ 3.10GHz
stepping	: 9
cpu MHz		: 3095.994
cache size	: 8192 KB
physical id	: 0
siblings	: 4
core id		: 2
cpu cores	: 4
apicid		: 2
initial apicid	: 2
fpu		: yes
fpu_exception	: yes
cpuid level	: 22
wp		: yes
flags		: fpu vme de pse tsc msr pae mce cx8 apic sep mtrr pge mca cmov pat pse36 clflush mmx fxsr sse sse2 ht syscall nx rdtscp lm constant_tsc rep_good nopl xtopology nonstop_tsc cpuid pni pclmulqdq ssse3 cx16 pcid sse4_1 sse4_2 x2apic movbe popcnt aes xsave avx rdrand hypervisor lahf_lm abm 3dnowprefetch invpcid_single pti fsgsbase avx2 invpcid rdseed clflushopt flush_l1d
bugs		: cpu_meltdown spectre_v1 spectre_v2 spec_store_bypass l1tf
bogomips	: 6191.98
clflush size	: 64
cache_alignment	: 64
address sizes	: 39 bits physical, 48 bits virtual
power management:

processor	: 3
vendor_id	: GenuineIntel
cpu family	: 6
model		: 158
model name	: Intel(R) Core(TM) i7-8705G CPU @ 3.10GHz
stepping	: 9
cpu MHz		: 3095.994
cache size	: 8192 KB
physical id	: 0
siblings	: 4
core id		: 3
cpu cores	: 4
apicid		: 3
initial apicid	: 3
fpu		: yes
fpu_exception	: yes
cpuid level	: 22
wp		: yes
flags		: fpu vme de pse tsc msr pae mce cx8 apic sep mtrr pge mca cmov pat pse36 clflush mmx fxsr sse sse2 ht syscall nx rdtscp lm constant_tsc rep_good nopl xtopology nonstop_tsc cpuid pni pclmulqdq ssse3 cx16 pcid sse4_1 sse4_2 x2apic movbe popcnt aes xsave avx rdrand hypervisor lahf_lm abm 3dnowprefetch invpcid_single pti fsgsbase avx2 invpcid rdseed clflushopt flush_l1d
bugs		: cpu_meltdown spectre_v1 spectre_v2 spec_store_bypass l1tf
bogomips	: 6191.98
clflush size	: 64
cache_alignment	: 64
address sizes	: 39 bits physical, 48 bits virtual
power management:



Memory: 4k page, physical 4039168k(85692k free), swap 483800k(0k free)

vm_info: Java HotSpot(TM) 64-Bit Server VM (25.201-b09) for linux-amd64 JRE (1.8.0_201-b09), built on Dec 15 2018 11:35:59 by "java_re" with gcc 7.3.0

time: Tue Mar 26 00:53:44 2019
timezone: EDT
elapsed time: 7 seconds (0d 0h 0m 7s)

